<?xml version="1.0" encoding="UTF-8" standalone="no"?><testsuite errors="1" failures="0" name="Manage User Route" skipped="0" tests="1" time="14.72" timestamp="2024-06-26 03:34:09"><testcase name="Successful to detail route page with click right button"><error message="stale element reference: stale element not found in the current frame&#10;  (Session info: chrome=124.0.6367.207)&#10;For documentation on this error, please visit: https://www.selenium.dev/documentation/webdriver/troubleshooting/errors#stale-element-reference-exception&#10;Build info: version: '4.19.0', revision: '5f9cec8963'&#10;System info: os.name: 'Linux', os.arch: 'amd64', os.version: '6.5.0-35-generic', java.version: '17.0.11'&#10;Driver info: org.openqa.selenium.chrome.ChromeDriver&#10;Command: [920907a392327c8fe1664f3238c5c80d, clickElement {id=f.C473B87D0EC41B1A9EAE8EF40074F631.d.326C068F5BE7FFA9E8D9417A19587055.e.59}]&#10;Capabilities {acceptInsecureCerts: false, browserName: chrome, browserVersion: 124.0.6367.207, chrome: {chromedriverVersion: 124.0.6367.207 (a9001a6e39f..., userDataDir: /tmp/.org.chromium.Chromium...}, fedcm:accounts: true, goog:chromeOptions: {debuggerAddress: localhost:44947}, networkConnectionEnabled: false, pageLoadStrategy: normal, platformName: linux, proxy: Proxy(), se:cdp: ws://localhost:44947/devtoo..., se:cdpVersion: 124.0.6367.207, setWindowRect: true, strictFileInteractability: false, timeouts: {implicit: 0, pageLoad: 300000, script: 30000}, unhandledPromptBehavior: dismiss and notify, webauthn:extension:credBlob: true, webauthn:extension:largeBlob: true, webauthn:extension:minPinLength: true, webauthn:extension:prf: true, webauthn:virtualAuthenticators: true}&#10;Element: [[ChromeDriver: chrome on linux (920907a392327c8fe1664f3238c5c80d)] -&gt; xpath: //*[@id=&quot;root&quot;]/div/main/div/div[2]/div/div/table/tbody/tr[1]/td[3]]&#10;Session ID: 920907a392327c8fe1664f3238c5c80d" type="org.openqa.selenium.StaleElementReferenceException">stale element reference: stale element not found in the current frame
  (Session info: chrome=124.0.6367.207)
For documentation on this error, please visit: https://www.selenium.dev/documentation/webdriver/troubleshooting/errors#stale-element-reference-exception
Build info: version: '4.19.0', revision: '5f9cec8963'
System info: os.name: 'Linux', os.arch: 'amd64', os.version: '6.5.0-35-generic', java.version: '17.0.11'
Driver info: org.openqa.selenium.chrome.ChromeDriver
Command: [920907a392327c8fe1664f3238c5c80d, clickElement {id=f.C473B87D0EC41B1A9EAE8EF40074F631.d.326C068F5BE7FFA9E8D9417A19587055.e.59}]
Capabilities {acceptInsecureCerts: false, browserName: chrome, browserVersion: 124.0.6367.207, chrome: {chromedriverVersion: 124.0.6367.207 (a9001a6e39f..., userDataDir: /tmp/.org.chromium.Chromium...}, fedcm:accounts: true, goog:chromeOptions: {debuggerAddress: localhost:44947}, networkConnectionEnabled: false, pageLoadStrategy: normal, platformName: linux, proxy: Proxy(), se:cdp: ws://localhost:44947/devtoo..., se:cdpVersion: 124.0.6367.207, setWindowRect: true, strictFileInteractability: false, timeouts: {implicit: 0, pageLoad: 300000, script: 30000}, unhandledPromptBehavior: dismiss and notify, webauthn:extension:credBlob: true, webauthn:extension:largeBlob: true, webauthn:extension:minPinLength: true, webauthn:extension:prf: true, webauthn:virtualAuthenticators: true}
Element: [[ChromeDriver: chrome on linux (920907a392327c8fe1664f3238c5c80d)] -&gt; xpath: //*[@id="root"]/div/main/div/div[2]/div/div/table/tbody/tr[1]/td[3]]
Session ID: 920907a392327c8fe1664f3238c5c80d</error><system-err>stale element reference: stale element not found in the current frame
  (Session info: chrome=124.0.6367.207)
For documentation on this error, please visit: https://www.selenium.dev/documentation/webdriver/troubleshooting/errors#stale-element-reference-exception
Build info: version: '4.19.0', revision: '5f9cec8963'
System info: os.name: 'Linux', os.arch: 'amd64', os.version: '6.5.0-35-generic', java.version: '17.0.11'
Driver info: org.openqa.selenium.chrome.ChromeDriver
Command: [920907a392327c8fe1664f3238c5c80d, clickElement {id=f.C473B87D0EC41B1A9EAE8EF40074F631.d.326C068F5BE7FFA9E8D9417A19587055.e.59}]
Capabilities {acceptInsecureCerts: false, browserName: chrome, browserVersion: 124.0.6367.207, chrome: {chromedriverVersion: 124.0.6367.207 (a9001a6e39f..., userDataDir: /tmp/.org.chromium.Chromium...}, fedcm:accounts: true, goog:chromeOptions: {debuggerAddress: localhost:44947}, networkConnectionEnabled: false, pageLoadStrategy: normal, platformName: linux, proxy: Proxy(), se:cdp: ws://localhost:44947/devtoo..., se:cdpVersion: 124.0.6367.207, setWindowRect: true, strictFileInteractability: false, timeouts: {implicit: 0, pageLoad: 300000, script: 30000}, unhandledPromptBehavior: dismiss and notify, webauthn:extension:credBlob: true, webauthn:extension:largeBlob: true, webauthn:extension:minPinLength: true, webauthn:extension:prf: true, webauthn:virtualAuthenticators: true}
Element: [[ChromeDriver: chrome on linux (920907a392327c8fe1664f3238c5c80d)] -&gt; xpath: //*[@id="root"]/div/main/div/div[2]/div/div/table/tbody/tr[1]/td[3]]
Session ID: 920907a392327c8fe1664f3238c5c80d
web.serenity.starter@1.0-SNAPSHOT/starter.pages.RoutePage.RoutePage.clickDetailRoutepage(RoutePage.java:11)
web.serenity.starter@1.0-SNAPSHOT/starter.stepdefinitions.Route.ManageDetailRoute.userDetailPage(ManageDetailRoute.java:32)
</system-err></testcase></testsuite>