-------------------------------------------------------------------------------
Test set: starter.CucumberTestSuite
-------------------------------------------------------------------------------
Tests run: 11, Failures: 6, Errors: 1, Skipped: 0, Time elapsed: 15.79 s <<< FAILURE! - in starter.CucumberTestSuite
Register an account with valid input and valid fullname(Register to Account)  Time elapsed: 6.949 s  <<< FAILURE!
java.lang.AssertionError: 
1 expectation failed.
Expected status code <201> but was <409>.


Send OTP with invalid Email format(Resend OTP)  Time elapsed: 0.287 s  <<< FAILURE!
java.lang.AssertionError: 
1 expectation failed.
Expected status code <400> but was <409>.


Send OTP with Unregistered Email(Resend OTP)  Time elapsed: 0.305 s  <<< FAILURE!
java.lang.AssertionError: 
1 expectation failed.
Expected status code <400> but was <409>.


Send POST request with valid reference_id and match password and confirm password(Reset Password)  Time elapsed: 0.282 s  <<< FAILURE!
java.lang.AssertionError: 
1 expectation failed.
Expected status code <200> but was <409>.


Send POST request with valid reference_id and unmatch password and confirm password(Reset Password)  Time elapsed: 0.051 s  <<< ERROR!
io.cucumber.junit.UndefinedStepException: 
The step 'I send POST request to server with unmatch valid reference_id and match password and confirm password' and 1 other step(s) are undefined.
You can implement these steps using the snippet(s) below:

@When("I send POST request to server with unmatch valid reference_id and match password and confirm password")
public void i_send_post_request_to_server_with_unmatch_valid_reference_id_and_match_password_and_confirm_password() {
    // Write code here that turns the phrase above into concrete actions
    throw new io.cucumber.java.PendingException();
}
@Then("I receive a message that say that i m succeed at resetting password and my password does not changed")
public void i_receive_a_message_that_say_that_i_m_succeed_at_resetting_password_and_my_password_does_not_changed() {
    // Write code here that turns the phrase above into concrete actions
    throw new io.cucumber.java.PendingException();
}


Send POST request with match reference_id and OTP(Verify OTP)  Time elapsed: 0.251 s  <<< FAILURE!
java.lang.AssertionError: 
1 expectation failed.
Expected status code <201> but was <409>.


Send POST request with unmatch reference_id and OTP(Verify OTP)  Time elapsed: 0.337 s  <<< FAILURE!
java.lang.AssertionError: 
1 expectation failed.
Expected status code <400> but was <409>.


