<?xml version="1.0" encoding="UTF-8"?>
<testsuite xmlns:xsi="http://www.w3.org/2001/XMLSchema-instance" xsi:noNamespaceSchemaLocation="https://maven.apache.org/surefire/maven-failsafe-plugin/xsd/failsafe-test-report.xsd" name="starter.CucumberTestSuite" time="15.79" tests="11" errors="1" skipped="0" failures="6">
  <properties>
    <property name="java.specification.version" value="17"/>
    <property name="sun.jnu.encoding" value="UTF-8"/>
    <property name="java.class.path" value="/home/hafidz/Documents/Belajar/Alterra_Qualiry_Engineer/QE_Muhammad_Hafidz/Capstone_Complete/Capstone_API/target/test-classes:/home/hafidz/Documents/Belajar/Alterra_Qualiry_Engineer/QE_Muhammad_Hafidz/Capstone_Complete/Capstone_API/target/rest-assured-bdd-starter-1.0-SNAPSHOT.jar:/home/hafidz/.m2/repository/ch/qos/logback/logback-classic/1.4.12/logback-classic-1.4.12.jar:/home/hafidz/.m2/repository/ch/qos/logback/logback-core/1.4.12/logback-core-1.4.12.jar:/home/hafidz/.m2/repository/org/slf4j/slf4j-api/2.0.7/slf4j-api-2.0.7.jar:/home/hafidz/.m2/repository/org/json/json/20231013/json-20231013.jar:/home/hafidz/.m2/repository/net/serenity-bdd/serenity-core/4.1.4/serenity-core-4.1.4.jar:/home/hafidz/.m2/repository/net/serenity-bdd/serenity-model/4.1.4/serenity-model-4.1.4.jar:/home/hafidz/.m2/repository/org/apache/commons/commons-text/1.11.0/commons-text-1.11.0.jar:/home/hafidz/.m2/repository/commons-net/commons-net/3.10.0/commons-net-3.10.0.jar:/home/hafidz/.m2/repository/org/jsoup/jsoup/1.15.4/jsoup-1.15.4.jar:/home/hafidz/.m2/repository/com/thoughtworks/xstream/xstream/1.4.20/xstream-1.4.20.jar:/home/hafidz/.m2/repository/io/github/x-stream/mxparser/1.2.2/mxparser-1.2.2.jar:/home/hafidz/.m2/repository/xmlpull/xmlpull/1.1.3.1/xmlpull-1.1.3.1.jar:/home/hafidz/.m2/repository/com/typesafe/config/1.4.3/config-1.4.3.jar:/home/hafidz/.m2/repository/org/imgscalr/imgscalr-lib/4.2/imgscalr-lib-4.2.jar:/home/hafidz/.m2/repository/org/awaitility/awaitility/4.2.0/awaitility-4.2.0.jar:/home/hafidz/.m2/repository/org/freemarker/freemarker/2.3.32/freemarker-2.3.32.jar:/home/hafidz/.m2/repository/io/github/classgraph/classgraph/4.8.157/classgraph-4.8.157.jar:/home/hafidz/.m2/repository/com/github/ben-manes/caffeine/caffeine/2.9.2/caffeine-2.9.2.jar:/home/hafidz/.m2/repository/org/ehcache/ehcache/3.10.8/ehcache-3.10.8.jar:/home/hafidz/.m2/repository/javax/cache/cache-api/1.1.0/cache-api-1.1.0.jar:/home/hafidz/.m2/repository/net/sourceforge/jexcelapi/jxl/2.6.12/jxl-2.6.12.jar:/home/hafidz/.m2/repository/net/bytebuddy/byte-buddy-agent/1.14.12/byte-buddy-agent-1.14.12.jar:/home/hafidz/.m2/repository/org/objenesis/objenesis/3.3/objenesis-3.3.jar:/home/hafidz/.m2/repository/com/vladsch/flexmark/flexmark-all/0.64.8/flexmark-all-0.64.8.jar:/home/hafidz/.m2/repository/com/vladsch/flexmark/flexmark/0.64.8/flexmark-0.64.8.jar:/home/hafidz/.m2/repository/com/vladsch/flexmark/flexmark-ext-abbreviation/0.64.8/flexmark-ext-abbreviation-0.64.8.jar:/home/hafidz/.m2/repository/com/vladsch/flexmark/flexmark-ext-admonition/0.64.8/flexmark-ext-admonition-0.64.8.jar:/home/hafidz/.m2/repository/com/vladsch/flexmark/flexmark-ext-anchorlink/0.64.8/flexmark-ext-anchorlink-0.64.8.jar:/home/hafidz/.m2/repository/com/vladsch/flexmark/flexmark-ext-aside/0.64.8/flexmark-ext-aside-0.64.8.jar:/home/hafidz/.m2/repository/com/vladsch/flexmark/flexmark-ext-attributes/0.64.8/flexmark-ext-attributes-0.64.8.jar:/home/hafidz/.m2/repository/com/vladsch/flexmark/flexmark-ext-autolink/0.64.8/flexmark-ext-autolink-0.64.8.jar:/home/hafidz/.m2/repository/org/nibor/autolink/autolink/0.6.0/autolink-0.6.0.jar:/home/hafidz/.m2/repository/com/vladsch/flexmark/flexmark-ext-definition/0.64.8/flexmark-ext-definition-0.64.8.jar:/home/hafidz/.m2/repository/com/vladsch/flexmark/flexmark-ext-emoji/0.64.8/flexmark-ext-emoji-0.64.8.jar:/home/hafidz/.m2/repository/com/vladsch/flexmark/flexmark-ext-enumerated-reference/0.64.8/flexmark-ext-enumerated-reference-0.64.8.jar:/home/hafidz/.m2/repository/com/vladsch/flexmark/flexmark-ext-escaped-character/0.64.8/flexmark-ext-escaped-character-0.64.8.jar:/home/hafidz/.m2/repository/com/vladsch/flexmark/flexmark-ext-footnotes/0.64.8/flexmark-ext-footnotes-0.64.8.jar:/home/hafidz/.m2/repository/com/vladsch/flexmark/flexmark-ext-gfm-issues/0.64.8/flexmark-ext-gfm-issues-0.64.8.jar:/home/hafidz/.m2/repository/com/vladsch/flexmark/flexmark-ext-gfm-strikethrough/0.64.8/flexmark-ext-gfm-strikethrough-0.64.8.jar:/home/hafidz/.m2/repository/com/vladsch/flexmark/flexmark-ext-gfm-tasklist/0.64.8/flexmark-ext-gfm-tasklist-0.64.8.jar:/home/hafidz/.m2/repository/com/vladsch/flexmark/flexmark-ext-gfm-users/0.64.8/flexmark-ext-gfm-users-0.64.8.jar:/home/hafidz/.m2/repository/com/vladsch/flexmark/flexmark-ext-gitlab/0.64.8/flexmark-ext-gitlab-0.64.8.jar:/home/hafidz/.m2/repository/com/vladsch/flexmark/flexmark-ext-jekyll-front-matter/0.64.8/flexmark-ext-jekyll-front-matter-0.64.8.jar:/home/hafidz/.m2/repository/com/vladsch/flexmark/flexmark-ext-jekyll-tag/0.64.8/flexmark-ext-jekyll-tag-0.64.8.jar:/home/hafidz/.m2/repository/com/vladsch/flexmark/flexmark-ext-media-tags/0.64.8/flexmark-ext-media-tags-0.64.8.jar:/home/hafidz/.m2/repository/com/vladsch/flexmark/flexmark-ext-macros/0.64.8/flexmark-ext-macros-0.64.8.jar:/home/hafidz/.m2/repository/com/vladsch/flexmark/flexmark-ext-ins/0.64.8/flexmark-ext-ins-0.64.8.jar:/home/hafidz/.m2/repository/com/vladsch/flexmark/flexmark-ext-xwiki-macros/0.64.8/flexmark-ext-xwiki-macros-0.64.8.jar:/home/hafidz/.m2/repository/com/vladsch/flexmark/flexmark-ext-superscript/0.64.8/flexmark-ext-superscript-0.64.8.jar:/home/hafidz/.m2/repository/com/vladsch/flexmark/flexmark-ext-toc/0.64.8/flexmark-ext-toc-0.64.8.jar:/home/hafidz/.m2/repository/com/vladsch/flexmark/flexmark-ext-typographic/0.64.8/flexmark-ext-typographic-0.64.8.jar:/home/hafidz/.m2/repository/com/vladsch/flexmark/flexmark-ext-wikilink/0.64.8/flexmark-ext-wikilink-0.64.8.jar:/home/hafidz/.m2/repository/com/vladsch/flexmark/flexmark-ext-yaml-front-matter/0.64.8/flexmark-ext-yaml-front-matter-0.64.8.jar:/home/hafidz/.m2/repository/com/vladsch/flexmark/flexmark-ext-youtube-embedded/0.64.8/flexmark-ext-youtube-embedded-0.64.8.jar:/home/hafidz/.m2/repository/com/vladsch/flexmark/flexmark-html2md-converter/0.64.8/flexmark-html2md-converter-0.64.8.jar:/home/hafidz/.m2/repository/com/vladsch/flexmark/flexmark-jira-converter/0.64.8/flexmark-jira-converter-0.64.8.jar:/home/hafidz/.m2/repository/com/vladsch/flexmark/flexmark-pdf-converter/0.64.8/flexmark-pdf-converter-0.64.8.jar:/home/hafidz/.m2/repository/com/openhtmltopdf/openhtmltopdf-core/1.0.10/openhtmltopdf-core-1.0.10.jar:/home/hafidz/.m2/repository/com/openhtmltopdf/openhtmltopdf-pdfbox/1.0.10/openhtmltopdf-pdfbox-1.0.10.jar:/home/hafidz/.m2/repository/org/apache/pdfbox/pdfbox/2.0.24/pdfbox-2.0.24.jar:/home/hafidz/.m2/repository/org/apache/pdfbox/fontbox/2.0.24/fontbox-2.0.24.jar:/home/hafidz/.m2/repository/org/apache/pdfbox/xmpbox/2.0.24/xmpbox-2.0.24.jar:/home/hafidz/.m2/repository/de/rototor/pdfbox/graphics2d/0.32/graphics2d-0.32.jar:/home/hafidz/.m2/repository/com/openhtmltopdf/openhtmltopdf-rtl-support/1.0.10/openhtmltopdf-rtl-support-1.0.10.jar:/home/hafidz/.m2/repository/com/vladsch/flexmark/flexmark-profile-pegdown/0.64.8/flexmark-profile-pegdown-0.64.8.jar:/home/hafidz/.m2/repository/com/vladsch/flexmark/flexmark-util-ast/0.64.8/flexmark-util-ast-0.64.8.jar:/home/hafidz/.m2/repository/org/jetbrains/annotations/24.0.1/annotations-24.0.1.jar:/home/hafidz/.m2/repository/com/vladsch/flexmark/flexmark-util-builder/0.64.8/flexmark-util-builder-0.64.8.jar:/home/hafidz/.m2/repository/com/vladsch/flexmark/flexmark-util-collection/0.64.8/flexmark-util-collection-0.64.8.jar:/home/hafidz/.m2/repository/com/vladsch/flexmark/flexmark-util-data/0.64.8/flexmark-util-data-0.64.8.jar:/home/hafidz/.m2/repository/com/vladsch/flexmark/flexmark-util-dependency/0.64.8/flexmark-util-dependency-0.64.8.jar:/home/hafidz/.m2/repository/com/vladsch/flexmark/flexmark-util-format/0.64.8/flexmark-util-format-0.64.8.jar:/home/hafidz/.m2/repository/com/vladsch/flexmark/flexmark-util-html/0.64.8/flexmark-util-html-0.64.8.jar:/home/hafidz/.m2/repository/com/vladsch/flexmark/flexmark-util-misc/0.64.8/flexmark-util-misc-0.64.8.jar:/home/hafidz/.m2/repository/com/vladsch/flexmark/flexmark-util-options/0.64.8/flexmark-util-options-0.64.8.jar:/home/hafidz/.m2/repository/com/vladsch/flexmark/flexmark-util-sequence/0.64.8/flexmark-util-sequence-0.64.8.jar:/home/hafidz/.m2/repository/com/vladsch/flexmark/flexmark-util-visitor/0.64.8/flexmark-util-visitor-0.64.8.jar:/home/hafidz/.m2/repository/com/vladsch/flexmark/flexmark-youtrack-converter/0.64.8/flexmark-youtrack-converter-0.64.8.jar:/home/hafidz/.m2/repository/com/vladsch/flexmark/flexmark-ext-resizable-image/0.64.8/flexmark-ext-resizable-image-0.64.8.jar:/home/hafidz/.m2/repository/com/vladsch/flexmark/flexmark-ext-tables/0.64.8/flexmark-ext-tables-0.64.8.jar:/home/hafidz/.m2/repository/com/vladsch/flexmark/flexmark-util/0.64.8/flexmark-util-0.64.8.jar:/home/hafidz/.m2/repository/net/serenity-bdd/serenity-reports/4.1.4/serenity-reports-4.1.4.jar:/home/hafidz/.m2/repository/net/serenity-bdd/serenity-stats/4.1.4/serenity-stats-4.1.4.jar:/home/hafidz/.m2/repository/org/jetbrains/kotlin/kotlin-stdlib/1.9.0/kotlin-stdlib-1.9.0.jar:/home/hafidz/.m2/repository/org/jetbrains/kotlin/kotlin-stdlib-common/1.9.0/kotlin-stdlib-common-1.9.0.jar:/home/hafidz/.m2/repository/net/serenity-bdd/serenity-reports-configuration/4.1.4/serenity-reports-configuration-4.1.4.jar:/home/hafidz/.m2/repository/com/ibm/icu/icu4j/72.1/icu4j-72.1.jar:/home/hafidz/.m2/repository/es/nitaur/markdown/txtmark/0.16/txtmark-0.16.jar:/home/hafidz/.m2/repository/net/serenity-bdd/serenity-report-resources/4.1.4/serenity-report-resources-4.1.4.jar:/home/hafidz/.m2/repository/com/google/code/gson/gson/2.10.1/gson-2.10.1.jar:/home/hafidz/.m2/repository/com/fasterxml/jackson/core/jackson-core/2.16.0/jackson-core-2.16.0.jar:/home/hafidz/.m2/repository/com/fasterxml/jackson/core/jackson-databind/2.16.0/jackson-databind-2.16.0.jar:/home/hafidz/.m2/repository/com/fasterxml/jackson/core/jackson-annotations/2.16.0/jackson-annotations-2.16.0.jar:/home/hafidz/.m2/repository/commons-codec/commons-codec/1.16.0/commons-codec-1.16.0.jar:/home/hafidz/.m2/repository/commons-io/commons-io/2.15.1/commons-io-2.15.1.jar:/home/hafidz/.m2/repository/org/apache/httpcomponents/httpclient/4.5.13/httpclient-4.5.13.jar:/home/hafidz/.m2/repository/org/apache/httpcomponents/httpcore/4.4.13/httpcore-4.4.13.jar:/home/hafidz/.m2/repository/org/seleniumhq/selenium/selenium-java/4.18.1/selenium-java-4.18.1.jar:/home/hafidz/.m2/repository/org/seleniumhq/selenium/selenium-devtools-v120/4.18.1/selenium-devtools-v120-4.18.1.jar:/home/hafidz/.m2/repository/org/seleniumhq/selenium/selenium-devtools-v121/4.18.1/selenium-devtools-v121-4.18.1.jar:/home/hafidz/.m2/repository/org/seleniumhq/selenium/selenium-devtools-v122/4.18.1/selenium-devtools-v122-4.18.1.jar:/home/hafidz/.m2/repository/org/seleniumhq/selenium/selenium-devtools-v85/4.18.1/selenium-devtools-v85-4.18.1.jar:/home/hafidz/.m2/repository/org/seleniumhq/selenium/selenium-remote-driver/4.18.1/selenium-remote-driver-4.18.1.jar:/home/hafidz/.m2/repository/io/opentelemetry/semconv/opentelemetry-semconv/1.23.1-alpha/opentelemetry-semconv-1.23.1-alpha.jar:/home/hafidz/.m2/repository/io/opentelemetry/opentelemetry-api/1.35.0/opentelemetry-api-1.35.0.jar:/home/hafidz/.m2/repository/io/opentelemetry/opentelemetry-context/1.35.0/opentelemetry-context-1.35.0.jar:/home/hafidz/.m2/repository/io/opentelemetry/opentelemetry-exporter-logging/1.35.0/opentelemetry-exporter-logging-1.35.0.jar:/home/hafidz/.m2/repository/io/opentelemetry/opentelemetry-sdk-common/1.35.0/opentelemetry-sdk-common-1.35.0.jar:/home/hafidz/.m2/repository/io/opentelemetry/opentelemetry-sdk-extension-autoconfigure-spi/1.35.0/opentelemetry-sdk-extension-autoconfigure-spi-1.35.0.jar:/home/hafidz/.m2/repository/io/opentelemetry/opentelemetry-sdk-extension-autoconfigure/1.35.0/opentelemetry-sdk-extension-autoconfigure-1.35.0.jar:/home/hafidz/.m2/repository/io/opentelemetry/opentelemetry-api-events/1.35.0-alpha/opentelemetry-api-events-1.35.0-alpha.jar:/home/hafidz/.m2/repository/io/opentelemetry/opentelemetry-sdk-trace/1.35.0/opentelemetry-sdk-trace-1.35.0.jar:/home/hafidz/.m2/repository/io/opentelemetry/opentelemetry-extension-incubator/1.35.0-alpha/opentelemetry-extension-incubator-1.35.0-alpha.jar:/home/hafidz/.m2/repository/io/opentelemetry/opentelemetry-sdk/1.35.0/opentelemetry-sdk-1.35.0.jar:/home/hafidz/.m2/repository/io/opentelemetry/opentelemetry-sdk-metrics/1.35.0/opentelemetry-sdk-metrics-1.35.0.jar:/home/hafidz/.m2/repository/io/opentelemetry/opentelemetry-sdk-logs/1.35.0/opentelemetry-sdk-logs-1.35.0.jar:/home/hafidz/.m2/repository/org/seleniumhq/selenium/selenium-os/4.18.1/selenium-os-4.18.1.jar:/home/hafidz/.m2/repository/org/apache/commons/commons-exec/1.3/commons-exec-1.3.jar:/home/hafidz/.m2/repository/org/seleniumhq/selenium/selenium-safari-driver/4.18.1/selenium-safari-driver-4.18.1.jar:/home/hafidz/.m2/repository/org/seleniumhq/selenium/selenium-api/4.18.1/selenium-api-4.18.1.jar:/home/hafidz/.m2/repository/org/seleniumhq/selenium/selenium-support/4.18.1/selenium-support-4.18.1.jar:/home/hafidz/.m2/repository/com/google/auto/service/auto-service-annotations/1.1.1/auto-service-annotations-1.1.1.jar:/home/hafidz/.m2/repository/org/seleniumhq/selenium/selenium-json/4.18.1/selenium-json-4.18.1.jar:/home/hafidz/.m2/repository/org/seleniumhq/selenium/selenium-chrome-driver/4.18.1/selenium-chrome-driver-4.18.1.jar:/home/hafidz/.m2/repository/org/seleniumhq/selenium/selenium-chromium-driver/4.18.1/selenium-chromium-driver-4.18.1.jar:/home/hafidz/.m2/repository/org/seleniumhq/selenium/selenium-manager/4.18.1/selenium-manager-4.18.1.jar:/home/hafidz/.m2/repository/org/seleniumhq/selenium/selenium-firefox-driver/4.18.1/selenium-firefox-driver-4.18.1.jar:/home/hafidz/.m2/repository/org/seleniumhq/selenium/selenium-http/4.18.1/selenium-http-4.18.1.jar:/home/hafidz/.m2/repository/dev/failsafe/failsafe/3.3.2/failsafe-3.3.2.jar:/home/hafidz/.m2/repository/org/seleniumhq/selenium/selenium-edge-driver/4.18.1/selenium-edge-driver-4.18.1.jar:/home/hafidz/.m2/repository/org/seleniumhq/selenium/selenium-ie-driver/4.18.1/selenium-ie-driver-4.18.1.jar:/home/hafidz/.m2/repository/org/htmlunit/htmlunit/3.11.0/htmlunit-3.11.0.jar:/home/hafidz/.m2/repository/org/apache/httpcomponents/httpmime/4.5.14/httpmime-4.5.14.jar:/home/hafidz/.m2/repository/org/htmlunit/htmlunit-core-js/3.11.0/htmlunit-core-js-3.11.0.jar:/home/hafidz/.m2/repository/org/htmlunit/neko-htmlunit/3.11.2/neko-htmlunit-3.11.2.jar:/home/hafidz/.m2/repository/org/htmlunit/htmlunit-cssparser/3.11.0/htmlunit-cssparser-3.11.0.jar:/home/hafidz/.m2/repository/org/htmlunit/htmlunit-xpath/3.11.0/htmlunit-xpath-3.11.0.jar:/home/hafidz/.m2/repository/org/htmlunit/htmlunit-csp/3.11.0/htmlunit-csp-3.11.0.jar:/home/hafidz/.m2/repository/org/brotli/dec/0.1.2/dec-0.1.2.jar:/home/hafidz/.m2/repository/org/eclipse/jetty/websocket/websocket-client/9.4.53.v20231009/websocket-client-9.4.53.v20231009.jar:/home/hafidz/.m2/repository/org/eclipse/jetty/jetty-client/9.4.53.v20231009/jetty-client-9.4.53.v20231009.jar:/home/hafidz/.m2/repository/org/eclipse/jetty/jetty-http/9.4.53.v20231009/jetty-http-9.4.53.v20231009.jar:/home/hafidz/.m2/repository/org/eclipse/jetty/jetty-util/9.4.53.v20231009/jetty-util-9.4.53.v20231009.jar:/home/hafidz/.m2/repository/org/eclipse/jetty/jetty-io/9.4.53.v20231009/jetty-io-9.4.53.v20231009.jar:/home/hafidz/.m2/repository/org/eclipse/jetty/websocket/websocket-common/9.4.53.v20231009/websocket-common-9.4.53.v20231009.jar:/home/hafidz/.m2/repository/org/eclipse/jetty/websocket/websocket-api/9.4.53.v20231009/websocket-api-9.4.53.v20231009.jar:/home/hafidz/.m2/repository/org/seleniumhq/selenium/htmlunit3-driver/4.17.0/htmlunit3-driver-4.17.0.jar:/home/hafidz/.m2/repository/io/appium/java-client/9.0.0/java-client-9.0.0.jar:/home/hafidz/.m2/repository/org/apache/groovy/groovy/4.0.13/groovy-4.0.13.jar:/home/hafidz/.m2/repository/net/sf/opencsv/opencsv/2.1/opencsv-2.1.jar:/home/hafidz/.m2/repository/org/apache/commons/commons-lang3/3.14.0/commons-lang3-3.14.0.jar:/home/hafidz/.m2/repository/org/apache/commons/commons-compress/1.26.0/commons-compress-1.26.0.jar:/home/hafidz/.m2/repository/org/fluentlenium/fluentlenium-core/0.10.2/fluentlenium-core-0.10.2.jar:/home/hafidz/.m2/repository/com/jhlabs/filters/2.0.235/filters-2.0.235.jar:/home/hafidz/.m2/repository/com/paulhammant/ngwebdriver/1.1.6/ngwebdriver-1.1.6.jar:/home/hafidz/.m2/repository/joda-time/joda-time/2.12.5/joda-time-2.12.5.jar:/home/hafidz/.m2/repository/com/google/jimfs/jimfs/1.3.0/jimfs-1.3.0.jar:/home/hafidz/.m2/repository/org/mockito/mockito-core/3.3.3/mockito-core-3.3.3.jar:/home/hafidz/.m2/repository/javax/xml/bind/jaxb-api/2.3.1/jaxb-api-2.3.1.jar:/home/hafidz/.m2/repository/javax/activation/javax.activation-api/1.2.0/javax.activation-api-1.2.0.jar:/home/hafidz/.m2/repository/com/sun/xml/bind/jaxb-core/2.3.0.1/jaxb-core-2.3.0.1.jar:/home/hafidz/.m2/repository/com/sun/xml/bind/jaxb-impl/2.3.3/jaxb-impl-2.3.3.jar:/home/hafidz/.m2/repository/com/sun/activation/jakarta.activation/1.2.2/jakarta.activation-1.2.2.jar:/home/hafidz/.m2/repository/javax/activation/activation/1.1.1/activation-1.1.1.jar:/home/hafidz/.m2/repository/net/serenity-bdd/serenity-junit/4.1.4/serenity-junit-4.1.4.jar:/home/hafidz/.m2/repository/jakarta/xml/bind/jakarta.xml.bind-api/4.0.0/jakarta.xml.bind-api-4.0.0.jar:/home/hafidz/.m2/repository/jakarta/activation/jakarta.activation-api/2.1.0/jakarta.activation-api-2.1.0.jar:/home/hafidz/.m2/repository/net/serenity-bdd/serenity-screenplay/4.1.4/serenity-screenplay-4.1.4.jar:/home/hafidz/.m2/repository/net/serenity-bdd/serenity-rest-assured/4.1.4/serenity-rest-assured-4.1.4.jar:/home/hafidz/.m2/repository/io/rest-assured/rest-assured/5.4.0/rest-assured-5.4.0.jar:/home/hafidz/.m2/repository/org/ccil/cowan/tagsoup/tagsoup/1.2.1/tagsoup-1.2.1.jar:/home/hafidz/.m2/repository/io/rest-assured/json-path/5.4.0/json-path-5.4.0.jar:/home/hafidz/.m2/repository/io/rest-assured/rest-assured-common/5.4.0/rest-assured-common-5.4.0.jar:/home/hafidz/.m2/repository/io/rest-assured/xml-path/5.4.0/xml-path-5.4.0.jar:/home/hafidz/.m2/repository/org/apache/groovy/groovy-json/4.0.13/groovy-json-4.0.13.jar:/home/hafidz/.m2/repository/org/apache/groovy/groovy-xml/4.0.13/groovy-xml-4.0.13.jar:/home/hafidz/.m2/repository/org/opentest4j/opentest4j/1.3.0/opentest4j-1.3.0.jar:/home/hafidz/.m2/repository/net/serenity-bdd/serenity-cucumber/4.1.4/serenity-cucumber-4.1.4.jar:/home/hafidz/.m2/repository/io/cucumber/cucumber-core/7.15.0/cucumber-core-7.15.0.jar:/home/hafidz/.m2/repository/io/cucumber/cucumber-gherkin/7.15.0/cucumber-gherkin-7.15.0.jar:/home/hafidz/.m2/repository/io/cucumber/cucumber-gherkin-messages/7.15.0/cucumber-gherkin-messages-7.15.0.jar:/home/hafidz/.m2/repository/io/cucumber/gherkin/26.2.0/gherkin-26.2.0.jar:/home/hafidz/.m2/repository/io/cucumber/messages/22.0.0/messages-22.0.0.jar:/home/hafidz/.m2/repository/io/cucumber/tag-expressions/6.0.0/tag-expressions-6.0.0.jar:/home/hafidz/.m2/repository/io/cucumber/cucumber-expressions/17.0.1/cucumber-expressions-17.0.1.jar:/home/hafidz/.m2/repository/io/cucumber/datatable/7.15.0/datatable-7.15.0.jar:/home/hafidz/.m2/repository/io/cucumber/cucumber-plugin/7.15.0/cucumber-plugin-7.15.0.jar:/home/hafidz/.m2/repository/io/cucumber/docstring/7.15.0/docstring-7.15.0.jar:/home/hafidz/.m2/repository/io/cucumber/html-formatter/20.4.0/html-formatter-20.4.0.jar:/home/hafidz/.m2/repository/io/cucumber/junit-xml-formatter/0.2.0/junit-xml-formatter-0.2.0.jar:/home/hafidz/.m2/repository/io/cucumber/ci-environment/10.0.0/ci-environment-10.0.0.jar:/home/hafidz/.m2/repository/io/cucumber/cucumber-java/7.15.0/cucumber-java-7.15.0.jar:/home/hafidz/.m2/repository/io/cucumber/cucumber-junit/7.15.0/cucumber-junit-7.15.0.jar:/home/hafidz/.m2/repository/org/apiguardian/apiguardian-api/1.1.2/apiguardian-api-1.1.2.jar:/home/hafidz/.m2/repository/org/apache/commons/commons-csv/1.5/commons-csv-1.5.jar:/home/hafidz/.m2/repository/net/serenity-bdd/serenity-screenplay-webdriver/4.1.4/serenity-screenplay-webdriver-4.1.4.jar:/home/hafidz/.m2/repository/net/serenity-bdd/serenity-jbehave/1.46.0/serenity-jbehave-1.46.0.jar:/home/hafidz/.m2/repository/commons-logging/commons-logging/1.2/commons-logging-1.2.jar:/home/hafidz/.m2/repository/com/thoughtworks/paranamer/paranamer/2.8/paranamer-2.8.jar:/home/hafidz/.m2/repository/org/jbehave/jbehave-core/4.4/jbehave-core-4.4.jar:/home/hafidz/.m2/repository/org/hamcrest/hamcrest-library/1.3/hamcrest-library-1.3.jar:/home/hafidz/.m2/repository/org/hamcrest/hamcrest-integration/1.3/hamcrest-integration-1.3.jar:/home/hafidz/.m2/repository/org/apache/commons/commons-collections4/4.1/commons-collections4-4.1.jar:/home/hafidz/.m2/repository/org/codehaus/plexus/plexus-utils/3.1.0/plexus-utils-3.1.0.jar:/home/hafidz/.m2/repository/com/github/valfirst/jbehave-junit-runner/2.2.0/jbehave-junit-runner-2.2.0.jar:/home/hafidz/.m2/repository/org/reflections/reflections/0.9.11/reflections-0.9.11.jar:/home/hafidz/.m2/repository/org/javassist/javassist/3.21.0-GA/javassist-3.21.0-GA.jar:/home/hafidz/.m2/repository/org/codehaus/groovy/groovy-all/2.4.13/groovy-all-2.4.13.jar:/home/hafidz/.m2/repository/junit/junit/4.13.2/junit-4.13.2.jar:/home/hafidz/.m2/repository/org/hamcrest/hamcrest-core/1.3/hamcrest-core-1.3.jar:/home/hafidz/.m2/repository/org/assertj/assertj-core/3.24.2/assertj-core-3.24.2.jar:/home/hafidz/.m2/repository/net/bytebuddy/byte-buddy/1.12.21/byte-buddy-1.12.21.jar:/home/hafidz/.m2/repository/org/hamcrest/hamcrest-all/1.3/hamcrest-all-1.3.jar:/home/hafidz/.m2/repository/io/rest-assured/json-schema-validator/5.3.1/json-schema-validator-5.3.1.jar:/home/hafidz/.m2/repository/com/github/java-json-tools/json-schema-validator/2.2.14/json-schema-validator-2.2.14.jar:/home/hafidz/.m2/repository/com/github/java-json-tools/jackson-coreutils-equivalence/1.0/jackson-coreutils-equivalence-1.0.jar:/home/hafidz/.m2/repository/com/github/java-json-tools/jackson-coreutils/2.0/jackson-coreutils-2.0.jar:/home/hafidz/.m2/repository/com/github/java-json-tools/msg-simple/1.2/msg-simple-1.2.jar:/home/hafidz/.m2/repository/com/github/java-json-tools/btf/1.3/btf-1.3.jar:/home/hafidz/.m2/repository/com/github/java-json-tools/json-schema-core/1.2.14/json-schema-core-1.2.14.jar:/home/hafidz/.m2/repository/com/github/java-json-tools/uri-template/0.10/uri-template-0.10.jar:/home/hafidz/.m2/repository/org/mozilla/rhino/1.7.7.2/rhino-1.7.7.2.jar:/home/hafidz/.m2/repository/com/sun/mail/mailapi/1.6.2/mailapi-1.6.2.jar:/home/hafidz/.m2/repository/com/googlecode/libphonenumber/libphonenumber/8.11.1/libphonenumber-8.11.1.jar:/home/hafidz/.m2/repository/com/google/code/findbugs/jsr305/3.0.2/jsr305-3.0.2.jar:/home/hafidz/.m2/repository/net/sf/jopt-simple/jopt-simple/5.0.4/jopt-simple-5.0.4.jar:/home/hafidz/.m2/repository/com/google/guava/guava/32.0.1-jre/guava-32.0.1-jre.jar:/home/hafidz/.m2/repository/com/google/guava/failureaccess/1.0.1/failureaccess-1.0.1.jar:/home/hafidz/.m2/repository/com/google/guava/listenablefuture/9999.0-empty-to-avoid-conflict-with-guava/listenablefuture-9999.0-empty-to-avoid-conflict-with-guava.jar:/home/hafidz/.m2/repository/org/checkerframework/checker-qual/3.33.0/checker-qual-3.33.0.jar:/home/hafidz/.m2/repository/com/google/errorprone/error_prone_annotations/2.18.0/error_prone_annotations-2.18.0.jar:/home/hafidz/.m2/repository/com/google/j2objc/j2objc-annotations/2.8/j2objc-annotations-2.8.jar:/home/hafidz/.m2/repository/com/github/javafaker/javafaker/1.0.2/javafaker-1.0.2.jar:/home/hafidz/.m2/repository/org/yaml/snakeyaml/1.23/snakeyaml-1.23-android.jar:/home/hafidz/.m2/repository/com/github/mifmif/generex/1.0.2/generex-1.0.2.jar:/home/hafidz/.m2/repository/dk/brics/automaton/automaton/1.11-8/automaton-1.11-8.jar:/home/hafidz/.m2/repository/org/hamcrest/hamcrest/2.2/hamcrest-2.2.jar:"/>
    <property name="java.vm.vendor" value="Ubuntu"/>
    <property name="sun.arch.data.model" value="64"/>
    <property name="java.vendor.url" value="https://ubuntu.com/"/>
    <property name="os.name" value="Linux"/>
    <property name="java.vm.specification.version" value="17"/>
    <property name="sun.java.launcher" value="SUN_STANDARD"/>
    <property name="user.country" value="US"/>
    <property name="sun.boot.library.path" value="/usr/lib/jvm/java-17-openjdk-amd64/lib"/>
    <property name="sun.java.command" value="/home/hafidz/Documents/Belajar/Alterra_Qualiry_Engineer/QE_Muhammad_Hafidz/Capstone_Complete/Capstone_API/target/surefire/surefirebooter5509247131778924551.jar /home/hafidz/Documents/Belajar/Alterra_Qualiry_Engineer/QE_Muhammad_Hafidz/Capstone_Complete/Capstone_API/target/surefire 2024-06-26T15-36-17_191-jvmRun1 surefire4166015578603953220tmp surefire_03154439838421687321tmp"/>
    <property name="jdk.debug" value="release"/>
    <property name="surefire.test.class.path" value="/home/hafidz/Documents/Belajar/Alterra_Qualiry_Engineer/QE_Muhammad_Hafidz/Capstone_Complete/Capstone_API/target/test-classes:/home/hafidz/Documents/Belajar/Alterra_Qualiry_Engineer/QE_Muhammad_Hafidz/Capstone_Complete/Capstone_API/target/rest-assured-bdd-starter-1.0-SNAPSHOT.jar:/home/hafidz/.m2/repository/ch/qos/logback/logback-classic/1.4.12/logback-classic-1.4.12.jar:/home/hafidz/.m2/repository/ch/qos/logback/logback-core/1.4.12/logback-core-1.4.12.jar:/home/hafidz/.m2/repository/org/slf4j/slf4j-api/2.0.7/slf4j-api-2.0.7.jar:/home/hafidz/.m2/repository/org/json/json/20231013/json-20231013.jar:/home/hafidz/.m2/repository/net/serenity-bdd/serenity-core/4.1.4/serenity-core-4.1.4.jar:/home/hafidz/.m2/repository/net/serenity-bdd/serenity-model/4.1.4/serenity-model-4.1.4.jar:/home/hafidz/.m2/repository/org/apache/commons/commons-text/1.11.0/commons-text-1.11.0.jar:/home/hafidz/.m2/repository/commons-net/commons-net/3.10.0/commons-net-3.10.0.jar:/home/hafidz/.m2/repository/org/jsoup/jsoup/1.15.4/jsoup-1.15.4.jar:/home/hafidz/.m2/repository/com/thoughtworks/xstream/xstream/1.4.20/xstream-1.4.20.jar:/home/hafidz/.m2/repository/io/github/x-stream/mxparser/1.2.2/mxparser-1.2.2.jar:/home/hafidz/.m2/repository/xmlpull/xmlpull/1.1.3.1/xmlpull-1.1.3.1.jar:/home/hafidz/.m2/repository/com/typesafe/config/1.4.3/config-1.4.3.jar:/home/hafidz/.m2/repository/org/imgscalr/imgscalr-lib/4.2/imgscalr-lib-4.2.jar:/home/hafidz/.m2/repository/org/awaitility/awaitility/4.2.0/awaitility-4.2.0.jar:/home/hafidz/.m2/repository/org/freemarker/freemarker/2.3.32/freemarker-2.3.32.jar:/home/hafidz/.m2/repository/io/github/classgraph/classgraph/4.8.157/classgraph-4.8.157.jar:/home/hafidz/.m2/repository/com/github/ben-manes/caffeine/caffeine/2.9.2/caffeine-2.9.2.jar:/home/hafidz/.m2/repository/org/ehcache/ehcache/3.10.8/ehcache-3.10.8.jar:/home/hafidz/.m2/repository/javax/cache/cache-api/1.1.0/cache-api-1.1.0.jar:/home/hafidz/.m2/repository/net/sourceforge/jexcelapi/jxl/2.6.12/jxl-2.6.12.jar:/home/hafidz/.m2/repository/net/bytebuddy/byte-buddy-agent/1.14.12/byte-buddy-agent-1.14.12.jar:/home/hafidz/.m2/repository/org/objenesis/objenesis/3.3/objenesis-3.3.jar:/home/hafidz/.m2/repository/com/vladsch/flexmark/flexmark-all/0.64.8/flexmark-all-0.64.8.jar:/home/hafidz/.m2/repository/com/vladsch/flexmark/flexmark/0.64.8/flexmark-0.64.8.jar:/home/hafidz/.m2/repository/com/vladsch/flexmark/flexmark-ext-abbreviation/0.64.8/flexmark-ext-abbreviation-0.64.8.jar:/home/hafidz/.m2/repository/com/vladsch/flexmark/flexmark-ext-admonition/0.64.8/flexmark-ext-admonition-0.64.8.jar:/home/hafidz/.m2/repository/com/vladsch/flexmark/flexmark-ext-anchorlink/0.64.8/flexmark-ext-anchorlink-0.64.8.jar:/home/hafidz/.m2/repository/com/vladsch/flexmark/flexmark-ext-aside/0.64.8/flexmark-ext-aside-0.64.8.jar:/home/hafidz/.m2/repository/com/vladsch/flexmark/flexmark-ext-attributes/0.64.8/flexmark-ext-attributes-0.64.8.jar:/home/hafidz/.m2/repository/com/vladsch/flexmark/flexmark-ext-autolink/0.64.8/flexmark-ext-autolink-0.64.8.jar:/home/hafidz/.m2/repository/org/nibor/autolink/autolink/0.6.0/autolink-0.6.0.jar:/home/hafidz/.m2/repository/com/vladsch/flexmark/flexmark-ext-definition/0.64.8/flexmark-ext-definition-0.64.8.jar:/home/hafidz/.m2/repository/com/vladsch/flexmark/flexmark-ext-emoji/0.64.8/flexmark-ext-emoji-0.64.8.jar:/home/hafidz/.m2/repository/com/vladsch/flexmark/flexmark-ext-enumerated-reference/0.64.8/flexmark-ext-enumerated-reference-0.64.8.jar:/home/hafidz/.m2/repository/com/vladsch/flexmark/flexmark-ext-escaped-character/0.64.8/flexmark-ext-escaped-character-0.64.8.jar:/home/hafidz/.m2/repository/com/vladsch/flexmark/flexmark-ext-footnotes/0.64.8/flexmark-ext-footnotes-0.64.8.jar:/home/hafidz/.m2/repository/com/vladsch/flexmark/flexmark-ext-gfm-issues/0.64.8/flexmark-ext-gfm-issues-0.64.8.jar:/home/hafidz/.m2/repository/com/vladsch/flexmark/flexmark-ext-gfm-strikethrough/0.64.8/flexmark-ext-gfm-strikethrough-0.64.8.jar:/home/hafidz/.m2/repository/com/vladsch/flexmark/flexmark-ext-gfm-tasklist/0.64.8/flexmark-ext-gfm-tasklist-0.64.8.jar:/home/hafidz/.m2/repository/com/vladsch/flexmark/flexmark-ext-gfm-users/0.64.8/flexmark-ext-gfm-users-0.64.8.jar:/home/hafidz/.m2/repository/com/vladsch/flexmark/flexmark-ext-gitlab/0.64.8/flexmark-ext-gitlab-0.64.8.jar:/home/hafidz/.m2/repository/com/vladsch/flexmark/flexmark-ext-jekyll-front-matter/0.64.8/flexmark-ext-jekyll-front-matter-0.64.8.jar:/home/hafidz/.m2/repository/com/vladsch/flexmark/flexmark-ext-jekyll-tag/0.64.8/flexmark-ext-jekyll-tag-0.64.8.jar:/home/hafidz/.m2/repository/com/vladsch/flexmark/flexmark-ext-media-tags/0.64.8/flexmark-ext-media-tags-0.64.8.jar:/home/hafidz/.m2/repository/com/vladsch/flexmark/flexmark-ext-macros/0.64.8/flexmark-ext-macros-0.64.8.jar:/home/hafidz/.m2/repository/com/vladsch/flexmark/flexmark-ext-ins/0.64.8/flexmark-ext-ins-0.64.8.jar:/home/hafidz/.m2/repository/com/vladsch/flexmark/flexmark-ext-xwiki-macros/0.64.8/flexmark-ext-xwiki-macros-0.64.8.jar:/home/hafidz/.m2/repository/com/vladsch/flexmark/flexmark-ext-superscript/0.64.8/flexmark-ext-superscript-0.64.8.jar:/home/hafidz/.m2/repository/com/vladsch/flexmark/flexmark-ext-toc/0.64.8/flexmark-ext-toc-0.64.8.jar:/home/hafidz/.m2/repository/com/vladsch/flexmark/flexmark-ext-typographic/0.64.8/flexmark-ext-typographic-0.64.8.jar:/home/hafidz/.m2/repository/com/vladsch/flexmark/flexmark-ext-wikilink/0.64.8/flexmark-ext-wikilink-0.64.8.jar:/home/hafidz/.m2/repository/com/vladsch/flexmark/flexmark-ext-yaml-front-matter/0.64.8/flexmark-ext-yaml-front-matter-0.64.8.jar:/home/hafidz/.m2/repository/com/vladsch/flexmark/flexmark-ext-youtube-embedded/0.64.8/flexmark-ext-youtube-embedded-0.64.8.jar:/home/hafidz/.m2/repository/com/vladsch/flexmark/flexmark-html2md-converter/0.64.8/flexmark-html2md-converter-0.64.8.jar:/home/hafidz/.m2/repository/com/vladsch/flexmark/flexmark-jira-converter/0.64.8/flexmark-jira-converter-0.64.8.jar:/home/hafidz/.m2/repository/com/vladsch/flexmark/flexmark-pdf-converter/0.64.8/flexmark-pdf-converter-0.64.8.jar:/home/hafidz/.m2/repository/com/openhtmltopdf/openhtmltopdf-core/1.0.10/openhtmltopdf-core-1.0.10.jar:/home/hafidz/.m2/repository/com/openhtmltopdf/openhtmltopdf-pdfbox/1.0.10/openhtmltopdf-pdfbox-1.0.10.jar:/home/hafidz/.m2/repository/org/apache/pdfbox/pdfbox/2.0.24/pdfbox-2.0.24.jar:/home/hafidz/.m2/repository/org/apache/pdfbox/fontbox/2.0.24/fontbox-2.0.24.jar:/home/hafidz/.m2/repository/org/apache/pdfbox/xmpbox/2.0.24/xmpbox-2.0.24.jar:/home/hafidz/.m2/repository/de/rototor/pdfbox/graphics2d/0.32/graphics2d-0.32.jar:/home/hafidz/.m2/repository/com/openhtmltopdf/openhtmltopdf-rtl-support/1.0.10/openhtmltopdf-rtl-support-1.0.10.jar:/home/hafidz/.m2/repository/com/vladsch/flexmark/flexmark-profile-pegdown/0.64.8/flexmark-profile-pegdown-0.64.8.jar:/home/hafidz/.m2/repository/com/vladsch/flexmark/flexmark-util-ast/0.64.8/flexmark-util-ast-0.64.8.jar:/home/hafidz/.m2/repository/org/jetbrains/annotations/24.0.1/annotations-24.0.1.jar:/home/hafidz/.m2/repository/com/vladsch/flexmark/flexmark-util-builder/0.64.8/flexmark-util-builder-0.64.8.jar:/home/hafidz/.m2/repository/com/vladsch/flexmark/flexmark-util-collection/0.64.8/flexmark-util-collection-0.64.8.jar:/home/hafidz/.m2/repository/com/vladsch/flexmark/flexmark-util-data/0.64.8/flexmark-util-data-0.64.8.jar:/home/hafidz/.m2/repository/com/vladsch/flexmark/flexmark-util-dependency/0.64.8/flexmark-util-dependency-0.64.8.jar:/home/hafidz/.m2/repository/com/vladsch/flexmark/flexmark-util-format/0.64.8/flexmark-util-format-0.64.8.jar:/home/hafidz/.m2/repository/com/vladsch/flexmark/flexmark-util-html/0.64.8/flexmark-util-html-0.64.8.jar:/home/hafidz/.m2/repository/com/vladsch/flexmark/flexmark-util-misc/0.64.8/flexmark-util-misc-0.64.8.jar:/home/hafidz/.m2/repository/com/vladsch/flexmark/flexmark-util-options/0.64.8/flexmark-util-options-0.64.8.jar:/home/hafidz/.m2/repository/com/vladsch/flexmark/flexmark-util-sequence/0.64.8/flexmark-util-sequence-0.64.8.jar:/home/hafidz/.m2/repository/com/vladsch/flexmark/flexmark-util-visitor/0.64.8/flexmark-util-visitor-0.64.8.jar:/home/hafidz/.m2/repository/com/vladsch/flexmark/flexmark-youtrack-converter/0.64.8/flexmark-youtrack-converter-0.64.8.jar:/home/hafidz/.m2/repository/com/vladsch/flexmark/flexmark-ext-resizable-image/0.64.8/flexmark-ext-resizable-image-0.64.8.jar:/home/hafidz/.m2/repository/com/vladsch/flexmark/flexmark-ext-tables/0.64.8/flexmark-ext-tables-0.64.8.jar:/home/hafidz/.m2/repository/com/vladsch/flexmark/flexmark-util/0.64.8/flexmark-util-0.64.8.jar:/home/hafidz/.m2/repository/net/serenity-bdd/serenity-reports/4.1.4/serenity-reports-4.1.4.jar:/home/hafidz/.m2/repository/net/serenity-bdd/serenity-stats/4.1.4/serenity-stats-4.1.4.jar:/home/hafidz/.m2/repository/org/jetbrains/kotlin/kotlin-stdlib/1.9.0/kotlin-stdlib-1.9.0.jar:/home/hafidz/.m2/repository/org/jetbrains/kotlin/kotlin-stdlib-common/1.9.0/kotlin-stdlib-common-1.9.0.jar:/home/hafidz/.m2/repository/net/serenity-bdd/serenity-reports-configuration/4.1.4/serenity-reports-configuration-4.1.4.jar:/home/hafidz/.m2/repository/com/ibm/icu/icu4j/72.1/icu4j-72.1.jar:/home/hafidz/.m2/repository/es/nitaur/markdown/txtmark/0.16/txtmark-0.16.jar:/home/hafidz/.m2/repository/net/serenity-bdd/serenity-report-resources/4.1.4/serenity-report-resources-4.1.4.jar:/home/hafidz/.m2/repository/com/google/code/gson/gson/2.10.1/gson-2.10.1.jar:/home/hafidz/.m2/repository/com/fasterxml/jackson/core/jackson-core/2.16.0/jackson-core-2.16.0.jar:/home/hafidz/.m2/repository/com/fasterxml/jackson/core/jackson-databind/2.16.0/jackson-databind-2.16.0.jar:/home/hafidz/.m2/repository/com/fasterxml/jackson/core/jackson-annotations/2.16.0/jackson-annotations-2.16.0.jar:/home/hafidz/.m2/repository/commons-codec/commons-codec/1.16.0/commons-codec-1.16.0.jar:/home/hafidz/.m2/repository/commons-io/commons-io/2.15.1/commons-io-2.15.1.jar:/home/hafidz/.m2/repository/org/apache/httpcomponents/httpclient/4.5.13/httpclient-4.5.13.jar:/home/hafidz/.m2/repository/org/apache/httpcomponents/httpcore/4.4.13/httpcore-4.4.13.jar:/home/hafidz/.m2/repository/org/seleniumhq/selenium/selenium-java/4.18.1/selenium-java-4.18.1.jar:/home/hafidz/.m2/repository/org/seleniumhq/selenium/selenium-devtools-v120/4.18.1/selenium-devtools-v120-4.18.1.jar:/home/hafidz/.m2/repository/org/seleniumhq/selenium/selenium-devtools-v121/4.18.1/selenium-devtools-v121-4.18.1.jar:/home/hafidz/.m2/repository/org/seleniumhq/selenium/selenium-devtools-v122/4.18.1/selenium-devtools-v122-4.18.1.jar:/home/hafidz/.m2/repository/org/seleniumhq/selenium/selenium-devtools-v85/4.18.1/selenium-devtools-v85-4.18.1.jar:/home/hafidz/.m2/repository/org/seleniumhq/selenium/selenium-remote-driver/4.18.1/selenium-remote-driver-4.18.1.jar:/home/hafidz/.m2/repository/io/opentelemetry/semconv/opentelemetry-semconv/1.23.1-alpha/opentelemetry-semconv-1.23.1-alpha.jar:/home/hafidz/.m2/repository/io/opentelemetry/opentelemetry-api/1.35.0/opentelemetry-api-1.35.0.jar:/home/hafidz/.m2/repository/io/opentelemetry/opentelemetry-context/1.35.0/opentelemetry-context-1.35.0.jar:/home/hafidz/.m2/repository/io/opentelemetry/opentelemetry-exporter-logging/1.35.0/opentelemetry-exporter-logging-1.35.0.jar:/home/hafidz/.m2/repository/io/opentelemetry/opentelemetry-sdk-common/1.35.0/opentelemetry-sdk-common-1.35.0.jar:/home/hafidz/.m2/repository/io/opentelemetry/opentelemetry-sdk-extension-autoconfigure-spi/1.35.0/opentelemetry-sdk-extension-autoconfigure-spi-1.35.0.jar:/home/hafidz/.m2/repository/io/opentelemetry/opentelemetry-sdk-extension-autoconfigure/1.35.0/opentelemetry-sdk-extension-autoconfigure-1.35.0.jar:/home/hafidz/.m2/repository/io/opentelemetry/opentelemetry-api-events/1.35.0-alpha/opentelemetry-api-events-1.35.0-alpha.jar:/home/hafidz/.m2/repository/io/opentelemetry/opentelemetry-sdk-trace/1.35.0/opentelemetry-sdk-trace-1.35.0.jar:/home/hafidz/.m2/repository/io/opentelemetry/opentelemetry-extension-incubator/1.35.0-alpha/opentelemetry-extension-incubator-1.35.0-alpha.jar:/home/hafidz/.m2/repository/io/opentelemetry/opentelemetry-sdk/1.35.0/opentelemetry-sdk-1.35.0.jar:/home/hafidz/.m2/repository/io/opentelemetry/opentelemetry-sdk-metrics/1.35.0/opentelemetry-sdk-metrics-1.35.0.jar:/home/hafidz/.m2/repository/io/opentelemetry/opentelemetry-sdk-logs/1.35.0/opentelemetry-sdk-logs-1.35.0.jar:/home/hafidz/.m2/repository/org/seleniumhq/selenium/selenium-os/4.18.1/selenium-os-4.18.1.jar:/home/hafidz/.m2/repository/org/apache/commons/commons-exec/1.3/commons-exec-1.3.jar:/home/hafidz/.m2/repository/org/seleniumhq/selenium/selenium-safari-driver/4.18.1/selenium-safari-driver-4.18.1.jar:/home/hafidz/.m2/repository/org/seleniumhq/selenium/selenium-api/4.18.1/selenium-api-4.18.1.jar:/home/hafidz/.m2/repository/org/seleniumhq/selenium/selenium-support/4.18.1/selenium-support-4.18.1.jar:/home/hafidz/.m2/repository/com/google/auto/service/auto-service-annotations/1.1.1/auto-service-annotations-1.1.1.jar:/home/hafidz/.m2/repository/org/seleniumhq/selenium/selenium-json/4.18.1/selenium-json-4.18.1.jar:/home/hafidz/.m2/repository/org/seleniumhq/selenium/selenium-chrome-driver/4.18.1/selenium-chrome-driver-4.18.1.jar:/home/hafidz/.m2/repository/org/seleniumhq/selenium/selenium-chromium-driver/4.18.1/selenium-chromium-driver-4.18.1.jar:/home/hafidz/.m2/repository/org/seleniumhq/selenium/selenium-manager/4.18.1/selenium-manager-4.18.1.jar:/home/hafidz/.m2/repository/org/seleniumhq/selenium/selenium-firefox-driver/4.18.1/selenium-firefox-driver-4.18.1.jar:/home/hafidz/.m2/repository/org/seleniumhq/selenium/selenium-http/4.18.1/selenium-http-4.18.1.jar:/home/hafidz/.m2/repository/dev/failsafe/failsafe/3.3.2/failsafe-3.3.2.jar:/home/hafidz/.m2/repository/org/seleniumhq/selenium/selenium-edge-driver/4.18.1/selenium-edge-driver-4.18.1.jar:/home/hafidz/.m2/repository/org/seleniumhq/selenium/selenium-ie-driver/4.18.1/selenium-ie-driver-4.18.1.jar:/home/hafidz/.m2/repository/org/htmlunit/htmlunit/3.11.0/htmlunit-3.11.0.jar:/home/hafidz/.m2/repository/org/apache/httpcomponents/httpmime/4.5.14/httpmime-4.5.14.jar:/home/hafidz/.m2/repository/org/htmlunit/htmlunit-core-js/3.11.0/htmlunit-core-js-3.11.0.jar:/home/hafidz/.m2/repository/org/htmlunit/neko-htmlunit/3.11.2/neko-htmlunit-3.11.2.jar:/home/hafidz/.m2/repository/org/htmlunit/htmlunit-cssparser/3.11.0/htmlunit-cssparser-3.11.0.jar:/home/hafidz/.m2/repository/org/htmlunit/htmlunit-xpath/3.11.0/htmlunit-xpath-3.11.0.jar:/home/hafidz/.m2/repository/org/htmlunit/htmlunit-csp/3.11.0/htmlunit-csp-3.11.0.jar:/home/hafidz/.m2/repository/org/brotli/dec/0.1.2/dec-0.1.2.jar:/home/hafidz/.m2/repository/org/eclipse/jetty/websocket/websocket-client/9.4.53.v20231009/websocket-client-9.4.53.v20231009.jar:/home/hafidz/.m2/repository/org/eclipse/jetty/jetty-client/9.4.53.v20231009/jetty-client-9.4.53.v20231009.jar:/home/hafidz/.m2/repository/org/eclipse/jetty/jetty-http/9.4.53.v20231009/jetty-http-9.4.53.v20231009.jar:/home/hafidz/.m2/repository/org/eclipse/jetty/jetty-util/9.4.53.v20231009/jetty-util-9.4.53.v20231009.jar:/home/hafidz/.m2/repository/org/eclipse/jetty/jetty-io/9.4.53.v20231009/jetty-io-9.4.53.v20231009.jar:/home/hafidz/.m2/repository/org/eclipse/jetty/websocket/websocket-common/9.4.53.v20231009/websocket-common-9.4.53.v20231009.jar:/home/hafidz/.m2/repository/org/eclipse/jetty/websocket/websocket-api/9.4.53.v20231009/websocket-api-9.4.53.v20231009.jar:/home/hafidz/.m2/repository/org/seleniumhq/selenium/htmlunit3-driver/4.17.0/htmlunit3-driver-4.17.0.jar:/home/hafidz/.m2/repository/io/appium/java-client/9.0.0/java-client-9.0.0.jar:/home/hafidz/.m2/repository/org/apache/groovy/groovy/4.0.13/groovy-4.0.13.jar:/home/hafidz/.m2/repository/net/sf/opencsv/opencsv/2.1/opencsv-2.1.jar:/home/hafidz/.m2/repository/org/apache/commons/commons-lang3/3.14.0/commons-lang3-3.14.0.jar:/home/hafidz/.m2/repository/org/apache/commons/commons-compress/1.26.0/commons-compress-1.26.0.jar:/home/hafidz/.m2/repository/org/fluentlenium/fluentlenium-core/0.10.2/fluentlenium-core-0.10.2.jar:/home/hafidz/.m2/repository/com/jhlabs/filters/2.0.235/filters-2.0.235.jar:/home/hafidz/.m2/repository/com/paulhammant/ngwebdriver/1.1.6/ngwebdriver-1.1.6.jar:/home/hafidz/.m2/repository/joda-time/joda-time/2.12.5/joda-time-2.12.5.jar:/home/hafidz/.m2/repository/com/google/jimfs/jimfs/1.3.0/jimfs-1.3.0.jar:/home/hafidz/.m2/repository/org/mockito/mockito-core/3.3.3/mockito-core-3.3.3.jar:/home/hafidz/.m2/repository/javax/xml/bind/jaxb-api/2.3.1/jaxb-api-2.3.1.jar:/home/hafidz/.m2/repository/javax/activation/javax.activation-api/1.2.0/javax.activation-api-1.2.0.jar:/home/hafidz/.m2/repository/com/sun/xml/bind/jaxb-core/2.3.0.1/jaxb-core-2.3.0.1.jar:/home/hafidz/.m2/repository/com/sun/xml/bind/jaxb-impl/2.3.3/jaxb-impl-2.3.3.jar:/home/hafidz/.m2/repository/com/sun/activation/jakarta.activation/1.2.2/jakarta.activation-1.2.2.jar:/home/hafidz/.m2/repository/javax/activation/activation/1.1.1/activation-1.1.1.jar:/home/hafidz/.m2/repository/net/serenity-bdd/serenity-junit/4.1.4/serenity-junit-4.1.4.jar:/home/hafidz/.m2/repository/jakarta/xml/bind/jakarta.xml.bind-api/4.0.0/jakarta.xml.bind-api-4.0.0.jar:/home/hafidz/.m2/repository/jakarta/activation/jakarta.activation-api/2.1.0/jakarta.activation-api-2.1.0.jar:/home/hafidz/.m2/repository/net/serenity-bdd/serenity-screenplay/4.1.4/serenity-screenplay-4.1.4.jar:/home/hafidz/.m2/repository/net/serenity-bdd/serenity-rest-assured/4.1.4/serenity-rest-assured-4.1.4.jar:/home/hafidz/.m2/repository/io/rest-assured/rest-assured/5.4.0/rest-assured-5.4.0.jar:/home/hafidz/.m2/repository/org/ccil/cowan/tagsoup/tagsoup/1.2.1/tagsoup-1.2.1.jar:/home/hafidz/.m2/repository/io/rest-assured/json-path/5.4.0/json-path-5.4.0.jar:/home/hafidz/.m2/repository/io/rest-assured/rest-assured-common/5.4.0/rest-assured-common-5.4.0.jar:/home/hafidz/.m2/repository/io/rest-assured/xml-path/5.4.0/xml-path-5.4.0.jar:/home/hafidz/.m2/repository/org/apache/groovy/groovy-json/4.0.13/groovy-json-4.0.13.jar:/home/hafidz/.m2/repository/org/apache/groovy/groovy-xml/4.0.13/groovy-xml-4.0.13.jar:/home/hafidz/.m2/repository/org/opentest4j/opentest4j/1.3.0/opentest4j-1.3.0.jar:/home/hafidz/.m2/repository/net/serenity-bdd/serenity-cucumber/4.1.4/serenity-cucumber-4.1.4.jar:/home/hafidz/.m2/repository/io/cucumber/cucumber-core/7.15.0/cucumber-core-7.15.0.jar:/home/hafidz/.m2/repository/io/cucumber/cucumber-gherkin/7.15.0/cucumber-gherkin-7.15.0.jar:/home/hafidz/.m2/repository/io/cucumber/cucumber-gherkin-messages/7.15.0/cucumber-gherkin-messages-7.15.0.jar:/home/hafidz/.m2/repository/io/cucumber/gherkin/26.2.0/gherkin-26.2.0.jar:/home/hafidz/.m2/repository/io/cucumber/messages/22.0.0/messages-22.0.0.jar:/home/hafidz/.m2/repository/io/cucumber/tag-expressions/6.0.0/tag-expressions-6.0.0.jar:/home/hafidz/.m2/repository/io/cucumber/cucumber-expressions/17.0.1/cucumber-expressions-17.0.1.jar:/home/hafidz/.m2/repository/io/cucumber/datatable/7.15.0/datatable-7.15.0.jar:/home/hafidz/.m2/repository/io/cucumber/cucumber-plugin/7.15.0/cucumber-plugin-7.15.0.jar:/home/hafidz/.m2/repository/io/cucumber/docstring/7.15.0/docstring-7.15.0.jar:/home/hafidz/.m2/repository/io/cucumber/html-formatter/20.4.0/html-formatter-20.4.0.jar:/home/hafidz/.m2/repository/io/cucumber/junit-xml-formatter/0.2.0/junit-xml-formatter-0.2.0.jar:/home/hafidz/.m2/repository/io/cucumber/ci-environment/10.0.0/ci-environment-10.0.0.jar:/home/hafidz/.m2/repository/io/cucumber/cucumber-java/7.15.0/cucumber-java-7.15.0.jar:/home/hafidz/.m2/repository/io/cucumber/cucumber-junit/7.15.0/cucumber-junit-7.15.0.jar:/home/hafidz/.m2/repository/org/apiguardian/apiguardian-api/1.1.2/apiguardian-api-1.1.2.jar:/home/hafidz/.m2/repository/org/apache/commons/commons-csv/1.5/commons-csv-1.5.jar:/home/hafidz/.m2/repository/net/serenity-bdd/serenity-screenplay-webdriver/4.1.4/serenity-screenplay-webdriver-4.1.4.jar:/home/hafidz/.m2/repository/net/serenity-bdd/serenity-jbehave/1.46.0/serenity-jbehave-1.46.0.jar:/home/hafidz/.m2/repository/commons-logging/commons-logging/1.2/commons-logging-1.2.jar:/home/hafidz/.m2/repository/com/thoughtworks/paranamer/paranamer/2.8/paranamer-2.8.jar:/home/hafidz/.m2/repository/org/jbehave/jbehave-core/4.4/jbehave-core-4.4.jar:/home/hafidz/.m2/repository/org/hamcrest/hamcrest-library/1.3/hamcrest-library-1.3.jar:/home/hafidz/.m2/repository/org/hamcrest/hamcrest-integration/1.3/hamcrest-integration-1.3.jar:/home/hafidz/.m2/repository/org/apache/commons/commons-collections4/4.1/commons-collections4-4.1.jar:/home/hafidz/.m2/repository/org/codehaus/plexus/plexus-utils/3.1.0/plexus-utils-3.1.0.jar:/home/hafidz/.m2/repository/com/github/valfirst/jbehave-junit-runner/2.2.0/jbehave-junit-runner-2.2.0.jar:/home/hafidz/.m2/repository/org/reflections/reflections/0.9.11/reflections-0.9.11.jar:/home/hafidz/.m2/repository/org/javassist/javassist/3.21.0-GA/javassist-3.21.0-GA.jar:/home/hafidz/.m2/repository/org/codehaus/groovy/groovy-all/2.4.13/groovy-all-2.4.13.jar:/home/hafidz/.m2/repository/junit/junit/4.13.2/junit-4.13.2.jar:/home/hafidz/.m2/repository/org/hamcrest/hamcrest-core/1.3/hamcrest-core-1.3.jar:/home/hafidz/.m2/repository/org/assertj/assertj-core/3.24.2/assertj-core-3.24.2.jar:/home/hafidz/.m2/repository/net/bytebuddy/byte-buddy/1.12.21/byte-buddy-1.12.21.jar:/home/hafidz/.m2/repository/org/hamcrest/hamcrest-all/1.3/hamcrest-all-1.3.jar:/home/hafidz/.m2/repository/io/rest-assured/json-schema-validator/5.3.1/json-schema-validator-5.3.1.jar:/home/hafidz/.m2/repository/com/github/java-json-tools/json-schema-validator/2.2.14/json-schema-validator-2.2.14.jar:/home/hafidz/.m2/repository/com/github/java-json-tools/jackson-coreutils-equivalence/1.0/jackson-coreutils-equivalence-1.0.jar:/home/hafidz/.m2/repository/com/github/java-json-tools/jackson-coreutils/2.0/jackson-coreutils-2.0.jar:/home/hafidz/.m2/repository/com/github/java-json-tools/msg-simple/1.2/msg-simple-1.2.jar:/home/hafidz/.m2/repository/com/github/java-json-tools/btf/1.3/btf-1.3.jar:/home/hafidz/.m2/repository/com/github/java-json-tools/json-schema-core/1.2.14/json-schema-core-1.2.14.jar:/home/hafidz/.m2/repository/com/github/java-json-tools/uri-template/0.10/uri-template-0.10.jar:/home/hafidz/.m2/repository/org/mozilla/rhino/1.7.7.2/rhino-1.7.7.2.jar:/home/hafidz/.m2/repository/com/sun/mail/mailapi/1.6.2/mailapi-1.6.2.jar:/home/hafidz/.m2/repository/com/googlecode/libphonenumber/libphonenumber/8.11.1/libphonenumber-8.11.1.jar:/home/hafidz/.m2/repository/com/google/code/findbugs/jsr305/3.0.2/jsr305-3.0.2.jar:/home/hafidz/.m2/repository/net/sf/jopt-simple/jopt-simple/5.0.4/jopt-simple-5.0.4.jar:/home/hafidz/.m2/repository/com/google/guava/guava/32.0.1-jre/guava-32.0.1-jre.jar:/home/hafidz/.m2/repository/com/google/guava/failureaccess/1.0.1/failureaccess-1.0.1.jar:/home/hafidz/.m2/repository/com/google/guava/listenablefuture/9999.0-empty-to-avoid-conflict-with-guava/listenablefuture-9999.0-empty-to-avoid-conflict-with-guava.jar:/home/hafidz/.m2/repository/org/checkerframework/checker-qual/3.33.0/checker-qual-3.33.0.jar:/home/hafidz/.m2/repository/com/google/errorprone/error_prone_annotations/2.18.0/error_prone_annotations-2.18.0.jar:/home/hafidz/.m2/repository/com/google/j2objc/j2objc-annotations/2.8/j2objc-annotations-2.8.jar:/home/hafidz/.m2/repository/com/github/javafaker/javafaker/1.0.2/javafaker-1.0.2.jar:/home/hafidz/.m2/repository/org/yaml/snakeyaml/1.23/snakeyaml-1.23-android.jar:/home/hafidz/.m2/repository/com/github/mifmif/generex/1.0.2/generex-1.0.2.jar:/home/hafidz/.m2/repository/dk/brics/automaton/automaton/1.11-8/automaton-1.11-8.jar:/home/hafidz/.m2/repository/org/hamcrest/hamcrest/2.2/hamcrest-2.2.jar:"/>
    <property name="sun.cpu.endian" value="little"/>
    <property name="user.home" value="/home/hafidz"/>
    <property name="user.language" value="en"/>
    <property name="java.specification.vendor" value="Oracle Corporation"/>
    <property name="java.version.date" value="2024-04-16"/>
    <property name="java.home" value="/usr/lib/jvm/java-17-openjdk-amd64"/>
    <property name="file.separator" value="/"/>
    <property name="basedir" value="/home/hafidz/Documents/Belajar/Alterra_Qualiry_Engineer/QE_Muhammad_Hafidz/Capstone_Complete/Capstone_API"/>
    <property name="java.vm.compressedOopsMode" value="Zero based"/>
    <property name="line.separator" value="&#10;"/>
    <property name="java.vm.specification.vendor" value="Oracle Corporation"/>
    <property name="java.specification.name" value="Java Platform API Specification"/>
    <property name="surefire.real.class.path" value="/home/hafidz/Documents/Belajar/Alterra_Qualiry_Engineer/QE_Muhammad_Hafidz/Capstone_Complete/Capstone_API/target/surefire/surefirebooter5509247131778924551.jar"/>
    <property name="sun.management.compiler" value="HotSpot 64-Bit Tiered Compilers"/>
    <property name="java.runtime.version" value="17.0.11+9-Ubuntu-122.04.1"/>
    <property name="user.name" value="hafidz"/>
    <property name="path.separator" value=":"/>
    <property name="os.version" value="6.5.0-35-generic"/>
    <property name="java.runtime.name" value="OpenJDK Runtime Environment"/>
    <property name="file.encoding" value="UTF-8"/>
    <property name="java.vm.name" value="OpenJDK 64-Bit Server VM"/>
    <property name="localRepository" value="/home/hafidz/.m2/repository"/>
    <property name="java.vendor.url.bug" value="https://bugs.launchpad.net/ubuntu/+source/openjdk-17"/>
    <property name="java.io.tmpdir" value="/tmp"/>
    <property name="java.version" value="17.0.11"/>
    <property name="user.dir" value="/home/hafidz/Documents/Belajar/Alterra_Qualiry_Engineer/QE_Muhammad_Hafidz/Capstone_Complete/Capstone_API"/>
    <property name="os.arch" value="amd64"/>
    <property name="java.vm.specification.name" value="Java Virtual Machine Specification"/>
    <property name="native.encoding" value="UTF-8"/>
    <property name="java.library.path" value="/usr/java/packages/lib:/usr/lib/x86_64-linux-gnu/jni:/lib/x86_64-linux-gnu:/usr/lib/x86_64-linux-gnu:/usr/lib/jni:/lib:/usr/lib"/>
    <property name="java.vm.info" value="mixed mode, sharing"/>
    <property name="java.vendor" value="Ubuntu"/>
    <property name="java.vm.version" value="17.0.11+9-Ubuntu-122.04.1"/>
    <property name="sun.io.unicode.encoding" value="UnicodeLittle"/>
    <property name="java.class.version" value="61.0"/>
  </properties>
  <testcase name="Register an account with valid input and valid fullname" classname="Register to Account" time="6.949">
    <failure message="1 expectation failed.&#10;Expected status code &lt;201&gt; but was &lt;409&gt;.&#10;" type="java.lang.AssertionError"><![CDATA[java.lang.AssertionError: 
1 expectation failed.
Expected status code <201> but was <409>.

]]></failure>
    <system-out><![CDATA[15:36:19.714 [main] DEBUG io.cucumber.core.plugin.SerenityReporter -- Running feature from file:///home/hafidz/Documents/Belajar/Alterra_Qualiry_Engineer/QE_Muhammad_Hafidz/Capstone_Complete/Capstone_API/src/test/resources/features/api/util/Authentication/Register.feature
15:36:19.869 [main] INFO  -- 

-------------------------------------------------------------------------------------
     _______. _______ .______       _______ .__   __.  __  .___________.____    ____ 
    /       ||   ____||   _  \     |   ____||  \ |  | |  | |           |\   \  /   / 
   |   (----`|  |__   |  |_)  |    |  |__   |   \|  | |  | `---|  |----` \   \/   /  
    \   \    |   __|  |      /     |   __|  |  . `  | |  |     |  |       \_    _/   
.----)   |   |  |____ |  |\  \----.|  |____ |  |\   | |  |     |  |         |  |     
|_______/    |_______|| _| `._____||_______||__| \__| |__|     |__|         |__|    
                                                                                     
 News and tutorials at https://serenity-bdd.info                                     
 Documentation at https://serenity-bdd.github.io                                     
 Test Automation Training and Coaching: https://www.serenity-dojo.com                
 Commercial Support: https://www.serenity-dojo.com/serenity-bdd-enterprise-support   
 Join the Serenity Community on Gitter: https://gitter.im/serenity-bdd/serenity-core 
-------------------------------------------------------------------------------------

15:36:19.880 [main] DEBUG net.thucydides.core.steps.StepEventBus -- Test suite started for story net.thucydides.model.domain.Story@e8a3a440
15:36:19.887 [main] INFO  -- Test Suite Started: Register to Account
15:36:20.038 [main] DEBUG io.cucumber.core.plugin.SerenityReporter -- Running feature from file:///home/hafidz/Documents/Belajar/Alterra_Qualiry_Engineer/QE_Muhammad_Hafidz/Capstone_Complete/Capstone_API/src/test/resources/features/api/util/Authentication/ResendOTP.feature
15:36:20.051 [main] DEBUG net.thucydides.core.steps.StepEventBus -- Test suite started for story net.thucydides.model.domain.Story@a0fb4a20
15:36:20.052 [main] INFO  -- Test Suite Started: Resend OTP
15:36:20.053 [main] DEBUG io.cucumber.core.plugin.SerenityReporter -- Running feature from file:///home/hafidz/Documents/Belajar/Alterra_Qualiry_Engineer/QE_Muhammad_Hafidz/Capstone_Complete/Capstone_API/src/test/resources/features/api/util/Authentication/ResetPassword.feature
15:36:20.060 [main] DEBUG net.thucydides.core.steps.StepEventBus -- Test suite started for story net.thucydides.model.domain.Story@27d8bd60
15:36:20.061 [main] INFO  -- Test Suite Started: Reset Password
15:36:20.061 [main] DEBUG io.cucumber.core.plugin.SerenityReporter -- Running feature from file:///home/hafidz/Documents/Belajar/Alterra_Qualiry_Engineer/QE_Muhammad_Hafidz/Capstone_Complete/Capstone_API/src/test/resources/features/api/util/Authentication/VerifyOTP.feature
15:36:20.069 [main] DEBUG net.thucydides.core.steps.StepEventBus -- Test suite started for story net.thucydides.model.domain.Story@f3f1aa60
15:36:20.070 [main] INFO  -- Test Suite Started: Verify OTP
15:36:20.071 [main] DEBUG io.cucumber.core.plugin.SerenityReporter -- Running feature from file:///home/hafidz/Documents/Belajar/Alterra_Qualiry_Engineer/QE_Muhammad_Hafidz/Capstone_Complete/Capstone_API/src/test/resources/features/api/util/Authentication/Register.feature
15:36:20.077 [main] DEBUG net.thucydides.core.steps.StepEventBus -- Test suite started for story net.thucydides.model.domain.Story@e8a3a440
15:36:20.078 [main] INFO  -- Test Suite Started: Register to Account

Scenario: Register an account with valid input and valid fullname       &amp#27;[90m# src/test/resources/features/api/util/Authentication/Register.feature:6&amp#27;[0m
15:36:20.183 [main] DEBUG io.cucumber.core.plugin.SerenityReporter -- Running feature from file:///home/hafidz/Documents/Belajar/Alterra_Qualiry_Engineer/QE_Muhammad_Hafidz/Capstone_Complete/Capstone_API/src/test/resources/features/api/util/Authentication/Register.feature
15:36:20.304 [main] INFO  -- 
  _____   ___   ___   _____     ___   _____     _     ___   _____   ___   ___  
 |_   _| | __| / __| |_   _|   / __| |_   _|   /_\   | _ \ |_   _| | __| |   \ 
   | |   | _|  \__ \   | |     \__ \   | |    / _ \  |   /   | |   | _|  | |) |
   |_|   |___| |___/   |_|     |___/   |_|   /_/ \_\ |_|_\   |_|   |___| |___/ 

Register an account with valid input and valid fullname(register-to-account;register-an-account-with-valid-input-and-valid-fullname)
--------------------------------------------------------------------------------
15:36:20.709 [main] DEBUG net.thucydides.core.steps.StepInterceptor -- STARTING STEP: P_Register.ISetOnTheRegisterEndpoint - ISendToServerRegisterPostWithValidInput
HTTP/1.1 201 Created
Date: Wed, 26 Jun 2024 08:36:26 GMT
Content-Type: application/json
Content-Length: 97
Connection: keep-alive
Vary: Origin
CF-Cache-Status: DYNAMIC
Report-To: {"endpoints":[{"url":"https:\/\/a.nel.cloudflare.com\/report\/v4?s=hwWgLFaZQpXIWOytmOttN3bxmNTETGcOveAbW0UF7wS4F1sbqvVpmMuhpKhSd7ysWAebZ9zcGkf0LPL5cqIcF8KEUPyUgD2xelyfK6EVQdPOuApdygEflW2IZ%2Buz%2FvbOXb2ZM6w%3D"}],"group":"cf-nel","max_age":604800}
NEL: {"success_fraction":0,"report_to":"cf-nel","max_age":604800}
Server: cloudflare
CF-RAY: 899bde92efba3fb1-SIN
alt-svc: h3=":443"; ma=86400

{
    "status": "Success",
    "message": "Registrasi berhasil!",
    "data": {
        "reference_id": "9Sq4tSlObmcxFSVR"
    }
}
15:36:26.640 [main] DEBUG net.thucydides.core.steps.StepInterceptor -- STEP DONE: ISendToServerRegisterPostWithValidInput
  &amp#27;[32mGiven &amp#27;[0m&amp#27;[32mI set on the register endpoint&amp#27;[0m                                  &amp#27;[90m# starter.stepdefinitions.Authentication.P_Register.ISetOnTheRegisterEndpoint()&amp#27;[0m
15:36:26.651 [main] DEBUG net.thucydides.core.steps.StepInterceptor -- STARTING STEP: P_Register.ISendValidEmailAndValidInputAndValidFullname - ISendToServerRegisterPostWithValidInput
HTTP/1.1 409 Conflict
Date: Wed, 26 Jun 2024 08:36:27 GMT
Content-Type: application/json
Content-Length: 75
Connection: keep-alive
Vary: Origin
CF-Cache-Status: DYNAMIC
Report-To: {"endpoints":[{"url":"https:\/\/a.nel.cloudflare.com\/report\/v4?s=NUo0h3%2BedVlvoV80aiFTEJzSLFZrX7ShDVYobJmm0vMvKLlRN7wTOccShUikpHrl9kvrbpilI8S%2BEslJW8kUA6nhC%2F0VqTIZhijIiMaqDt3bgN2XpIiGwdid9OUk1wEb%2FQBrktw%3D"}],"group":"cf-nel","max_age":604800}
NEL: {"success_fraction":0,"report_to":"cf-nel","max_age":604800}
Server: cloudflare
CF-RAY: 899bdea68cdf49de-SIN
alt-svc: h3=":443"; ma=86400

{
    "status": "Failed",
    "message": "username sudah ada, silahkan username lain"
}
15:36:26.891 [main] DEBUG net.thucydides.core.steps.StepInterceptor -- STEP DONE: ISendToServerRegisterPostWithValidInput
  &amp#27;[32mWhen &amp#27;[0m&amp#27;[32mI send valid email and valid input and valid input&amp#27;[0m               &amp#27;[90m# starter.stepdefinitions.Authentication.P_Register.ISendValidEmailAndValidInputAndValidFullname()&amp#27;[0m
15:36:26.913 [main] DEBUG net.thucydides.core.steps.StepInterceptor -- STARTING STEP: P_HTTPResponse.i_receive_status_code_201 - ReceiveResponse201
  &amp#27;[31mAnd &amp#27;[0m&amp#27;[31mI receive status code 201&amp#27;[0m                                         &amp#27;[90m# starter.stepdefinitions.HTTPResponse.P_HTTPResponse.i_receive_status_code_201()&amp#27;[0m
      &amp#27;[31mjava.lang.AssertionError: 1 expectation failed.
Expected status code <201> but was <409>.

	at java.base/jdk.internal.reflect.NativeConstructorAccessorImpl.newInstance0(Native Method)
	at java.base/jdk.internal.reflect.NativeConstructorAccessorImpl.newInstance(NativeConstructorAccessorImpl.java:77)
	at java.base/jdk.internal.reflect.DelegatingConstructorAccessorImpl.newInstance(DelegatingConstructorAccessorImpl.java:45)
	at java.base/java.lang.reflect.Constructor.newInstanceWithCaller(Constructor.java:499)
	at java.base/java.lang.reflect.Constructor.newInstance(Constructor.java:480)
	at org.codehaus.groovy.reflection.CachedConstructor.invoke(CachedConstructor.java:73)
	at org.codehaus.groovy.runtime.callsite.ConstructorSite$ConstructorSiteNoUnwrapNoCoerce.callConstructor(ConstructorSite.java:108)
	at org.codehaus.groovy.runtime.callsite.CallSiteArray.defaultCallConstructor(CallSiteArray.java:57)
	at org.codehaus.groovy.runtime.callsite.AbstractCallSite.callConstructor(AbstractCallSite.java:263)
	at org.codehaus.groovy.runtime.callsite.AbstractCallSite.callConstructor(AbstractCallSite.java:277)
	at io.restassured.internal.ResponseSpecificationImpl$HamcrestAssertionClosure.validate(ResponseSpecificationImpl.groovy:512)
	at io.restassured.internal.ResponseSpecificationImpl$HamcrestAssertionClosure$validate$1.call(Unknown Source)
	at org.codehaus.groovy.runtime.callsite.CallSiteArray.defaultCall(CallSiteArray.java:45)
	at org.codehaus.groovy.runtime.callsite.AbstractCallSite.call(AbstractCallSite.java:125)
	at org.codehaus.groovy.runtime.callsite.AbstractCallSite.call(AbstractCallSite.java:139)
	at io.restassured.internal.ResponseSpecificationImpl.validateResponseIfRequired(ResponseSpecificationImpl.groovy:696)
	at io.restassured.internal.ResponseSpecificationImpl.this$2$validateResponseIfRequired(ResponseSpecificationImpl.groovy)
	at java.base/jdk.internal.reflect.NativeMethodAccessorImpl.invoke0(Native Method)
	at java.base/jdk.internal.reflect.NativeMethodAccessorImpl.invoke(NativeMethodAccessorImpl.java:77)
	at java.base/jdk.internal.reflect.DelegatingMethodAccessorImpl.invoke(DelegatingMethodAccessorImpl.java:43)
	at java.base/java.lang.reflect.Method.invoke(Method.java:568)
	at org.codehaus.groovy.runtime.callsite.PlainObjectMetaMethodSite.doInvoke(PlainObjectMetaMethodSite.java:43)
	at org.codehaus.groovy.runtime.callsite.PogoMetaMethodSite$PogoCachedMethodSiteNoUnwrapNoCoerce.invoke(PogoMetaMethodSite.java:198)
	at org.codehaus.groovy.runtime.callsite.PogoMetaMethodSite.callCurrent(PogoMetaMethodSite.java:62)
	at org.codehaus.groovy.runtime.callsite.CallSiteArray.defaultCallCurrent(CallSiteArray.java:49)
	at org.codehaus.groovy.runtime.callsite.AbstractCallSite.callCurrent(AbstractCallSite.java:171)
	at org.codehaus.groovy.runtime.callsite.AbstractCallSite.callCurrent(AbstractCallSite.java:185)
	at io.restassured.internal.ResponseSpecificationImpl.statusCode(ResponseSpecificationImpl.groovy:135)
	at io.restassured.specification.ResponseSpecification$statusCode$0.callCurrent(Unknown Source)
	at org.codehaus.groovy.runtime.callsite.CallSiteArray.defaultCallCurrent(CallSiteArray.java:49)
	at org.codehaus.groovy.runtime.callsite.AbstractCallSite.callCurrent(AbstractCallSite.java:171)
	at org.codehaus.groovy.runtime.callsite.AbstractCallSite.callCurrent(AbstractCallSite.java:185)
	at io.restassured.internal.ResponseSpecificationImpl.statusCode(ResponseSpecificationImpl.groovy:143)
	at io.restassured.internal.ValidatableResponseOptionsImpl.statusCode(ValidatableResponseOptionsImpl.java:89)
	at starter.user.HTTPResponses.HTTPResponse.lambda$ReceiveResponse201$1(HTTPResponse.java:15)
	at net.serenitybdd.rest.SerenityRest.restAssuredThat(SerenityRest.java:626)
	at starter.user.HTTPResponses.HTTPResponse.ReceiveResponse201(HTTPResponse.java:15)
	at starter.user.HTTPResponses.HTTPResponse$ByteBuddy$QsIA0ahX.ReceiveResponse201$accessor$YVY1sQEe(Unknown Source)
	at java.base/jdk.internal.reflect.NativeMethodAccessorImpl.invoke0(Native Method)
	at java.base/jdk.internal.reflect.NativeMethodAccessorImpl.invoke(NativeMethodAccessorImpl.java:77)
	at java.base/jdk.internal.reflect.DelegatingMethodAccessorImpl.invoke(DelegatingMethodAccessorImpl.java:43)
	at java.base/java.lang.reflect.Method.invoke(Method.java:568)
	at net.thucydides.core.steps.StepInterceptor.invokeMethod(StepInterceptor.java:524)
	at net.thucydides.core.steps.StepInterceptor.executeTestStepMethod(StepInterceptor.java:504)
	at net.thucydides.core.steps.StepInterceptor.runTestStep(StepInterceptor.java:476)
	at net.thucydides.core.steps.StepInterceptor.runOrSkipMethod(StepInterceptor.java:218)
	at net.thucydides.core.steps.StepInterceptor.testStepResult(StepInterceptor.java:205)
	at net.thucydides.core.steps.StepInterceptor.intercept(StepInterceptor.java:93)
	at net.thucydides.core.steps.ProxyConfiguration$InterceptorDispatcher.intercept(ProxyConfiguration.java:51)
	at starter.user.HTTPResponses.HTTPResponse$ByteBuddy$QsIA0ahX.ReceiveResponse201(Unknown Source)
	at starter.stepdefinitions.HTTPResponse.P_HTTPResponse.i_receive_status_code_201(P_HTTPResponse.java:26)
	at .I receive status code 201(file:///home/hafidz/Documents/Belajar/Alterra_Qualiry_Engineer/QE_Muhammad_Hafidz/Capstone_Complete/Capstone_API/src/test/resources/features/api/util/Authentication/Register.feature:9)
&amp#27;[0m
  &amp#27;[36mThen &amp#27;[0m&amp#27;[36mCheck that I receive appropriate data for valid register request&amp#27;[0m &amp#27;[90m# starter.stepdefinitions.Authentication.P_Register.IReceiveAppropriateDataForValidRegisterRequest()&amp#27;[0m
]]></system-out>
  </testcase>
  <testcase name="Register an account with conflict email" classname="Register to Account" time="1.475"/>
  <testcase name="Register an account with conflict username" classname="Register to Account" time="0.557"/>
  <testcase name="Register an account with wrong email format" classname="Register to Account" time="0.531"/>
  <testcase name="Send OTP with valid Email" classname="Resend OTP" time="2.623"/>
  <testcase name="Send OTP with invalid Email format" classname="Resend OTP" time="0.287">
    <failure message="1 expectation failed.&#10;Expected status code &lt;400&gt; but was &lt;409&gt;.&#10;" type="java.lang.AssertionError"><![CDATA[java.lang.AssertionError: 
1 expectation failed.
Expected status code <400> but was <409>.

]]></failure>
    <system-out><![CDATA[
Scenario: Send OTP with invalid Email format                               &amp#27;[90m# src/test/resources/features/api/util/Authentication/ResendOTP.feature:12&amp#27;[0m
15:36:32.341 [main] DEBUG io.cucumber.core.plugin.SerenityReporter -- Running feature from file:///home/hafidz/Documents/Belajar/Alterra_Qualiry_Engineer/QE_Muhammad_Hafidz/Capstone_Complete/Capstone_API/src/test/resources/features/api/util/Authentication/ResendOTP.feature
15:36:32.343 [main] INFO  -- 
  _____   ___   ___   _____     ___   _____     _     ___   _____   ___   ___  
 |_   _| | __| / __| |_   _|   / __| |_   _|   /_\   | _ \ |_   _| | __| |   \ 
   | |   | _|  \__ \   | |     \__ \   | |    / _ \  |   /   | |   | _|  | |) |
   |_|   |___| |___/   |_|     |___/   |_|   /_/ \_\ |_|_\   |_|   |___| |___/ 

Send OTP with invalid Email format(resend-otp;send-otp-with-invalid-email-format)
--------------------------------------------------------------------------------
15:36:32.349 [main] DEBUG net.thucydides.core.steps.StepInterceptor -- STARTING STEP: P_ResendOTP.i_set_on_resendOTP_API_endpoint - IsetResendAPIEndPoint
15:36:32.350 [main] DEBUG net.thucydides.core.steps.StepInterceptor -- STEP DONE: IsetResendAPIEndPoint
  &amp#27;[32mGiven &amp#27;[0m&amp#27;[32mI set on ResendOTP API endpoint&amp#27;[0m                                    &amp#27;[90m# starter.stepdefinitions.Authentication.P_ResendOTP.i_set_on_resendOTP_API_endpoint()&amp#27;[0m
15:36:32.353 [main] DEBUG net.thucydides.core.steps.StepInterceptor -- STARTING STEP: P_ResendOTP.i_send_POST_request_to_server_withResend_invalid_email_format - IsendPostRequestToServerWithInvalidEmailFormat
15:36:32.355 [main] DEBUG net.thucydides.core.steps.StepInterceptor -- STARTING STEP: ResendOTP.IsendPostRequestToServerWithInvalidEmailFormat - IsetResendAPIEndPoint
15:36:32.356 [main] DEBUG net.thucydides.core.steps.StepInterceptor -- STEP DONE: IsetResendAPIEndPoint
HTTP/1.1 409 Conflict
Date: Wed, 26 Jun 2024 08:36:32 GMT
Content-Type: application/json
Content-Length: 53
Connection: keep-alive
Vary: Origin
CF-Cache-Status: DYNAMIC
Report-To: {"endpoints":[{"url":"https:\/\/a.nel.cloudflare.com\/report\/v4?s=wfY4IE6MJKon%2BACoZPqPuYOABHVBrG4GeKN9QfwG1aiUqkAqTQiAz5yex6xu33aJcGNQAwk466MfA%2BNfYH9GVoEwAnnh5CNwoujn7%2FX6Qr13JJnXXFxUdo%2B2EQfMI2acHnqmMPY%3D"}],"group":"cf-nel","max_age":604800}
NEL: {"success_fraction":0,"report_to":"cf-nel","max_age":604800}
Server: cloudflare
CF-RAY: 899bdeca0cda5fec-SIN
alt-svc: h3=":443"; ma=86400

{
    "status": "Failed",
    "message": "Akun tidak ditemukan"
}
15:36:32.586 [main] DEBUG net.thucydides.core.steps.StepInterceptor -- STEP DONE: IsendPostRequestToServerWithInvalidEmailFormat
  &amp#27;[32mWhen &amp#27;[0m&amp#27;[32mI send POST request to server with invalid email format&amp#27;[0m             &amp#27;[90m# starter.stepdefinitions.Authentication.P_ResendOTP.i_send_POST_request_to_server_withResend_invalid_email_format()&amp#27;[0m
15:36:32.595 [main] DEBUG net.thucydides.core.steps.StepInterceptor -- STARTING STEP: P_HTTPResponse.i_receive_status_code_400 - ReceiveResponse400
  &amp#27;[31mThen &amp#27;[0m&amp#27;[31mI receive status code 400&amp#27;[0m                                           &amp#27;[90m# starter.stepdefinitions.HTTPResponse.P_HTTPResponse.i_receive_status_code_400()&amp#27;[0m
      &amp#27;[31mjava.lang.AssertionError: 1 expectation failed.
Expected status code <400> but was <409>.

	at java.base/jdk.internal.reflect.NativeConstructorAccessorImpl.newInstance0(Native Method)
	at java.base/jdk.internal.reflect.NativeConstructorAccessorImpl.newInstance(NativeConstructorAccessorImpl.java:77)
	at java.base/jdk.internal.reflect.DelegatingConstructorAccessorImpl.newInstance(DelegatingConstructorAccessorImpl.java:45)
	at java.base/java.lang.reflect.Constructor.newInstanceWithCaller(Constructor.java:499)
	at java.base/java.lang.reflect.Constructor.newInstance(Constructor.java:480)
	at org.codehaus.groovy.reflection.CachedConstructor.invoke(CachedConstructor.java:73)
	at org.codehaus.groovy.runtime.callsite.ConstructorSite$ConstructorSiteNoUnwrapNoCoerce.callConstructor(ConstructorSite.java:108)
	at org.codehaus.groovy.runtime.callsite.AbstractCallSite.callConstructor(AbstractCallSite.java:277)
	at io.restassured.internal.ResponseSpecificationImpl$HamcrestAssertionClosure.validate(ResponseSpecificationImpl.groovy:512)
	at io.restassured.internal.ResponseSpecificationImpl$HamcrestAssertionClosure$validate$1.call(Unknown Source)
	at io.restassured.internal.ResponseSpecificationImpl.validateResponseIfRequired(ResponseSpecificationImpl.groovy:696)
	at io.restassured.internal.ResponseSpecificationImpl.this$2$validateResponseIfRequired(ResponseSpecificationImpl.groovy)
	at jdk.internal.reflect.GeneratedMethodAccessor93.invoke(Unknown Source)
	at java.base/jdk.internal.reflect.DelegatingMethodAccessorImpl.invoke(DelegatingMethodAccessorImpl.java:43)
	at java.base/java.lang.reflect.Method.invoke(Method.java:568)
	at org.codehaus.groovy.runtime.callsite.PlainObjectMetaMethodSite.doInvoke(PlainObjectMetaMethodSite.java:43)
	at org.codehaus.groovy.runtime.callsite.PogoMetaMethodSite$PogoCachedMethodSiteNoUnwrapNoCoerce.invoke(PogoMetaMethodSite.java:198)
	at org.codehaus.groovy.runtime.callsite.PogoMetaMethodSite.callCurrent(PogoMetaMethodSite.java:62)
	at org.codehaus.groovy.runtime.callsite.AbstractCallSite.callCurrent(AbstractCallSite.java:185)
	at io.restassured.internal.ResponseSpecificationImpl.statusCode(ResponseSpecificationImpl.groovy:135)
	at io.restassured.specification.ResponseSpecification$statusCode$0.callCurrent(Unknown Source)
	at io.restassured.internal.ResponseSpecificationImpl.statusCode(ResponseSpecificationImpl.groovy:143)
	at io.restassured.internal.ValidatableResponseOptionsImpl.statusCode(ValidatableResponseOptionsImpl.java:89)
	at starter.user.HTTPResponses.HTTPResponse.lambda$ReceiveResponse400$2(HTTPResponse.java:20)
	at net.serenitybdd.rest.SerenityRest.restAssuredThat(SerenityRest.java:626)
	at starter.user.HTTPResponses.HTTPResponse.ReceiveResponse400(HTTPResponse.java:20)
	at starter.user.HTTPResponses.HTTPResponse$ByteBuddy$QsIA0ahX.ReceiveResponse400$accessor$YVY1sQEe(Unknown Source)
	at java.base/jdk.internal.reflect.NativeMethodAccessorImpl.invoke0(Native Method)
	at java.base/jdk.internal.reflect.NativeMethodAccessorImpl.invoke(NativeMethodAccessorImpl.java:77)
	at java.base/jdk.internal.reflect.DelegatingMethodAccessorImpl.invoke(DelegatingMethodAccessorImpl.java:43)
	at java.base/java.lang.reflect.Method.invoke(Method.java:568)
	at net.thucydides.core.steps.StepInterceptor.invokeMethod(StepInterceptor.java:524)
	at net.thucydides.core.steps.StepInterceptor.executeTestStepMethod(StepInterceptor.java:504)
	at net.thucydides.core.steps.StepInterceptor.runTestStep(StepInterceptor.java:476)
	at net.thucydides.core.steps.StepInterceptor.runOrSkipMethod(StepInterceptor.java:218)
	at net.thucydides.core.steps.StepInterceptor.testStepResult(StepInterceptor.java:205)
	at net.thucydides.core.steps.StepInterceptor.intercept(StepInterceptor.java:93)
	at net.thucydides.core.steps.ProxyConfiguration$InterceptorDispatcher.intercept(ProxyConfiguration.java:51)
	at starter.user.HTTPResponses.HTTPResponse$ByteBuddy$QsIA0ahX.ReceiveResponse400(Unknown Source)
	at starter.stepdefinitions.HTTPResponse.P_HTTPResponse.i_receive_status_code_400(P_HTTPResponse.java:16)
	at .I receive status code 400(file:///home/hafidz/Documents/Belajar/Alterra_Qualiry_Engineer/QE_Muhammad_Hafidz/Capstone_Complete/Capstone_API/src/test/resources/features/api/util/Authentication/ResendOTP.feature:15)
&amp#27;[0m
  &amp#27;[36mAnd &amp#27;[0m&amp#27;[36mI dont receive the reference id and i receive an appropriate message&amp#27;[0m &amp#27;[90m# starter.stepdefinitions.Authentication.P_ResendOTP.i_dont_receive_the_reference_id_and_receive_an_appropriate_message()&amp#27;[0m
]]></system-out>
  </testcase>
  <testcase name="Send OTP with Unregistered Email" classname="Resend OTP" time="0.305">
    <failure message="1 expectation failed.&#10;Expected status code &lt;400&gt; but was &lt;409&gt;.&#10;" type="java.lang.AssertionError"><![CDATA[java.lang.AssertionError: 
1 expectation failed.
Expected status code <400> but was <409>.

]]></failure>
    <system-out><![CDATA[15:36:32.622 [main] ERROR  -- 
  _____   ___   ___   _____     ___     _     ___   _      ___   ___  
 |_   _| | __| / __| |_   _|   | __|   /_\   |_ _| | |    | __| |   \ 
   | |   | _|  \__ \   | |     | _|   / _ \   | |  | |__  | _|  | |) |
   |_|   |___| |___/   |_|     |_|   /_/ \_\ |___| |____| |___| |___/ 

Send OTP with invalid Email format
-----------------------------------------------------------------------
15:36:32.622 [main] DEBUG  -- RELATED ISSUES: 
15:36:32.623 [main] ERROR  --     Test failed at step: Receive response400
15:36:32.623 [main] ERROR  --     1 expectation failed.Expected status code <400> but was <409>.

Scenario: Send OTP with Unregistered Email                                 &amp#27;[90m# src/test/resources/features/api/util/Authentication/ResendOTP.feature:18&amp#27;[0m
15:36:32.640 [main] DEBUG io.cucumber.core.plugin.SerenityReporter -- Running feature from file:///home/hafidz/Documents/Belajar/Alterra_Qualiry_Engineer/QE_Muhammad_Hafidz/Capstone_Complete/Capstone_API/src/test/resources/features/api/util/Authentication/ResendOTP.feature
15:36:32.642 [main] INFO  -- 
  _____   ___   ___   _____     ___   _____     _     ___   _____   ___   ___  
 |_   _| | __| / __| |_   _|   / __| |_   _|   /_\   | _ \ |_   _| | __| |   \ 
   | |   | _|  \__ \   | |     \__ \   | |    / _ \  |   /   | |   | _|  | |) |
   |_|   |___| |___/   |_|     |___/   |_|   /_/ \_\ |_|_\   |_|   |___| |___/ 

Send OTP with Unregistered Email(resend-otp;send-otp-with-unregistered-email)
--------------------------------------------------------------------------------
15:36:32.646 [main] DEBUG net.thucydides.core.steps.StepInterceptor -- STARTING STEP: P_ResendOTP.i_set_on_resendOTP_API_endpoint - IsetResendAPIEndPoint
15:36:32.647 [main] DEBUG net.thucydides.core.steps.StepInterceptor -- STEP DONE: IsetResendAPIEndPoint
  &amp#27;[32mGiven &amp#27;[0m&amp#27;[32mI set on ResendOTP API endpoint&amp#27;[0m                                    &amp#27;[90m# starter.stepdefinitions.Authentication.P_ResendOTP.i_set_on_resendOTP_API_endpoint()&amp#27;[0m
15:36:32.651 [main] DEBUG net.thucydides.core.steps.StepInterceptor -- STARTING STEP: P_ResendOTP.i_send_post_request_to_server_with_unregistered_email - IsendPostRequestToServerWithAnUnRegisteredEmail
15:36:32.654 [main] DEBUG net.thucydides.core.steps.StepInterceptor -- STARTING STEP: ResendOTP.IsendPostRequestToServerWithAnUnRegisteredEmail - IsetResendAPIEndPoint
15:36:32.655 [main] DEBUG net.thucydides.core.steps.StepInterceptor -- STEP DONE: IsetResendAPIEndPoint
HTTP/1.1 409 Conflict
Date: Wed, 26 Jun 2024 08:36:33 GMT
Content-Type: application/json
Content-Length: 53
Connection: keep-alive
Vary: Origin
CF-Cache-Status: DYNAMIC
Report-To: {"endpoints":[{"url":"https:\/\/a.nel.cloudflare.com\/report\/v4?s=4Gkb1l80yxvz4enr7%2BnLEpI8TS2mnLgePCuW3Kyot12LwThSbXhYc9MNNQ4hyoPWmcMaxSRmUF24AR2uYQJorRfeKq8QJkK259jzgs7yi39f22zyuzL9ow9PGaKY2rG5cTVkcRY%3D"}],"group":"cf-nel","max_age":604800}
NEL: {"success_fraction":0,"report_to":"cf-nel","max_age":604800}
Server: cloudflare
CF-RAY: 899bdecc0f1c7972-SIN
alt-svc: h3=":443"; ma=86400

{
    "status": "Failed",
    "message": "Akun tidak ditemukan"
}
15:36:32.897 [main] DEBUG net.thucydides.core.steps.StepInterceptor -- STEP DONE: IsendPostRequestToServerWithAnUnRegisteredEmail
  &amp#27;[32mWhen &amp#27;[0m&amp#27;[32mI send POST request to server with Unregistered Email&amp#27;[0m               &amp#27;[90m# starter.stepdefinitions.Authentication.P_ResendOTP.i_send_post_request_to_server_with_unregistered_email()&amp#27;[0m
15:36:32.912 [main] DEBUG net.thucydides.core.steps.StepInterceptor -- STARTING STEP: P_HTTPResponse.i_receive_status_code_400 - ReceiveResponse400
  &amp#27;[31mThen &amp#27;[0m&amp#27;[31mI receive status code 400&amp#27;[0m                                           &amp#27;[90m# starter.stepdefinitions.HTTPResponse.P_HTTPResponse.i_receive_status_code_400()&amp#27;[0m
      &amp#27;[31mjava.lang.AssertionError: 1 expectation failed.
Expected status code <400> but was <409>.

	at java.base/jdk.internal.reflect.NativeConstructorAccessorImpl.newInstance0(Native Method)
	at java.base/jdk.internal.reflect.NativeConstructorAccessorImpl.newInstance(NativeConstructorAccessorImpl.java:77)
	at java.base/jdk.internal.reflect.DelegatingConstructorAccessorImpl.newInstance(DelegatingConstructorAccessorImpl.java:45)
	at java.base/java.lang.reflect.Constructor.newInstanceWithCaller(Constructor.java:499)
	at java.base/java.lang.reflect.Constructor.newInstance(Constructor.java:480)
	at org.codehaus.groovy.reflection.CachedConstructor.invoke(CachedConstructor.java:73)
	at org.codehaus.groovy.runtime.callsite.ConstructorSite$ConstructorSiteNoUnwrapNoCoerce.callConstructor(ConstructorSite.java:108)
	at org.codehaus.groovy.runtime.callsite.AbstractCallSite.callConstructor(AbstractCallSite.java:277)
	at io.restassured.internal.ResponseSpecificationImpl$HamcrestAssertionClosure.validate(ResponseSpecificationImpl.groovy:512)
	at io.restassured.internal.ResponseSpecificationImpl$HamcrestAssertionClosure$validate$1.call(Unknown Source)
	at io.restassured.internal.ResponseSpecificationImpl.validateResponseIfRequired(ResponseSpecificationImpl.groovy:696)
	at io.restassured.internal.ResponseSpecificationImpl.this$2$validateResponseIfRequired(ResponseSpecificationImpl.groovy)
	at jdk.internal.reflect.GeneratedMethodAccessor93.invoke(Unknown Source)
	at java.base/jdk.internal.reflect.DelegatingMethodAccessorImpl.invoke(DelegatingMethodAccessorImpl.java:43)
	at java.base/java.lang.reflect.Method.invoke(Method.java:568)
	at org.codehaus.groovy.runtime.callsite.PlainObjectMetaMethodSite.doInvoke(PlainObjectMetaMethodSite.java:43)
	at org.codehaus.groovy.runtime.callsite.PogoMetaMethodSite$PogoCachedMethodSiteNoUnwrapNoCoerce.invoke(PogoMetaMethodSite.java:198)
	at org.codehaus.groovy.runtime.callsite.PogoMetaMethodSite.callCurrent(PogoMetaMethodSite.java:62)
	at org.codehaus.groovy.runtime.callsite.AbstractCallSite.callCurrent(AbstractCallSite.java:185)
	at io.restassured.internal.ResponseSpecificationImpl.statusCode(ResponseSpecificationImpl.groovy:135)
	at io.restassured.specification.ResponseSpecification$statusCode$0.callCurrent(Unknown Source)
	at io.restassured.internal.ResponseSpecificationImpl.statusCode(ResponseSpecificationImpl.groovy:143)
	at io.restassured.internal.ValidatableResponseOptionsImpl.statusCode(ValidatableResponseOptionsImpl.java:89)
	at starter.user.HTTPResponses.HTTPResponse.lambda$ReceiveResponse400$2(HTTPResponse.java:20)
	at net.serenitybdd.rest.SerenityRest.restAssuredThat(SerenityRest.java:626)
	at starter.user.HTTPResponses.HTTPResponse.ReceiveResponse400(HTTPResponse.java:20)
	at starter.user.HTTPResponses.HTTPResponse$ByteBuddy$QsIA0ahX.ReceiveResponse400$accessor$YVY1sQEe(Unknown Source)
	at java.base/jdk.internal.reflect.NativeMethodAccessorImpl.invoke0(Native Method)
	at java.base/jdk.internal.reflect.NativeMethodAccessorImpl.invoke(NativeMethodAccessorImpl.java:77)
	at java.base/jdk.internal.reflect.DelegatingMethodAccessorImpl.invoke(DelegatingMethodAccessorImpl.java:43)
	at java.base/java.lang.reflect.Method.invoke(Method.java:568)
	at net.thucydides.core.steps.StepInterceptor.invokeMethod(StepInterceptor.java:524)
	at net.thucydides.core.steps.StepInterceptor.executeTestStepMethod(StepInterceptor.java:504)
	at net.thucydides.core.steps.StepInterceptor.runTestStep(StepInterceptor.java:476)
	at net.thucydides.core.steps.StepInterceptor.runOrSkipMethod(StepInterceptor.java:218)
	at net.thucydides.core.steps.StepInterceptor.testStepResult(StepInterceptor.java:205)
	at net.thucydides.core.steps.StepInterceptor.intercept(StepInterceptor.java:93)
	at net.thucydides.core.steps.ProxyConfiguration$InterceptorDispatcher.intercept(ProxyConfiguration.java:51)
	at starter.user.HTTPResponses.HTTPResponse$ByteBuddy$QsIA0ahX.ReceiveResponse400(Unknown Source)
	at starter.stepdefinitions.HTTPResponse.P_HTTPResponse.i_receive_status_code_400(P_HTTPResponse.java:16)
	at .I receive status code 400(file:///home/hafidz/Documents/Belajar/Alterra_Qualiry_Engineer/QE_Muhammad_Hafidz/Capstone_Complete/Capstone_API/src/test/resources/features/api/util/Authentication/ResendOTP.feature:21)
&amp#27;[0m
  &amp#27;[36mAnd &amp#27;[0m&amp#27;[36mI dont receive the reference id and i receive an appropriate message&amp#27;[0m &amp#27;[90m# starter.stepdefinitions.Authentication.P_ResendOTP.i_dont_receive_the_reference_id_and_receive_an_appropriate_message()&amp#27;[0m
]]></system-out>
  </testcase>
  <testcase name="Send POST request with valid reference_id and match password and confirm password" classname="Reset Password" time="0.282">
    <failure message="1 expectation failed.&#10;Expected status code &lt;200&gt; but was &lt;409&gt;.&#10;" type="java.lang.AssertionError"><![CDATA[java.lang.AssertionError: 
1 expectation failed.
Expected status code <200> but was <409>.

]]></failure>
    <system-out><![CDATA[15:36:32.933 [main] ERROR  -- 
  _____   ___   ___   _____     ___     _     ___   _      ___   ___  
 |_   _| | __| / __| |_   _|   | __|   /_\   |_ _| | |    | __| |   \ 
   | |   | _|  \__ \   | |     | _|   / _ \   | |  | |__  | _|  | |) |
   |_|   |___| |___/   |_|     |_|   /_/ \_\ |___| |____| |___| |___/ 

Send OTP with Unregistered Email
-----------------------------------------------------------------------
15:36:32.933 [main] DEBUG  -- RELATED ISSUES: 
15:36:32.934 [main] ERROR  --     Test failed at step: Receive response400
15:36:32.935 [main] ERROR  --     1 expectation failed.Expected status code <400> but was <409>.
15:36:32.947 [main] DEBUG io.cucumber.core.plugin.SerenityReporter -- Running feature from file:///home/hafidz/Documents/Belajar/Alterra_Qualiry_Engineer/QE_Muhammad_Hafidz/Capstone_Complete/Capstone_API/src/test/resources/features/api/util/Authentication/ResetPassword.feature
15:36:32.951 [main] DEBUG net.thucydides.core.steps.StepEventBus -- Test suite started for story net.thucydides.model.domain.Story@27d8bd60
15:36:32.951 [main] INFO  -- Test Suite Started: Reset Password

Scenario: Send POST request with valid reference_id and match password and confirm password                &amp#27;[90m# src/test/resources/features/api/util/Authentication/ResetPassword.feature:6&amp#27;[0m
15:36:32.971 [main] DEBUG io.cucumber.core.plugin.SerenityReporter -- Running feature from file:///home/hafidz/Documents/Belajar/Alterra_Qualiry_Engineer/QE_Muhammad_Hafidz/Capstone_Complete/Capstone_API/src/test/resources/features/api/util/Authentication/ResetPassword.feature
15:36:32.974 [main] INFO  -- 
  _____   ___   ___   _____     ___   _____     _     ___   _____   ___   ___  
 |_   _| | __| / __| |_   _|   / __| |_   _|   /_\   | _ \ |_   _| | __| |   \ 
   | |   | _|  \__ \   | |     \__ \   | |    / _ \  |   /   | |   | _|  | |) |
   |_|   |___| |___/   |_|     |___/   |_|   /_/ \_\ |_|_\   |_|   |___| |___/ 

Send POST request with valid reference_id and match password and confirm password(reset-password;send-post-request-with-valid-reference-id-and-match-password-and-confirm-password)
--------------------------------------------------------------------------------
15:36:32.993 [main] DEBUG net.thucydides.core.steps.StepInterceptor -- STARTING STEP: P_ResetPassword.i_set_on_ResetPassword_OTP_API_endpoint - IsetOnResetPasswordAPIEndpoint
15:36:32.993 [main] DEBUG net.thucydides.core.steps.StepInterceptor -- STEP DONE: IsetOnResetPasswordAPIEndpoint
  &amp#27;[32mGiven &amp#27;[0m&amp#27;[32mI set on ResetPassword OTP API endpoint&amp#27;[0m                                                            &amp#27;[90m# starter.stepdefinitions.Authentication.P_ResetPassword.i_set_on_ResetPassword_OTP_API_endpoint()&amp#27;[0m
15:36:32.997 [main] DEBUG net.thucydides.core.steps.StepInterceptor -- STARTING STEP: P_ResetPassword.i_send_post_request_to_server_with_match_password_and_confirmPassword - IsendPOSTrequesToServerWithMatchValidReference_idAndMatchPasswordAndConfirmPassword
15:36:33.001 [main] DEBUG net.thucydides.core.steps.StepInterceptor -- STARTING STEP: ResetPassword.IsendPOSTrequesToServerWithMatchValidReference_idAndMatchPasswordAndConfirmPassword - IsetOnResetPasswordAPIEndpoint
15:36:33.002 [main] DEBUG net.thucydides.core.steps.StepInterceptor -- STEP DONE: IsetOnResetPasswordAPIEndpoint
HTTP/1.1 409 Conflict
Date: Wed, 26 Jun 2024 08:36:33 GMT
Content-Type: application/json
Content-Length: 53
Connection: keep-alive
Vary: Origin
CF-Cache-Status: DYNAMIC
Report-To: {"endpoints":[{"url":"https:\/\/a.nel.cloudflare.com\/report\/v4?s=i8lF9KBKyZA7QbPy9%2B7JzrzmboK1bOTJssOCktn4cymQrRi7ysbhbhc73c2aIJP072MwUGQzUXzeD7V8G71ANljnEeo1hjefMl9znPECEBl5ZUFIwt1T4N3BVdI%2B6AYY4B3EOoQ%3D"}],"group":"cf-nel","max_age":604800}
NEL: {"success_fraction":0,"report_to":"cf-nel","max_age":604800}
Server: cloudflare
CF-RAY: 899bdece0e389d20-SIN
alt-svc: h3=":443"; ma=86400

{
    "status": "Failed",
    "message": "Akun tidak ditemukan"
}
15:36:33.209 [main] DEBUG net.thucydides.core.steps.StepInterceptor -- STEP DONE: IsendPOSTrequesToServerWithMatchValidReference_idAndMatchPasswordAndConfirmPassword
  &amp#27;[32mWhen &amp#27;[0m&amp#27;[32mI send POST request to server with match valid reference_id and match password and confirm password&amp#27;[0m &amp#27;[90m# starter.stepdefinitions.Authentication.P_ResetPassword.i_send_post_request_to_server_with_match_password_and_confirmPassword()&amp#27;[0m
15:36:33.214 [main] DEBUG net.thucydides.core.steps.StepInterceptor -- STARTING STEP: P_HTTPResponse.i_receive_status_code_200 - ReceiveResponse200
  &amp#27;[31mThen &amp#27;[0m&amp#27;[31mI receive status code 200&amp#27;[0m                                                                           &amp#27;[90m# starter.stepdefinitions.HTTPResponse.P_HTTPResponse.i_receive_status_code_200()&amp#27;[0m
      &amp#27;[31mjava.lang.AssertionError: 1 expectation failed.
Expected status code <200> but was <409>.

	at java.base/jdk.internal.reflect.NativeConstructorAccessorImpl.newInstance0(Native Method)
	at java.base/jdk.internal.reflect.NativeConstructorAccessorImpl.newInstance(NativeConstructorAccessorImpl.java:77)
	at java.base/jdk.internal.reflect.DelegatingConstructorAccessorImpl.newInstance(DelegatingConstructorAccessorImpl.java:45)
	at java.base/java.lang.reflect.Constructor.newInstanceWithCaller(Constructor.java:499)
	at java.base/java.lang.reflect.Constructor.newInstance(Constructor.java:480)
	at org.codehaus.groovy.reflection.CachedConstructor.invoke(CachedConstructor.java:73)
	at org.codehaus.groovy.runtime.callsite.ConstructorSite$ConstructorSiteNoUnwrapNoCoerce.callConstructor(ConstructorSite.java:108)
	at org.codehaus.groovy.runtime.callsite.AbstractCallSite.callConstructor(AbstractCallSite.java:277)
	at io.restassured.internal.ResponseSpecificationImpl$HamcrestAssertionClosure.validate(ResponseSpecificationImpl.groovy:512)
	at io.restassured.internal.ResponseSpecificationImpl$HamcrestAssertionClosure$validate$1.call(Unknown Source)
	at io.restassured.internal.ResponseSpecificationImpl.validateResponseIfRequired(ResponseSpecificationImpl.groovy:696)
	at io.restassured.internal.ResponseSpecificationImpl.this$2$validateResponseIfRequired(ResponseSpecificationImpl.groovy)
	at jdk.internal.reflect.GeneratedMethodAccessor93.invoke(Unknown Source)
	at java.base/jdk.internal.reflect.DelegatingMethodAccessorImpl.invoke(DelegatingMethodAccessorImpl.java:43)
	at java.base/java.lang.reflect.Method.invoke(Method.java:568)
	at org.codehaus.groovy.runtime.callsite.PlainObjectMetaMethodSite.doInvoke(PlainObjectMetaMethodSite.java:43)
	at org.codehaus.groovy.runtime.callsite.PogoMetaMethodSite$PogoCachedMethodSiteNoUnwrapNoCoerce.invoke(PogoMetaMethodSite.java:198)
	at org.codehaus.groovy.runtime.callsite.PogoMetaMethodSite.callCurrent(PogoMetaMethodSite.java:62)
	at org.codehaus.groovy.runtime.callsite.AbstractCallSite.callCurrent(AbstractCallSite.java:185)
	at io.restassured.internal.ResponseSpecificationImpl.statusCode(ResponseSpecificationImpl.groovy:135)
	at io.restassured.specification.ResponseSpecification$statusCode$0.callCurrent(Unknown Source)
	at io.restassured.internal.ResponseSpecificationImpl.statusCode(ResponseSpecificationImpl.groovy:143)
	at io.restassured.internal.ValidatableResponseOptionsImpl.statusCode(ValidatableResponseOptionsImpl.java:89)
	at starter.user.HTTPResponses.HTTPResponse.lambda$ReceiveResponse200$0(HTTPResponse.java:10)
	at net.serenitybdd.rest.SerenityRest.restAssuredThat(SerenityRest.java:626)
	at starter.user.HTTPResponses.HTTPResponse.ReceiveResponse200(HTTPResponse.java:10)
	at starter.user.HTTPResponses.HTTPResponse$ByteBuddy$QsIA0ahX.ReceiveResponse200$accessor$YVY1sQEe(Unknown Source)
	at java.base/jdk.internal.reflect.NativeMethodAccessorImpl.invoke0(Native Method)
	at java.base/jdk.internal.reflect.NativeMethodAccessorImpl.invoke(NativeMethodAccessorImpl.java:77)
	at java.base/jdk.internal.reflect.DelegatingMethodAccessorImpl.invoke(DelegatingMethodAccessorImpl.java:43)
	at java.base/java.lang.reflect.Method.invoke(Method.java:568)
	at net.thucydides.core.steps.StepInterceptor.invokeMethod(StepInterceptor.java:524)
	at net.thucydides.core.steps.StepInterceptor.executeTestStepMethod(StepInterceptor.java:504)
	at net.thucydides.core.steps.StepInterceptor.runTestStep(StepInterceptor.java:476)
	at net.thucydides.core.steps.StepInterceptor.runOrSkipMethod(StepInterceptor.java:218)
	at net.thucydides.core.steps.StepInterceptor.testStepResult(StepInterceptor.java:205)
	at net.thucydides.core.steps.StepInterceptor.intercept(StepInterceptor.java:93)
	at net.thucydides.core.steps.ProxyConfiguration$InterceptorDispatcher.intercept(ProxyConfiguration.java:51)
	at starter.user.HTTPResponses.HTTPResponse$ByteBuddy$QsIA0ahX.ReceiveResponse200(Unknown Source)
	at starter.stepdefinitions.HTTPResponse.P_HTTPResponse.i_receive_status_code_200(P_HTTPResponse.java:31)
	at .I receive status code 200(file:///home/hafidz/Documents/Belajar/Alterra_Qualiry_Engineer/QE_Muhammad_Hafidz/Capstone_Complete/Capstone_API/src/test/resources/features/api/util/Authentication/ResetPassword.feature:9)
&amp#27;[0m
  &amp#27;[36mAnd &amp#27;[0m&amp#27;[36mI receive a message that say that i m succeed at resetting password and my password is changed&amp#27;[0m       &amp#27;[90m# starter.stepdefinitions.Authentication.P_ResetPassword.i_receive_a_message_that_say_that_i_m_succeed_at_resetting_password()&amp#27;[0m
]]></system-out>
  </testcase>
  <testcase name="Send POST request with valid reference_id and unmatch password and confirm password" classname="Reset Password" time="0.051">
    <error message="The step &apos;I send POST request to server with unmatch valid reference_id and match password and confirm password&apos; and 1 other step(s) are undefined.&#10;You can implement these steps using the snippet(s) below:&#10;&#10;@When(&quot;I send POST request to server with unmatch valid reference_id and match password and confirm password&quot;)&#10;public void i_send_post_request_to_server_with_unmatch_valid_reference_id_and_match_password_and_confirm_password() {&#10;    // Write code here that turns the phrase above into concrete actions&#10;    throw new io.cucumber.java.PendingException();&#10;}&#10;@Then(&quot;I receive a message that say that i m succeed at resetting password and my password does not changed&quot;)&#10;public void i_receive_a_message_that_say_that_i_m_succeed_at_resetting_password_and_my_password_does_not_changed() {&#10;    // Write code here that turns the phrase above into concrete actions&#10;    throw new io.cucumber.java.PendingException();&#10;}&#10;" type="io.cucumber.junit.UndefinedStepException">io.cucumber.junit.UndefinedStepException: 
The step 'I send POST request to server with unmatch valid reference_id and match password and confirm password' and 1 other step(s) are undefined.
You can implement these steps using the snippet(s) below:

@When("I send POST request to server with unmatch valid reference_id and match password and confirm password")
public void i_send_post_request_to_server_with_unmatch_valid_reference_id_and_match_password_and_confirm_password() {
    // Write code here that turns the phrase above into concrete actions
    throw new io.cucumber.java.PendingException();
}
@Then("I receive a message that say that i m succeed at resetting password and my password does not changed")
public void i_receive_a_message_that_say_that_i_m_succeed_at_resetting_password_and_my_password_does_not_changed() {
    // Write code here that turns the phrase above into concrete actions
    throw new io.cucumber.java.PendingException();
}

</error>
    <system-out><![CDATA[15:36:33.230 [main] ERROR  -- 
  _____   ___   ___   _____     ___     _     ___   _      ___   ___  
 |_   _| | __| / __| |_   _|   | __|   /_\   |_ _| | |    | __| |   \ 
   | |   | _|  \__ \   | |     | _|   / _ \   | |  | |__  | _|  | |) |
   |_|   |___| |___/   |_|     |_|   /_/ \_\ |___| |____| |___| |___/ 

Send POST request with valid reference_id and match password and confirm password
-----------------------------------------------------------------------
15:36:33.231 [main] DEBUG  -- RELATED ISSUES: 
15:36:33.231 [main] ERROR  --     Test failed at step: Receive response200
15:36:33.231 [main] ERROR  --     1 expectation failed.Expected status code <200> but was <409>.

Scenario: Send POST request with valid reference_id and unmatch password and confirm password                &amp#27;[90m# src/test/resources/features/api/util/Authentication/ResetPassword.feature:12&amp#27;[0m
15:36:33.266 [main] DEBUG io.cucumber.core.plugin.SerenityReporter -- Running feature from file:///home/hafidz/Documents/Belajar/Alterra_Qualiry_Engineer/QE_Muhammad_Hafidz/Capstone_Complete/Capstone_API/src/test/resources/features/api/util/Authentication/ResetPassword.feature
15:36:33.268 [main] INFO  -- 
  _____   ___   ___   _____     ___   _____     _     ___   _____   ___   ___  
 |_   _| | __| / __| |_   _|   / __| |_   _|   /_\   | _ \ |_   _| | __| |   \ 
   | |   | _|  \__ \   | |     \__ \   | |    / _ \  |   /   | |   | _|  | |) |
   |_|   |___| |___/   |_|     |___/   |_|   /_/ \_\ |_|_\   |_|   |___| |___/ 

Send POST request with valid reference_id and unmatch password and confirm password(reset-password;send-post-request-with-valid-reference-id-and-unmatch-password-and-confirm-password)
--------------------------------------------------------------------------------
15:36:33.274 [main] DEBUG net.thucydides.core.steps.StepInterceptor -- STARTING STEP: P_ResetPassword.i_set_on_ResetPassword_OTP_API_endpoint - IsetOnResetPasswordAPIEndpoint
15:36:33.274 [main] DEBUG net.thucydides.core.steps.StepInterceptor -- STEP DONE: IsetOnResetPasswordAPIEndpoint
  &amp#27;[32mGiven &amp#27;[0m&amp#27;[32mI set on ResetPassword OTP API endpoint&amp#27;[0m                                                              &amp#27;[90m# starter.stepdefinitions.Authentication.P_ResetPassword.i_set_on_ResetPassword_OTP_API_endpoint()&amp#27;[0m
  &amp#27;[33mWhen &amp#27;[0m&amp#27;[33mI send POST request to server with unmatch valid reference_id and match password and confirm password&amp#27;[0m
  &amp#27;[36mThen &amp#27;[0m&amp#27;[36mI receive status code 400&amp#27;[0m                                                                             &amp#27;[90m# starter.stepdefinitions.HTTPResponse.P_HTTPResponse.i_receive_status_code_400()&amp#27;[0m
  &amp#27;[36mAnd &amp#27;[0m&amp#27;[36mI receive a message that say that i m succeed at resetting password and my password does not changed&amp#27;[0m
]]></system-out>
  </testcase>
  <testcase name="Send POST request with match reference_id and OTP" classname="Verify OTP" time="0.251">
    <failure message="1 expectation failed.&#10;Expected status code &lt;201&gt; but was &lt;409&gt;.&#10;" type="java.lang.AssertionError"><![CDATA[java.lang.AssertionError: 
1 expectation failed.
Expected status code <201> but was <409>.

]]></failure>
    <system-out><![CDATA[15:36:33.291 [main] INFO  -- 
  _____   ___   ___   _____     ___   ___   _  _   ___    ___   _  _    ___ 
 |_   _| | __| / __| |_   _|   | _ \ | __| | \| | |   \  |_ _| | \| |  / __|
   | |   | _|  \__ \   | |     |  _/ | _|  | .` | | |) |  | |  | .` | | (_ |
   |_|   |___| |___/   |_|     |_|   |___| |_|\_| |___/  |___| |_|\_|  \___|

Send POST request with valid reference_id and unmatch password and confirm password
-----------------------------------------------------------------------------
15:36:33.297 [main] DEBUG io.cucumber.core.plugin.SerenityReporter -- Running feature from file:///home/hafidz/Documents/Belajar/Alterra_Qualiry_Engineer/QE_Muhammad_Hafidz/Capstone_Complete/Capstone_API/src/test/resources/features/api/util/Authentication/VerifyOTP.feature
15:36:33.299 [main] DEBUG net.thucydides.core.steps.StepEventBus -- Test suite started for story net.thucydides.model.domain.Story@f3f1aa60
15:36:33.300 [main] INFO  -- Test Suite Started: Verify OTP

Scenario: Send POST request with match reference_id and OTP          &amp#27;[90m# src/test/resources/features/api/util/Authentication/VerifyOTP.feature:6&amp#27;[0m
15:36:33.303 [main] DEBUG io.cucumber.core.plugin.SerenityReporter -- Running feature from file:///home/hafidz/Documents/Belajar/Alterra_Qualiry_Engineer/QE_Muhammad_Hafidz/Capstone_Complete/Capstone_API/src/test/resources/features/api/util/Authentication/VerifyOTP.feature
15:36:33.305 [main] INFO  -- 
  _____   ___   ___   _____     ___   _____     _     ___   _____   ___   ___  
 |_   _| | __| / __| |_   _|   / __| |_   _|   /_\   | _ \ |_   _| | __| |   \ 
   | |   | _|  \__ \   | |     \__ \   | |    / _ \  |   /   | |   | _|  | |) |
   |_|   |___| |___/   |_|     |___/   |_|   /_/ \_\ |_|_\   |_|   |___| |___/ 

Send POST request with match reference_id and OTP(verify-otp;send-post-request-with-match-reference-id-and-otp)
--------------------------------------------------------------------------------
15:36:33.322 [main] DEBUG net.thucydides.core.steps.StepInterceptor -- STARTING STEP: P_VerifyOTP.i_set_on_verify_OTP_end_point - IsetVerifyAPIEndPoint
15:36:33.322 [main] DEBUG net.thucydides.core.steps.StepInterceptor -- STEP DONE: IsetVerifyAPIEndPoint
  &amp#27;[32mGiven &amp#27;[0m&amp#27;[32mI set on VerifyOTP API endpoint&amp#27;[0m                              &amp#27;[90m# starter.stepdefinitions.Authentication.P_VerifyOTP.i_set_on_verify_OTP_end_point()&amp#27;[0m
15:36:33.327 [main] DEBUG net.thucydides.core.steps.StepInterceptor -- STARTING STEP: P_VerifyOTP.i_send_post_request_to_server_with_match_reference_id_and_OTP - IsendPostRequestToServerWithMatchReferenceIDAndOTP
15:36:33.330 [main] DEBUG net.thucydides.core.steps.StepInterceptor -- STARTING STEP: VerifyOTP.IsendPostRequestToServerWithMatchReferenceIDAndOTP - IsetVerifyAPIEndPoint
15:36:33.330 [main] DEBUG net.thucydides.core.steps.StepInterceptor -- STEP DONE: IsetVerifyAPIEndPoint
HTTP/1.1 409 Conflict
Date: Wed, 26 Jun 2024 08:36:33 GMT
Content-Type: application/json
Content-Length: 53
Connection: keep-alive
Vary: Origin
CF-Cache-Status: DYNAMIC
Report-To: {"endpoints":[{"url":"https:\/\/a.nel.cloudflare.com\/report\/v4?s=zbcAh00LcAPzybGx9QYVGohBCfQ6J%2BTVRYZFDZYoyiW8gLmqmb%2BO%2BTFDQVtEVI8Wqpm00wPuhswDmqSyuGtwVFThLR1O4y87moUBgZcf4590CKjJhvU6LYZqbeY8ri42imK6LO0%3D"}],"group":"cf-nel","max_age":604800}
NEL: {"success_fraction":0,"report_to":"cf-nel","max_age":604800}
Server: cloudflare
CF-RAY: 899bdecfefe05f53-SIN
alt-svc: h3=":443"; ma=86400

{
    "status": "Failed",
    "message": "Akun tidak ditemukan"
}
15:36:33.516 [main] DEBUG net.thucydides.core.steps.StepInterceptor -- STEP DONE: IsendPostRequestToServerWithMatchReferenceIDAndOTP
  &amp#27;[32mWhen &amp#27;[0m&amp#27;[32mI send POST request to server with match reference_id and OTP&amp#27;[0m &amp#27;[90m# starter.stepdefinitions.Authentication.P_VerifyOTP.i_send_post_request_to_server_with_match_reference_id_and_OTP()&amp#27;[0m
15:36:33.525 [main] DEBUG net.thucydides.core.steps.StepInterceptor -- STARTING STEP: P_HTTPResponse.i_receive_status_code_201 - ReceiveResponse201
  &amp#27;[31mThen &amp#27;[0m&amp#27;[31mI receive status code 201&amp#27;[0m                                     &amp#27;[90m# starter.stepdefinitions.HTTPResponse.P_HTTPResponse.i_receive_status_code_201()&amp#27;[0m
      &amp#27;[31mjava.lang.AssertionError: 1 expectation failed.
Expected status code <201> but was <409>.

	at java.base/jdk.internal.reflect.NativeConstructorAccessorImpl.newInstance0(Native Method)
	at java.base/jdk.internal.reflect.NativeConstructorAccessorImpl.newInstance(NativeConstructorAccessorImpl.java:77)
	at java.base/jdk.internal.reflect.DelegatingConstructorAccessorImpl.newInstance(DelegatingConstructorAccessorImpl.java:45)
	at java.base/java.lang.reflect.Constructor.newInstanceWithCaller(Constructor.java:499)
	at java.base/java.lang.reflect.Constructor.newInstance(Constructor.java:480)
	at org.codehaus.groovy.reflection.CachedConstructor.invoke(CachedConstructor.java:73)
	at org.codehaus.groovy.runtime.callsite.ConstructorSite$ConstructorSiteNoUnwrapNoCoerce.callConstructor(ConstructorSite.java:108)
	at org.codehaus.groovy.runtime.callsite.AbstractCallSite.callConstructor(AbstractCallSite.java:277)
	at io.restassured.internal.ResponseSpecificationImpl$HamcrestAssertionClosure.validate(ResponseSpecificationImpl.groovy:512)
	at io.restassured.internal.ResponseSpecificationImpl$HamcrestAssertionClosure$validate$1.call(Unknown Source)
	at io.restassured.internal.ResponseSpecificationImpl.validateResponseIfRequired(ResponseSpecificationImpl.groovy:696)
	at io.restassured.internal.ResponseSpecificationImpl.this$2$validateResponseIfRequired(ResponseSpecificationImpl.groovy)
	at jdk.internal.reflect.GeneratedMethodAccessor93.invoke(Unknown Source)
	at java.base/jdk.internal.reflect.DelegatingMethodAccessorImpl.invoke(DelegatingMethodAccessorImpl.java:43)
	at java.base/java.lang.reflect.Method.invoke(Method.java:568)
	at org.codehaus.groovy.runtime.callsite.PlainObjectMetaMethodSite.doInvoke(PlainObjectMetaMethodSite.java:43)
	at org.codehaus.groovy.runtime.callsite.PogoMetaMethodSite$PogoCachedMethodSiteNoUnwrapNoCoerce.invoke(PogoMetaMethodSite.java:198)
	at org.codehaus.groovy.runtime.callsite.PogoMetaMethodSite.callCurrent(PogoMetaMethodSite.java:62)
	at org.codehaus.groovy.runtime.callsite.AbstractCallSite.callCurrent(AbstractCallSite.java:185)
	at io.restassured.internal.ResponseSpecificationImpl.statusCode(ResponseSpecificationImpl.groovy:135)
	at io.restassured.specification.ResponseSpecification$statusCode$0.callCurrent(Unknown Source)
	at io.restassured.internal.ResponseSpecificationImpl.statusCode(ResponseSpecificationImpl.groovy:143)
	at io.restassured.internal.ValidatableResponseOptionsImpl.statusCode(ValidatableResponseOptionsImpl.java:89)
	at starter.user.HTTPResponses.HTTPResponse.lambda$ReceiveResponse201$1(HTTPResponse.java:15)
	at net.serenitybdd.rest.SerenityRest.restAssuredThat(SerenityRest.java:626)
	at starter.user.HTTPResponses.HTTPResponse.ReceiveResponse201(HTTPResponse.java:15)
	at starter.user.HTTPResponses.HTTPResponse$ByteBuddy$QsIA0ahX.ReceiveResponse201$accessor$YVY1sQEe(Unknown Source)
	at java.base/jdk.internal.reflect.NativeMethodAccessorImpl.invoke0(Native Method)
	at java.base/jdk.internal.reflect.NativeMethodAccessorImpl.invoke(NativeMethodAccessorImpl.java:77)
	at java.base/jdk.internal.reflect.DelegatingMethodAccessorImpl.invoke(DelegatingMethodAccessorImpl.java:43)
	at java.base/java.lang.reflect.Method.invoke(Method.java:568)
	at net.thucydides.core.steps.StepInterceptor.invokeMethod(StepInterceptor.java:524)
	at net.thucydides.core.steps.StepInterceptor.executeTestStepMethod(StepInterceptor.java:504)
	at net.thucydides.core.steps.StepInterceptor.runTestStep(StepInterceptor.java:476)
	at net.thucydides.core.steps.StepInterceptor.runOrSkipMethod(StepInterceptor.java:218)
	at net.thucydides.core.steps.StepInterceptor.testStepResult(StepInterceptor.java:205)
	at net.thucydides.core.steps.StepInterceptor.intercept(StepInterceptor.java:93)
	at net.thucydides.core.steps.ProxyConfiguration$InterceptorDispatcher.intercept(ProxyConfiguration.java:51)
	at starter.user.HTTPResponses.HTTPResponse$ByteBuddy$QsIA0ahX.ReceiveResponse201(Unknown Source)
	at starter.stepdefinitions.HTTPResponse.P_HTTPResponse.i_receive_status_code_201(P_HTTPResponse.java:26)
	at .I receive status code 201(file:///home/hafidz/Documents/Belajar/Alterra_Qualiry_Engineer/QE_Muhammad_Hafidz/Capstone_Complete/Capstone_API/src/test/resources/features/api/util/Authentication/VerifyOTP.feature:9)
&amp#27;[0m
  &amp#27;[36mAnd &amp#27;[0m&amp#27;[36mI receive an OTP and a message that say that i m succeed&amp#27;[0m       &amp#27;[90m# starter.stepdefinitions.Authentication.P_VerifyOTP.i_receive_an_OTP_and_a_messgae_that_say_that_i_m_succed()&amp#27;[0m
]]></system-out>
  </testcase>
  <testcase name="Send POST request with unmatch reference_id and OTP" classname="Verify OTP" time="0.337">
    <failure message="1 expectation failed.&#10;Expected status code &lt;400&gt; but was &lt;409&gt;.&#10;" type="java.lang.AssertionError"><![CDATA[java.lang.AssertionError: 
1 expectation failed.
Expected status code <400> but was <409>.

]]></failure>
    <system-out><![CDATA[15:36:33.543 [main] ERROR  -- 
  _____   ___   ___   _____     ___     _     ___   _      ___   ___  
 |_   _| | __| / __| |_   _|   | __|   /_\   |_ _| | |    | __| |   \ 
   | |   | _|  \__ \   | |     | _|   / _ \   | |  | |__  | _|  | |) |
   |_|   |___| |___/   |_|     |_|   /_/ \_\ |___| |____| |___| |___/ 

Send POST request with match reference_id and OTP
-----------------------------------------------------------------------
15:36:33.544 [main] DEBUG  -- RELATED ISSUES: 
15:36:33.544 [main] ERROR  --     Test failed at step: Receive response201
15:36:33.545 [main] ERROR  --     1 expectation failed.Expected status code <201> but was <409>.

Scenario: Send POST request with unmatch reference_id and OTP               &amp#27;[90m# src/test/resources/features/api/util/Authentication/VerifyOTP.feature:12&amp#27;[0m
15:36:33.561 [main] DEBUG io.cucumber.core.plugin.SerenityReporter -- Running feature from file:///home/hafidz/Documents/Belajar/Alterra_Qualiry_Engineer/QE_Muhammad_Hafidz/Capstone_Complete/Capstone_API/src/test/resources/features/api/util/Authentication/VerifyOTP.feature
15:36:33.563 [main] INFO  -- 
  _____   ___   ___   _____     ___   _____     _     ___   _____   ___   ___  
 |_   _| | __| / __| |_   _|   / __| |_   _|   /_\   | _ \ |_   _| | __| |   \ 
   | |   | _|  \__ \   | |     \__ \   | |    / _ \  |   /   | |   | _|  | |) |
   |_|   |___| |___/   |_|     |___/   |_|   /_/ \_\ |_|_\   |_|   |___| |___/ 

Send POST request with unmatch reference_id and OTP(verify-otp;send-post-request-with-unmatch-reference-id-and-otp)
--------------------------------------------------------------------------------
15:36:33.574 [main] DEBUG net.thucydides.core.steps.StepInterceptor -- STARTING STEP: P_VerifyOTP.i_set_on_verify_OTP_end_point - IsetVerifyAPIEndPoint
15:36:33.574 [main] DEBUG net.thucydides.core.steps.StepInterceptor -- STEP DONE: IsetVerifyAPIEndPoint
  &amp#27;[32mGiven &amp#27;[0m&amp#27;[32mI set on VerifyOTP API endpoint&amp#27;[0m                                     &amp#27;[90m# starter.stepdefinitions.Authentication.P_VerifyOTP.i_set_on_verify_OTP_end_point()&amp#27;[0m
15:36:33.578 [main] DEBUG net.thucydides.core.steps.StepInterceptor -- STARTING STEP: P_VerifyOTP.i_send_POST_request_to_server_with_unmatch_ref_id_and_OTP - IsendPostRequestToServerWithUnmatchReferenceIDAndOTP
15:36:33.581 [main] DEBUG net.thucydides.core.steps.StepInterceptor -- STARTING STEP: VerifyOTP.IsendPostRequestToServerWithUnmatchReferenceIDAndOTP - IsetVerifyAPIEndPoint
15:36:33.582 [main] DEBUG net.thucydides.core.steps.StepInterceptor -- STEP DONE: IsetVerifyAPIEndPoint
HTTP/1.1 409 Conflict
Date: Wed, 26 Jun 2024 08:36:34 GMT
Content-Type: application/json
Content-Length: 53
Connection: keep-alive
Vary: Origin
CF-Cache-Status: DYNAMIC
Report-To: {"endpoints":[{"url":"https:\/\/a.nel.cloudflare.com\/report\/v4?s=u0w0o5SNbJbTEx00TKvBOald8ixTdXXuuRKzo1Z67uk3ncw7chXInPjCmIJB0i1CFUzUSWd7p2O7fJDVwNpHAATOAyqN0riz0CnimftwG0298mb%2FDLvuohq%2FNyaPCcJQVO25psA%3D"}],"group":"cf-nel","max_age":604800}
NEL: {"success_fraction":0,"report_to":"cf-nel","max_age":604800}
Server: cloudflare
CF-RAY: 899bded20940879f-SIN
alt-svc: h3=":443"; ma=86400

{
    "status": "Failed",
    "message": "Akun tidak ditemukan"
}
15:36:33.854 [main] DEBUG net.thucydides.core.steps.StepInterceptor -- STEP DONE: IsendPostRequestToServerWithUnmatchReferenceIDAndOTP
  &amp#27;[32mWhen &amp#27;[0m&amp#27;[32mI send POST request to server with unmatch reference_id and OTP&amp#27;[0m      &amp#27;[90m# starter.stepdefinitions.Authentication.P_VerifyOTP.i_send_POST_request_to_server_with_unmatch_ref_id_and_OTP()&amp#27;[0m
15:36:33.864 [main] DEBUG net.thucydides.core.steps.StepInterceptor -- STARTING STEP: P_HTTPResponse.i_receive_status_code_400 - ReceiveResponse400
  &amp#27;[31mThen &amp#27;[0m&amp#27;[31mI receive status code 400&amp#27;[0m                                            &amp#27;[90m# starter.stepdefinitions.HTTPResponse.P_HTTPResponse.i_receive_status_code_400()&amp#27;[0m
      &amp#27;[31mjava.lang.AssertionError: 1 expectation failed.
Expected status code <400> but was <409>.

	at java.base/jdk.internal.reflect.NativeConstructorAccessorImpl.newInstance0(Native Method)
	at java.base/jdk.internal.reflect.NativeConstructorAccessorImpl.newInstance(NativeConstructorAccessorImpl.java:77)
	at java.base/jdk.internal.reflect.DelegatingConstructorAccessorImpl.newInstance(DelegatingConstructorAccessorImpl.java:45)
	at java.base/java.lang.reflect.Constructor.newInstanceWithCaller(Constructor.java:499)
	at java.base/java.lang.reflect.Constructor.newInstance(Constructor.java:480)
	at org.codehaus.groovy.reflection.CachedConstructor.invoke(CachedConstructor.java:73)
	at org.codehaus.groovy.runtime.callsite.ConstructorSite$ConstructorSiteNoUnwrapNoCoerce.callConstructor(ConstructorSite.java:108)
	at org.codehaus.groovy.runtime.callsite.AbstractCallSite.callConstructor(AbstractCallSite.java:277)
	at io.restassured.internal.ResponseSpecificationImpl$HamcrestAssertionClosure.validate(ResponseSpecificationImpl.groovy:512)
	at io.restassured.internal.ResponseSpecificationImpl$HamcrestAssertionClosure$validate$1.call(Unknown Source)
	at io.restassured.internal.ResponseSpecificationImpl.validateResponseIfRequired(ResponseSpecificationImpl.groovy:696)
	at io.restassured.internal.ResponseSpecificationImpl.this$2$validateResponseIfRequired(ResponseSpecificationImpl.groovy)
	at jdk.internal.reflect.GeneratedMethodAccessor93.invoke(Unknown Source)
	at java.base/jdk.internal.reflect.DelegatingMethodAccessorImpl.invoke(DelegatingMethodAccessorImpl.java:43)
	at java.base/java.lang.reflect.Method.invoke(Method.java:568)
	at org.codehaus.groovy.runtime.callsite.PlainObjectMetaMethodSite.doInvoke(PlainObjectMetaMethodSite.java:43)
	at org.codehaus.groovy.runtime.callsite.PogoMetaMethodSite$PogoCachedMethodSiteNoUnwrapNoCoerce.invoke(PogoMetaMethodSite.java:198)
	at org.codehaus.groovy.runtime.callsite.PogoMetaMethodSite.callCurrent(PogoMetaMethodSite.java:62)
	at org.codehaus.groovy.runtime.callsite.AbstractCallSite.callCurrent(AbstractCallSite.java:185)
	at io.restassured.internal.ResponseSpecificationImpl.statusCode(ResponseSpecificationImpl.groovy:135)
	at io.restassured.specification.ResponseSpecification$statusCode$0.callCurrent(Unknown Source)
	at io.restassured.internal.ResponseSpecificationImpl.statusCode(ResponseSpecificationImpl.groovy:143)
	at io.restassured.internal.ValidatableResponseOptionsImpl.statusCode(ValidatableResponseOptionsImpl.java:89)
	at starter.user.HTTPResponses.HTTPResponse.lambda$ReceiveResponse400$2(HTTPResponse.java:20)
	at net.serenitybdd.rest.SerenityRest.restAssuredThat(SerenityRest.java:626)
	at starter.user.HTTPResponses.HTTPResponse.ReceiveResponse400(HTTPResponse.java:20)
	at starter.user.HTTPResponses.HTTPResponse$ByteBuddy$QsIA0ahX.ReceiveResponse400$accessor$YVY1sQEe(Unknown Source)
	at java.base/jdk.internal.reflect.NativeMethodAccessorImpl.invoke0(Native Method)
	at java.base/jdk.internal.reflect.NativeMethodAccessorImpl.invoke(NativeMethodAccessorImpl.java:77)
	at java.base/jdk.internal.reflect.DelegatingMethodAccessorImpl.invoke(DelegatingMethodAccessorImpl.java:43)
	at java.base/java.lang.reflect.Method.invoke(Method.java:568)
	at net.thucydides.core.steps.StepInterceptor.invokeMethod(StepInterceptor.java:524)
	at net.thucydides.core.steps.StepInterceptor.executeTestStepMethod(StepInterceptor.java:504)
	at net.thucydides.core.steps.StepInterceptor.runTestStep(StepInterceptor.java:476)
	at net.thucydides.core.steps.StepInterceptor.runOrSkipMethod(StepInterceptor.java:218)
	at net.thucydides.core.steps.StepInterceptor.testStepResult(StepInterceptor.java:205)
	at net.thucydides.core.steps.StepInterceptor.intercept(StepInterceptor.java:93)
	at net.thucydides.core.steps.ProxyConfiguration$InterceptorDispatcher.intercept(ProxyConfiguration.java:51)
	at starter.user.HTTPResponses.HTTPResponse$ByteBuddy$QsIA0ahX.ReceiveResponse400(Unknown Source)
	at starter.stepdefinitions.HTTPResponse.P_HTTPResponse.i_receive_status_code_400(P_HTTPResponse.java:16)
	at .I receive status code 400(file:///home/hafidz/Documents/Belajar/Alterra_Qualiry_Engineer/QE_Muhammad_Hafidz/Capstone_Complete/Capstone_API/src/test/resources/features/api/util/Authentication/VerifyOTP.feature:15)
&amp#27;[0m
  &amp#27;[36mAnd &amp#27;[0m&amp#27;[36mI dont receive an OTP and receive a message that say that i m succeed&amp#27;[0m &amp#27;[90m# starter.stepdefinitions.Authentication.P_VerifyOTP.i_dont_receive_an_OTP_and_receive_a_email_says_that_i_m_succeed()&amp#27;[0m
]]></system-out>
  </testcase>
</testsuite>