<?xml version="1.0" encoding="UTF-8"?>
<testsuite xmlns:xsi="http://www.w3.org/2001/XMLSchema-instance" xsi:noNamespaceSchemaLocation="https://maven.apache.org/surefire/maven-failsafe-plugin/xsd/failsafe-test-report.xsd" name="starter.CucumberTestSuite" time="15.79" tests="11" errors="1" skipped="0" failures="6">
  <properties>
[...]
</properties>
  <testcase name="Register an account with valid input and valid fullname" classname="Register to Account" time="6.949">
    <failure message="1 expectation failed.&#10;Expected status code &lt;201&gt; but was &lt;409&gt;.&#10;" type="java.lang.AssertionError"><![CDATA[java.lang.AssertionError: 
1 expectation failed.
Expected status code <201> but was <409>.

]]></failure>
    <system-out><![CDATA[15:36:19.714 [main] DEBUG io.cucumber.core.plugin.SerenityReporter -- Running feature from file:///home/hafidz/Documents/Belajar/Alterra_Qualiry_Engineer/QE_Muhammad_Hafidz/Capstone_Complete/Capstone_API/src/test/resources/features/api/util/Authentication/Register.feature
15:36:19.869 [main] INFO  -- 

-------------------------------------------------------------------------------------
     _______. _______ .______       _______ .__   __.  __  .___________.____    ____ 
    /       ||   ____||   _  \     |   ____||  \ |  | |  | |           |\   \  /   / 
   |   (----`|  |__   |  |_)  |    |  |__   |   \|  | |  | `---|  |----` \   \/   /  
    \   \    |   __|  |      /     |   __|  |  . `  | |  |     |  |       \_    _/   
.----)   |   |  |____ |  |\  \----.|  |____ |  |\   | |  |     |  |         |  |     
|_______/    |_______|| _| `._____||_______||__| \__| |__|     |__|         |__|    
                                                                                     
 News and tutorials at https://serenity-bdd.info                                     
 Documentation at https://serenity-bdd.github.io                                     
 Test Automation Training and Coaching: https://www.serenity-dojo.com                
 Commercial Support: https://www.serenity-dojo.com/serenity-bdd-enterprise-support   
 Join the Serenity Community on Gitter: https://gitter.im/serenity-bdd/serenity-core 
-------------------------------------------------------------------------------------

15:36:19.880 [main] DEBUG net.thucydides.core.steps.StepEventBus -- Test suite started for story net.thucydides.model.domain.Story@e8a3a440
15:36:19.887 [main] INFO  -- Test Suite Started: Register to Account
15:36:20.038 [main] DEBUG io.cucumber.core.plugin.SerenityReporter -- Running feature from file:///home/hafidz/Documents/Belajar/Alterra_Qualiry_Engineer/QE_Muhammad_Hafidz/Capstone_Complete/Capstone_API/src/test/resources/features/api/util/Authentication/ResendOTP.feature
15:36:20.051 [main] DEBUG net.thucydides.core.steps.StepEventBus -- Test suite started for story net.thucydides.model.domain.Story@a0fb4a20
15:36:20.052 [main] INFO  -- Test Suite Started: Resend OTP
15:36:20.053 [main] DEBUG io.cucumber.core.plugin.SerenityReporter -- Running feature from file:///home/hafidz/Documents/Belajar/Alterra_Qualiry_Engineer/QE_Muhammad_Hafidz/Capstone_Complete/Capstone_API/src/test/resources/features/api/util/Authentication/ResetPassword.feature
15:36:20.060 [main] DEBUG net.thucydides.core.steps.StepEventBus -- Test suite started for story net.thucydides.model.domain.Story@27d8bd60
15:36:20.061 [main] INFO  -- Test Suite Started: Reset Password
15:36:20.061 [main] DEBUG io.cucumber.core.plugin.SerenityReporter -- Running feature from file:///home/hafidz/Documents/Belajar/Alterra_Qualiry_Engineer/QE_Muhammad_Hafidz/Capstone_Complete/Capstone_API/src/test/resources/features/api/util/Authentication/VerifyOTP.feature
15:36:20.069 [main] DEBUG net.thucydides.core.steps.StepEventBus -- Test suite started for story net.thucydides.model.domain.Story@f3f1aa60
15:36:20.070 [main] INFO  -- Test Suite Started: Verify OTP
15:36:20.071 [main] DEBUG io.cucumber.core.plugin.SerenityReporter -- Running feature from file:///home/hafidz/Documents/Belajar/Alterra_Qualiry_Engineer/QE_Muhammad_Hafidz/Capstone_Complete/Capstone_API/src/test/resources/features/api/util/Authentication/Register.feature
15:36:20.077 [main] DEBUG net.thucydides.core.steps.StepEventBus -- Test suite started for story net.thucydides.model.domain.Story@e8a3a440
15:36:20.078 [main] INFO  -- Test Suite Started: Register to Account

Scenario: Register an account with valid input and valid fullname       &amp#27;[90m# src/test/resources/features/api/util/Authentication/Register.feature:6&amp#27;[0m
15:36:20.183 [main] DEBUG io.cucumber.core.plugin.SerenityReporter -- Running feature from file:///home/hafidz/Documents/Belajar/Alterra_Qualiry_Engineer/QE_Muhammad_Hafidz/Capstone_Complete/Capstone_API/src/test/resources/features/api/util/Authentication/Register.feature
15:36:20.304 [main] INFO  -- 
  _____   ___   ___   _____     ___   _____     _     ___   _____   ___   ___  
 |_   _| | __| / __| |_   _|   / __| |_   _|   /_\   | _ \ |_   _| | __| |   \ 
   | |   | _|  \__ \   | |     \__ \   | |    / _ \  |   /   | |   | _|  | |) |
   |_|   |___| |___/   |_|     |___/   |_|   /_/ \_\ |_|_\   |_|   |___| |___/ 

Register an account with valid input and valid fullname(register-to-account;register-an-account-with-valid-input-and-valid-fullname)
--------------------------------------------------------------------------------
15:36:20.709 [main] DEBUG net.thucydides.core.steps.StepInterceptor -- STARTING STEP: P_Register.ISetOnTheRegisterEndpoint - ISendToServerRegisterPostWithValidInput
HTTP/1.1 201 Created
Date: Wed, 26 Jun 2024 08:36:26 GMT
Content-Type: application/json
Content-Length: 97
Connection: keep-alive
Vary: Origin
CF-Cache-Status: DYNAMIC
Report-To: {"endpoints":[{"url":"https:\/\/a.nel.cloudflare.com\/report\/v4?s=hwWgLFaZQpXIWOytmOttN3bxmNTETGcOveAbW0UF7wS4F1sbqvVpmMuhpKhSd7ysWAebZ9zcGkf0LPL5cqIcF8KEUPyUgD2xelyfK6EVQdPOuApdygEflW2IZ%2Buz%2FvbOXb2ZM6w%3D"}],"group":"cf-nel","max_age":604800}
NEL: {"success_fraction":0,"report_to":"cf-nel","max_age":604800}
Server: cloudflare
CF-RAY: 899bde92efba3fb1-SIN
alt-svc: h3=":443"; ma=86400

{
    "status": "Success",
    "message": "Registrasi berhasil!",
    "data": {
        "reference_id": "9Sq4tSlObmcxFSVR"
    }
}
15:36:26.640 [main] DEBUG net.thucydides.core.steps.StepInterceptor -- STEP DONE: ISendToServerRegisterPostWithValidInput
  &amp#27;[32mGiven &amp#27;[0m&amp#27;[32mI set on the register endpoint&amp#27;[0m                                  &amp#27;[90m# starter.stepdefinitions.Authentication.P_Register.ISetOnTheRegisterEndpoint()&amp#27;[0m
15:36:26.651 [main] DEBUG net.thucydides.core.steps.StepInterceptor -- STARTING STEP: P_Register.ISendValidEmailAndValidInputAndValidFullname - ISendToServerRegisterPostWithValidInput
HTTP/1.1 409 Conflict
Date: Wed, 26 Jun 2024 08:36:27 GMT
Content-Type: application/json
Content-Length: 75
Connection: keep-alive
Vary: Origin
CF-Cache-Status: DYNAMIC
Report-To: {"endpoints":[{"url":"https:\/\/a.nel.cloudflare.com\/report\/v4?s=NUo0h3%2BedVlvoV80aiFTEJzSLFZrX7ShDVYobJmm0vMvKLlRN7wTOccShUikpHrl9kvrbpilI8S%2BEslJW8kUA6nhC%2F0VqTIZhijIiMaqDt3bgN2XpIiGwdid9OUk1wEb%2FQBrktw%3D"}],"group":"cf-nel","max_age":604800}
NEL: {"success_fraction":0,"report_to":"cf-nel","max_age":604800}
Server: cloudflare
CF-RAY: 899bdea68cdf49de-SIN
alt-svc: h3=":443"; ma=86400

{
    "status": "Failed",
    "message": "username sudah ada, silahkan username lain"
}
15:36:26.891 [main] DEBUG net.thucydides.core.steps.StepInterceptor -- STEP DONE: ISendToServerRegisterPostWithValidInput
  &amp#27;[32mWhen &amp#27;[0m&amp#27;[32mI send valid email and valid input and valid input&amp#27;[0m               &amp#27;[90m# starter.stepdefinitions.Authentication.P_Register.ISendValidEmailAndValidInputAndValidFullname()&amp#27;[0m
15:36:26.913 [main] DEBUG net.thucydides.core.steps.StepInterceptor -- STARTING STEP: P_HTTPResponse.i_receive_status_code_201 - ReceiveResponse201
  &amp#27;[31mAnd &amp#27;[0m&amp#27;[31mI receive status code 201&amp#27;[0m                                         &amp#27;[90m# starter.stepdefinitions.HTTPResponse.P_HTTPResponse.i_receive_status_code_201()&amp#27;[0m
      &amp#27;[31mjava.lang.AssertionError: 1 expectation failed.
Expected status code <201> but was <409>.

	at java.base/jdk.internal.reflect.NativeConstructorAccessorImpl.newInstance0(Native Method)
	at java.base/jdk.internal.reflect.NativeConstructorAccessorImpl.newInstance(NativeConstructorAccessorImpl.java:77)
	at java.base/jdk.internal.reflect.DelegatingConstructorAccessorImpl.newInstance(DelegatingConstructorAccessorImpl.java:45)
	at java.base/java.lang.reflect.Constructor.newInstanceWithCaller(Constructor.java:499)
	at java.base/java.lang.reflect.Constructor.newInstance(Constructor.java:480)
	at org.codehaus.groovy.reflection.CachedConstructor.invoke(CachedConstructor.java:73)
	at org.codehaus.groovy.runtime.callsite.ConstructorSite$ConstructorSiteNoUnwrapNoCoerce.callConstructor(ConstructorSite.java:108)
	at org.codehaus.groovy.runtime.callsite.CallSiteArray.defaultCallConstructor(CallSiteArray.java:57)
	at org.codehaus.groovy.runtime.callsite.AbstractCallSite.callConstructor(AbstractCallSite.java:263)
	at org.codehaus.groovy.runtime.callsite.AbstractCallSite.callConstructor(AbstractCallSite.java:277)
	at io.restassured.internal.ResponseSpecificationImpl$HamcrestAssertionClosure.validate(ResponseSpecificationImpl.groovy:512)
	at io.restassured.internal.ResponseSpecificationImpl$HamcrestAssertionClosure$validate$1.call(Unknown Source)
	at org.codehaus.groovy.runtime.callsite.CallSiteArray.defaultCall(CallSiteArray.java:45)
	at org.codehaus.groovy.runtime.callsite.AbstractCallSite.call(AbstractCallSite.java:125)
	at org.codehaus.groovy.runtime.callsite.AbstractCallSite.call(AbstractCallSite.java:139)
	at io.restassured.internal.ResponseSpecificationImpl.validateResponseIfRequired(ResponseSpecificationImpl.groovy:696)
	at io.restassured.internal.ResponseSpecificationImpl.this$2$validateResponseIfRequired(ResponseSpecificationImpl.groovy)
	at java.base/jdk.internal.reflect.NativeMethodAccessorImpl.invoke0(Native Method)
	at java.base/jdk.internal.reflect.NativeMethodAccessorImpl.invoke(NativeMethodAccessorImpl.java:77)
	at java.base/jdk.internal.reflect.DelegatingMethodAccessorImpl.invoke(DelegatingMethodAccessorImpl.java:43)
	at java.base/java.lang.reflect.Method.invoke(Method.java:568)
	at org.codehaus.groovy.runtime.callsite.PlainObjectMetaMethodSite.doInvoke(PlainObjectMetaMethodSite.java:43)
	at org.codehaus.groovy.runtime.callsite.PogoMetaMethodSite$PogoCachedMethodSiteNoUnwrapNoCoerce.invoke(PogoMetaMethodSite.java:198)
	at org.codehaus.groovy.runtime.callsite.PogoMetaMethodSite.callCurrent(PogoMetaMethodSite.java:62)
	at org.codehaus.groovy.runtime.callsite.CallSiteArray.defaultCallCurrent(CallSiteArray.java:49)
	at org.codehaus.groovy.runtime.callsite.AbstractCallSite.callCurrent(AbstractCallSite.java:171)
	at org.codehaus.groovy.runtime.callsite.AbstractCallSite.callCurrent(AbstractCallSite.java:185)
	at io.restassured.internal.ResponseSpecificationImpl.statusCode(ResponseSpecificationImpl.groovy:135)
	at io.restassured.specification.ResponseSpecification$statusCode$0.callCurrent(Unknown Source)
	at org.codehaus.groovy.runtime.callsite.CallSiteArray.defaultCallCurrent(CallSiteArray.java:49)
	at org.codehaus.groovy.runtime.callsite.AbstractCallSite.callCurrent(AbstractCallSite.java:171)
	at org.codehaus.groovy.runtime.callsite.AbstractCallSite.callCurrent(AbstractCallSite.java:185)
	at io.restassured.internal.ResponseSpecificationImpl.statusCode(ResponseSpecificationImpl.groovy:143)
	at io.restassured.internal.ValidatableResponseOptionsImpl.statusCode(ValidatableResponseOptionsImpl.java:89)
	at starter.user.HTTPResponses.HTTPResponse.lambda$ReceiveResponse201$1(HTTPResponse.java:15)
	at net.serenitybdd.rest.SerenityRest.restAssuredThat(SerenityRest.java:626)
	at starter.user.HTTPResponses.HTTPResponse.ReceiveResponse201(HTTPResponse.java:15)
	at starter.user.HTTPResponses.HTTPResponse$ByteBuddy$QsIA0ahX.ReceiveResponse201$accessor$YVY1sQEe(Unknown Source)
	at java.base/jdk.internal.reflect.NativeMethodAccessorImpl.invoke0(Native Method)
	at java.base/jdk.internal.reflect.NativeMethodAccessorImpl.invoke(NativeMethodAccessorImpl.java:77)
	at java.base/jdk.internal.reflect.DelegatingMethodAccessorImpl.invoke(DelegatingMethodAccessorImpl.java:43)
	at java.base/java.lang.reflect.Method.invoke(Method.java:568)
	at net.thucydides.core.steps.StepInterceptor.invokeMethod(StepInterceptor.java:524)
	at net.thucydides.core.steps.StepInterceptor.executeTestStepMethod(StepInterceptor.java:504)
	at net.thucydides.core.steps.StepInterceptor.runTestStep(StepInterceptor.java:476)
	at net.thucydides.core.steps.StepInterceptor.runOrSkipMethod(StepInterceptor.java:218)
	at net.thucydides.core.steps.StepInterceptor.testStepResult(StepInterceptor.java:205)
	at net.thucydides.core.steps.StepInterceptor.intercept(StepInterceptor.java:93)
	at net.thucydides.core.steps.ProxyConfiguration$InterceptorDispatcher.intercept(ProxyConfiguration.java:51)
	at starter.user.HTTPResponses.HTTPResponse$ByteBuddy$QsIA0ahX.ReceiveResponse201(Unknown Source)
	at starter.stepdefinitions.HTTPResponse.P_HTTPResponse.i_receive_status_code_201(P_HTTPResponse.java:26)
	at ✽.I receive status code 201(file:///home/hafidz/Documents/Belajar/Alterra_Qualiry_Engineer/QE_Muhammad_Hafidz/Capstone_Complete/Capstone_API/src/test/resources/features/api/util/Authentication/Register.feature:9)
&amp#27;[0m
  &amp#27;[36mThen &amp#27;[0m&amp#27;[36mCheck that I receive appropriate data for valid register request&amp#27;[0m &amp#27;[90m# starter.stepdefinitions.Authentication.P_Register.IReceiveAppropriateDataForValidRegisterRequest()&amp#27;[0m
]]></system-out>
  </testcase>
  <testcase name="Register an account with conflict email" classname="Register to Account" time="1.475"/>
  <testcase name="Register an account with conflict username" classname="Register to Account" time="0.557"/>
  <testcase name="Register an account with wrong email format" classname="Register to Account" time="0.531"/>
  <testcase name="Send OTP with valid Email" classname="Resend OTP" time="2.623"/>
  <testcase name="Send OTP with invalid Email format" classname="Resend OTP" time="0.287">
    <failure message="1 expectation failed.&#10;Expected status code &lt;400&gt; but was &lt;409&gt;.&#10;" type="java.lang.AssertionError"><![CDATA[java.lang.AssertionError: 
1 expectation failed.
Expected status code <400> but was <409>.

]]></failure>
    <system-out><![CDATA[
Scenario: Send OTP with invalid Email format                               &amp#27;[90m# src/test/resources/features/api/util/Authentication/ResendOTP.feature:12&amp#27;[0m
15:36:32.341 [main] DEBUG io.cucumber.core.plugin.SerenityReporter -- Running feature from file:///home/hafidz/Documents/Belajar/Alterra_Qualiry_Engineer/QE_Muhammad_Hafidz/Capstone_Complete/Capstone_API/src/test/resources/features/api/util/Authentication/ResendOTP.feature
15:36:32.343 [main] INFO  -- 
  _____   ___   ___   _____     ___   _____     _     ___   _____   ___   ___  
 |_   _| | __| / __| |_   _|   / __| |_   _|   /_\   | _ \ |_   _| | __| |   \ 
   | |   | _|  \__ \   | |     \__ \   | |    / _ \  |   /   | |   | _|  | |) |
   |_|   |___| |___/   |_|     |___/   |_|   /_/ \_\ |_|_\   |_|   |___| |___/ 

Send OTP with invalid Email format(resend-otp;send-otp-with-invalid-email-format)
--------------------------------------------------------------------------------
15:36:32.349 [main] DEBUG net.thucydides.core.steps.StepInterceptor -- STARTING STEP: P_ResendOTP.i_set_on_resendOTP_API_endpoint - IsetResendAPIEndPoint
15:36:32.350 [main] DEBUG net.thucydides.core.steps.StepInterceptor -- STEP DONE: IsetResendAPIEndPoint
  &amp#27;[32mGiven &amp#27;[0m&amp#27;[32mI set on ResendOTP API endpoint&amp#27;[0m                                    &amp#27;[90m# starter.stepdefinitions.Authentication.P_ResendOTP.i_set_on_resendOTP_API_endpoint()&amp#27;[0m
15:36:32.353 [main] DEBUG net.thucydides.core.steps.StepInterceptor -- STARTING STEP: P_ResendOTP.i_send_POST_request_to_server_withResend_invalid_email_format - IsendPostRequestToServerWithInvalidEmailFormat
15:36:32.355 [main] DEBUG net.thucydides.core.steps.StepInterceptor -- STARTING STEP: ResendOTP.IsendPostRequestToServerWithInvalidEmailFormat - IsetResendAPIEndPoint
15:36:32.356 [main] DEBUG net.thucydides.core.steps.StepInterceptor -- STEP DONE: IsetResendAPIEndPoint
HTTP/1.1 409 Conflict
Date: Wed, 26 Jun 2024 08:36:32 GMT
Content-Type: application/json
Content-Length: 53
Connection: keep-alive
Vary: Origin
CF-Cache-Status: DYNAMIC
Report-To: {"endpoints":[{"url":"https:\/\/a.nel.cloudflare.com\/report\/v4?s=wfY4IE6MJKon%2BACoZPqPuYOABHVBrG4GeKN9QfwG1aiUqkAqTQiAz5yex6xu33aJcGNQAwk466MfA%2BNfYH9GVoEwAnnh5CNwoujn7%2FX6Qr13JJnXXFxUdo%2B2EQfMI2acHnqmMPY%3D"}],"group":"cf-nel","max_age":604800}
NEL: {"success_fraction":0,"report_to":"cf-nel","max_age":604800}
Server: cloudflare
CF-RAY: 899bdeca0cda5fec-SIN
alt-svc: h3=":443"; ma=86400

{
    "status": "Failed",
    "message": "Akun tidak ditemukan"
}
15:36:32.586 [main] DEBUG net.thucydides.core.steps.StepInterceptor -- STEP DONE: IsendPostRequestToServerWithInvalidEmailFormat
  &amp#27;[32mWhen &amp#27;[0m&amp#27;[32mI send POST request to server with invalid email format&amp#27;[0m             &amp#27;[90m# starter.stepdefinitions.Authentication.P_ResendOTP.i_send_POST_request_to_server_withResend_invalid_email_format()&amp#27;[0m
15:36:32.595 [main] DEBUG net.thucydides.core.steps.StepInterceptor -- STARTING STEP: P_HTTPResponse.i_receive_status_code_400 - ReceiveResponse400
  &amp#27;[31mThen &amp#27;[0m&amp#27;[31mI receive status code 400&amp#27;[0m                                           &amp#27;[90m# starter.stepdefinitions.HTTPResponse.P_HTTPResponse.i_receive_status_code_400()&amp#27;[0m
      &amp#27;[31mjava.lang.AssertionError: 1 expectation failed.
Expected status code <400> but was <409>.

	at java.base/jdk.internal.reflect.NativeConstructorAccessorImpl.newInstance0(Native Method)
	at java.base/jdk.internal.reflect.NativeConstructorAccessorImpl.newInstance(NativeConstructorAccessorImpl.java:77)
	at java.base/jdk.internal.reflect.DelegatingConstructorAccessorImpl.newInstance(DelegatingConstructorAccessorImpl.java:45)
	at java.base/java.lang.reflect.Constructor.newInstanceWithCaller(Constructor.java:499)
	at java.base/java.lang.reflect.Constructor.newInstance(Constructor.java:480)
	at org.codehaus.groovy.reflection.CachedConstructor.invoke(CachedConstructor.java:73)
	at org.codehaus.groovy.runtime.callsite.ConstructorSite$ConstructorSiteNoUnwrapNoCoerce.callConstructor(ConstructorSite.java:108)
	at org.codehaus.groovy.runtime.callsite.AbstractCallSite.callConstructor(AbstractCallSite.java:277)
	at io.restassured.internal.ResponseSpecificationImpl$HamcrestAssertionClosure.validate(ResponseSpecificationImpl.groovy:512)
	at io.restassured.internal.ResponseSpecificationImpl$HamcrestAssertionClosure$validate$1.call(Unknown Source)
	at io.restassured.internal.ResponseSpecificationImpl.validateResponseIfRequired(ResponseSpecificationImpl.groovy:696)
	at io.restassured.internal.ResponseSpecificationImpl.this$2$validateResponseIfRequired(ResponseSpecificationImpl.groovy)
	at jdk.internal.reflect.GeneratedMethodAccessor93.invoke(Unknown Source)
	at java.base/jdk.internal.reflect.DelegatingMethodAccessorImpl.invoke(DelegatingMethodAccessorImpl.java:43)
	at java.base/java.lang.reflect.Method.invoke(Method.java:568)
	at org.codehaus.groovy.runtime.callsite.PlainObjectMetaMethodSite.doInvoke(PlainObjectMetaMethodSite.java:43)
	at org.codehaus.groovy.runtime.callsite.PogoMetaMethodSite$PogoCachedMethodSiteNoUnwrapNoCoerce.invoke(PogoMetaMethodSite.java:198)
	at org.codehaus.groovy.runtime.callsite.PogoMetaMethodSite.callCurrent(PogoMetaMethodSite.java:62)
	at org.codehaus.groovy.runtime.callsite.AbstractCallSite.callCurrent(AbstractCallSite.java:185)
	at io.restassured.internal.ResponseSpecificationImpl.statusCode(ResponseSpecificationImpl.groovy:135)
	at io.restassured.specification.ResponseSpecification$statusCode$0.callCurrent(Unknown Source)
	at io.restassured.internal.ResponseSpecificationImpl.statusCode(ResponseSpecificationImpl.groovy:143)
	at io.restassured.internal.ValidatableResponseOptionsImpl.statusCode(ValidatableResponseOptionsImpl.java:89)
	at starter.user.HTTPResponses.HTTPResponse.lambda$ReceiveResponse400$2(HTTPResponse.java:20)
	at net.serenitybdd.rest.SerenityRest.restAssuredThat(SerenityRest.java:626)
	at starter.user.HTTPResponses.HTTPResponse.ReceiveResponse400(HTTPResponse.java:20)
	at starter.user.HTTPResponses.HTTPResponse$ByteBuddy$QsIA0ahX.ReceiveResponse400$accessor$YVY1sQEe(Unknown Source)
	at java.base/jdk.internal.reflect.NativeMethodAccessorImpl.invoke0(Native Method)
	at java.base/jdk.internal.reflect.NativeMethodAccessorImpl.invoke(NativeMethodAccessorImpl.java:77)
	at java.base/jdk.internal.reflect.DelegatingMethodAccessorImpl.invoke(DelegatingMethodAccessorImpl.java:43)
	at java.base/java.lang.reflect.Method.invoke(Method.java:568)
	at net.thucydides.core.steps.StepInterceptor.invokeMethod(StepInterceptor.java:524)
	at net.thucydides.core.steps.StepInterceptor.executeTestStepMethod(StepInterceptor.java:504)
	at net.thucydides.core.steps.StepInterceptor.runTestStep(StepInterceptor.java:476)
	at net.thucydides.core.steps.StepInterceptor.runOrSkipMethod(StepInterceptor.java:218)
	at net.thucydides.core.steps.StepInterceptor.testStepResult(StepInterceptor.java:205)
	at net.thucydides.core.steps.StepInterceptor.intercept(StepInterceptor.java:93)
	at net.thucydides.core.steps.ProxyConfiguration$InterceptorDispatcher.intercept(ProxyConfiguration.java:51)
	at starter.user.HTTPResponses.HTTPResponse$ByteBuddy$QsIA0ahX.ReceiveResponse400(Unknown Source)
	at starter.stepdefinitions.HTTPResponse.P_HTTPResponse.i_receive_status_code_400(P_HTTPResponse.java:16)
	at ✽.I receive status code 400(file:///home/hafidz/Documents/Belajar/Alterra_Qualiry_Engineer/QE_Muhammad_Hafidz/Capstone_Complete/Capstone_API/src/test/resources/features/api/util/Authentication/ResendOTP.feature:15)
&amp#27;[0m
  &amp#27;[36mAnd &amp#27;[0m&amp#27;[36mI dont receive the reference id and i receive an appropriate message&amp#27;[0m &amp#27;[90m# starter.stepdefinitions.Authentication.P_ResendOTP.i_dont_receive_the_reference_id_and_receive_an_appropriate_message()&amp#27;[0m
]]></system-out>
  </testcase>
  <testcase name="Send OTP with Unregistered Email" classname="Resend OTP" time="0.305">
    <failure message="1 expectation failed.&#10;Expected status code &lt;400&gt; but was &lt;409&gt;.&#10;" type="java.lang.AssertionError"><![CDATA[java.lang.AssertionError: 
1 expectation failed.
Expected status code <400> but was <409>.

]]></failure>
    <system-out><![CDATA[15:36:32.622 [main] ERROR  -- 
  _____   ___   ___   _____     ___     _     ___   _      ___   ___  
 |_   _| | __| / __| |_   _|   | __|   /_\   |_ _| | |    | __| |   \ 
   | |   | _|  \__ \   | |     | _|   / _ \   | |  | |__  | _|  | |) |
   |_|   |___| |___/   |_|     |_|   /_/ \_\ |___| |____| |___| |___/ 

Send OTP with invalid Email format
-----------------------------------------------------------------------
15:36:32.622 [main] DEBUG  -- RELATED ISSUES: 
15:36:32.623 [main] ERROR  --     Test failed at step: Receive response400
15:36:32.623 [main] ERROR  --     1 expectation failed.Expected status code <400> but was <409>.

Scenario: Send OTP with Unregistered Email                                 &amp#27;[90m# src/test/resources/features/api/util/Authentication/ResendOTP.feature:18&amp#27;[0m
15:36:32.640 [main] DEBUG io.cucumber.core.plugin.SerenityReporter -- Running feature from file:///home/hafidz/Documents/Belajar/Alterra_Qualiry_Engineer/QE_Muhammad_Hafidz/Capstone_Complete/Capstone_API/src/test/resources/features/api/util/Authentication/ResendOTP.feature
15:36:32.642 [main] INFO  -- 
  _____   ___   ___   _____     ___   _____     _     ___   _____   ___   ___  
 |_   _| | __| / __| |_   _|   / __| |_   _|   /_\   | _ \ |_   _| | __| |   \ 
   | |   | _|  \__ \   | |     \__ \   | |    / _ \  |   /   | |   | _|  | |) |
   |_|   |___| |___/   |_|     |___/   |_|   /_/ \_\ |_|_\   |_|   |___| |___/ 

Send OTP with Unregistered Email(resend-otp;send-otp-with-unregistered-email)
--------------------------------------------------------------------------------
15:36:32.646 [main] DEBUG net.thucydides.core.steps.StepInterceptor -- STARTING STEP: P_ResendOTP.i_set_on_resendOTP_API_endpoint - IsetResendAPIEndPoint
15:36:32.647 [main] DEBUG net.thucydides.core.steps.StepInterceptor -- STEP DONE: IsetResendAPIEndPoint
  &amp#27;[32mGiven &amp#27;[0m&amp#27;[32mI set on ResendOTP API endpoint&amp#27;[0m                                    &amp#27;[90m# starter.stepdefinitions.Authentication.P_ResendOTP.i_set_on_resendOTP_API_endpoint()&amp#27;[0m
15:36:32.651 [main] DEBUG net.thucydides.core.steps.StepInterceptor -- STARTING STEP: P_ResendOTP.i_send_post_request_to_server_with_unregistered_email - IsendPostRequestToServerWithAnUnRegisteredEmail
15:36:32.654 [main] DEBUG net.thucydides.core.steps.StepInterceptor -- STARTING STEP: ResendOTP.IsendPostRequestToServerWithAnUnRegisteredEmail - IsetResendAPIEndPoint
15:36:32.655 [main] DEBUG net.thucydides.core.steps.StepInterceptor -- STEP DONE: IsetResendAPIEndPoint
HTTP/1.1 409 Conflict
Date: Wed, 26 Jun 2024 08:36:33 GMT
Content-Type: application/json
Content-Length: 53
Connection: keep-alive
Vary: Origin
CF-Cache-Status: DYNAMIC
Report-To: {"endpoints":[{"url":"https:\/\/a.nel.cloudflare.com\/report\/v4?s=4Gkb1l80yxvz4enr7%2BnLEpI8TS2mnLgePCuW3Kyot12LwThSbXhYc9MNNQ4hyoPWmcMaxSRmUF24AR2uYQJorRfeKq8QJkK259jzgs7yi39f22zyuzL9ow9PGaKY2rG5cTVkcRY%3D"}],"group":"cf-nel","max_age":604800}
NEL: {"success_fraction":0,"report_to":"cf-nel","max_age":604800}
Server: cloudflare
CF-RAY: 899bdecc0f1c7972-SIN
alt-svc: h3=":443"; ma=86400

{
    "status": "Failed",
    "message": "Akun tidak ditemukan"
}
15:36:32.897 [main] DEBUG net.thucydides.core.steps.StepInterceptor -- STEP DONE: IsendPostRequestToServerWithAnUnRegisteredEmail
  &amp#27;[32mWhen &amp#27;[0m&amp#27;[32mI send POST request to server with Unregistered Email&amp#27;[0m               &amp#27;[90m# starter.stepdefinitions.Authentication.P_ResendOTP.i_send_post_request_to_server_with_unregistered_email()&amp#27;[0m
15:36:32.912 [main] DEBUG net.thucydides.core.steps.StepInterceptor -- STARTING STEP: P_HTTPResponse.i_receive_status_code_400 - ReceiveResponse400
  &amp#27;[31mThen &amp#27;[0m&amp#27;[31mI receive status code 400&amp#27;[0m                                           &amp#27;[90m# starter.stepdefinitions.HTTPResponse.P_HTTPResponse.i_receive_status_code_400()&amp#27;[0m
      &amp#27;[31mjava.lang.AssertionError: 1 expectation failed.
Expected status code <400> but was <409>.

	at java.base/jdk.internal.reflect.NativeConstructorAccessorImpl.newInstance0(Native Method)
	at java.base/jdk.internal.reflect.NativeConstructorAccessorImpl.newInstance(NativeConstructorAccessorImpl.java:77)
	at java.base/jdk.internal.reflect.DelegatingConstructorAccessorImpl.newInstance(DelegatingConstructorAccessorImpl.java:45)
	at java.base/java.lang.reflect.Constructor.newInstanceWithCaller(Constructor.java:499)
	at java.base/java.lang.reflect.Constructor.newInstance(Constructor.java:480)
	at org.codehaus.groovy.reflection.CachedConstructor.invoke(CachedConstructor.java:73)
	at org.codehaus.groovy.runtime.callsite.ConstructorSite$ConstructorSiteNoUnwrapNoCoerce.callConstructor(ConstructorSite.java:108)
	at org.codehaus.groovy.runtime.callsite.AbstractCallSite.callConstructor(AbstractCallSite.java:277)
	at io.restassured.internal.ResponseSpecificationImpl$HamcrestAssertionClosure.validate(ResponseSpecificationImpl.groovy:512)
	at io.restassured.internal.ResponseSpecificationImpl$HamcrestAssertionClosure$validate$1.call(Unknown Source)
	at io.restassured.internal.ResponseSpecificationImpl.validateResponseIfRequired(ResponseSpecificationImpl.groovy:696)
	at io.restassured.internal.ResponseSpecificationImpl.this$2$validateResponseIfRequired(ResponseSpecificationImpl.groovy)
	at jdk.internal.reflect.GeneratedMethodAccessor93.invoke(Unknown Source)
	at java.base/jdk.internal.reflect.DelegatingMethodAccessorImpl.invoke(DelegatingMethodAccessorImpl.java:43)
	at java.base/java.lang.reflect.Method.invoke(Method.java:568)
	at org.codehaus.groovy.runtime.callsite.PlainObjectMetaMethodSite.doInvoke(PlainObjectMetaMethodSite.java:43)
	at org.codehaus.groovy.runtime.callsite.PogoMetaMethodSite$PogoCachedMethodSiteNoUnwrapNoCoerce.invoke(PogoMetaMethodSite.java:198)
	at org.codehaus.groovy.runtime.callsite.PogoMetaMethodSite.callCurrent(PogoMetaMethodSite.java:62)
	at org.codehaus.groovy.runtime.callsite.AbstractCallSite.callCurrent(AbstractCallSite.java:185)
	at io.restassured.internal.ResponseSpecificationImpl.statusCode(ResponseSpecificationImpl.groovy:135)
	at io.restassured.specification.ResponseSpecification$statusCode$0.callCurrent(Unknown Source)
	at io.restassured.internal.ResponseSpecificationImpl.statusCode(ResponseSpecificationImpl.groovy:143)
	at io.restassured.internal.ValidatableResponseOptionsImpl.statusCode(ValidatableResponseOptionsImpl.java:89)
	at starter.user.HTTPResponses.HTTPResponse.lambda$ReceiveResponse400$2(HTTPResponse.java:20)
	at net.serenitybdd.rest.SerenityRest.restAssuredThat(SerenityRest.java:626)
	at starter.user.HTTPResponses.HTTPResponse.ReceiveResponse400(HTTPResponse.java:20)
	at starter.user.HTTPResponses.HTTPResponse$ByteBuddy$QsIA0ahX.ReceiveResponse400$accessor$YVY1sQEe(Unknown Source)
	at java.base/jdk.internal.reflect.NativeMethodAccessorImpl.invoke0(Native Method)
	at java.base/jdk.internal.reflect.NativeMethodAccessorImpl.invoke(NativeMethodAccessorImpl.java:77)
	at java.base/jdk.internal.reflect.DelegatingMethodAccessorImpl.invoke(DelegatingMethodAccessorImpl.java:43)
	at java.base/java.lang.reflect.Method.invoke(Method.java:568)
	at net.thucydides.core.steps.StepInterceptor.invokeMethod(StepInterceptor.java:524)
	at net.thucydides.core.steps.StepInterceptor.executeTestStepMethod(StepInterceptor.java:504)
	at net.thucydides.core.steps.StepInterceptor.runTestStep(StepInterceptor.java:476)
	at net.thucydides.core.steps.StepInterceptor.runOrSkipMethod(StepInterceptor.java:218)
	at net.thucydides.core.steps.StepInterceptor.testStepResult(StepInterceptor.java:205)
	at net.thucydides.core.steps.StepInterceptor.intercept(StepInterceptor.java:93)
	at net.thucydides.core.steps.ProxyConfiguration$InterceptorDispatcher.intercept(ProxyConfiguration.java:51)
	at starter.user.HTTPResponses.HTTPResponse$ByteBuddy$QsIA0ahX.ReceiveResponse400(Unknown Source)
	at starter.stepdefinitions.HTTPResponse.P_HTTPResponse.i_receive_status_code_400(P_HTTPResponse.java:16)
	at ✽.I receive status code 400(file:///home/hafidz/Documents/Belajar/Alterra_Qualiry_Engineer/QE_Muhammad_Hafidz/Capstone_Complete/Capstone_API/src/test/resources/features/api/util/Authentication/ResendOTP.feature:21)
&amp#27;[0m
  &amp#27;[36mAnd &amp#27;[0m&amp#27;[36mI dont receive the reference id and i receive an appropriate message&amp#27;[0m &amp#27;[90m# starter.stepdefinitions.Authentication.P_ResendOTP.i_dont_receive_the_reference_id_and_receive_an_appropriate_message()&amp#27;[0m
]]></system-out>
  </testcase>
  <testcase name="Send POST request with valid reference_id and match password and confirm password" classname="Reset Password" time="0.282">
    <failure message="1 expectation failed.&#10;Expected status code &lt;200&gt; but was &lt;409&gt;.&#10;" type="java.lang.AssertionError"><![CDATA[java.lang.AssertionError: 
1 expectation failed.
Expected status code <200> but was <409>.

]]></failure>
    <system-out><![CDATA[15:36:32.933 [main] ERROR  -- 
  _____   ___   ___   _____     ___     _     ___   _      ___   ___  
 |_   _| | __| / __| |_   _|   | __|   /_\   |_ _| | |    | __| |   \ 
   | |   | _|  \__ \   | |     | _|   / _ \   | |  | |__  | _|  | |) |
   |_|   |___| |___/   |_|     |_|   /_/ \_\ |___| |____| |___| |___/ 

Send OTP with Unregistered Email
-----------------------------------------------------------------------
15:36:32.933 [main] DEBUG  -- RELATED ISSUES: 
15:36:32.934 [main] ERROR  --     Test failed at step: Receive response400
15:36:32.935 [main] ERROR  --     1 expectation failed.Expected status code <400> but was <409>.
15:36:32.947 [main] DEBUG io.cucumber.core.plugin.SerenityReporter -- Running feature from file:///home/hafidz/Documents/Belajar/Alterra_Qualiry_Engineer/QE_Muhammad_Hafidz/Capstone_Complete/Capstone_API/src/test/resources/features/api/util/Authentication/ResetPassword.feature
15:36:32.951 [main] DEBUG net.thucydides.core.steps.StepEventBus -- Test suite started for story net.thucydides.model.domain.Story@27d8bd60
15:36:32.951 [main] INFO  -- Test Suite Started: Reset Password

Scenario: Send POST request with valid reference_id and match password and confirm password                &amp#27;[90m# src/test/resources/features/api/util/Authentication/ResetPassword.feature:6&amp#27;[0m
15:36:32.971 [main] DEBUG io.cucumber.core.plugin.SerenityReporter -- Running feature from file:///home/hafidz/Documents/Belajar/Alterra_Qualiry_Engineer/QE_Muhammad_Hafidz/Capstone_Complete/Capstone_API/src/test/resources/features/api/util/Authentication/ResetPassword.feature
15:36:32.974 [main] INFO  -- 
  _____   ___   ___   _____     ___   _____     _     ___   _____   ___   ___  
 |_   _| | __| / __| |_   _|   / __| |_   _|   /_\   | _ \ |_   _| | __| |   \ 
   | |   | _|  \__ \   | |     \__ \   | |    / _ \  |   /   | |   | _|  | |) |
   |_|   |___| |___/   |_|     |___/   |_|   /_/ \_\ |_|_\   |_|   |___| |___/ 

Send POST request with valid reference_id and match password and confirm password(reset-password;send-post-request-with-valid-reference-id-and-match-password-and-confirm-password)
--------------------------------------------------------------------------------
15:36:32.993 [main] DEBUG net.thucydides.core.steps.StepInterceptor -- STARTING STEP: P_ResetPassword.i_set_on_ResetPassword_OTP_API_endpoint - IsetOnResetPasswordAPIEndpoint
15:36:32.993 [main] DEBUG net.thucydides.core.steps.StepInterceptor -- STEP DONE: IsetOnResetPasswordAPIEndpoint
  &amp#27;[32mGiven &amp#27;[0m&amp#27;[32mI set on ResetPassword OTP API endpoint&amp#27;[0m                                                            &amp#27;[90m# starter.stepdefinitions.Authentication.P_ResetPassword.i_set_on_ResetPassword_OTP_API_endpoint()&amp#27;[0m
15:36:32.997 [main] DEBUG net.thucydides.core.steps.StepInterceptor -- STARTING STEP: P_ResetPassword.i_send_post_request_to_server_with_match_password_and_confirmPassword - IsendPOSTrequesToServerWithMatchValidReference_idAndMatchPasswordAndConfirmPassword
15:36:33.001 [main] DEBUG net.thucydides.core.steps.StepInterceptor -- STARTING STEP: ResetPassword.IsendPOSTrequesToServerWithMatchValidReference_idAndMatchPasswordAndConfirmPassword - IsetOnResetPasswordAPIEndpoint
15:36:33.002 [main] DEBUG net.thucydides.core.steps.StepInterceptor -- STEP DONE: IsetOnResetPasswordAPIEndpoint
HTTP/1.1 409 Conflict
Date: Wed, 26 Jun 2024 08:36:33 GMT
Content-Type: application/json
Content-Length: 53
Connection: keep-alive
Vary: Origin
CF-Cache-Status: DYNAMIC
Report-To: {"endpoints":[{"url":"https:\/\/a.nel.cloudflare.com\/report\/v4?s=i8lF9KBKyZA7QbPy9%2B7JzrzmboK1bOTJssOCktn4cymQrRi7ysbhbhc73c2aIJP072MwUGQzUXzeD7V8G71ANljnEeo1hjefMl9znPECEBl5ZUFIwt1T4N3BVdI%2B6AYY4B3EOoQ%3D"}],"group":"cf-nel","max_age":604800}
NEL: {"success_fraction":0,"report_to":"cf-nel","max_age":604800}
Server: cloudflare
CF-RAY: 899bdece0e389d20-SIN
alt-svc: h3=":443"; ma=86400

{
    "status": "Failed",
    "message": "Akun tidak ditemukan"
}
15:36:33.209 [main] DEBUG net.thucydides.core.steps.StepInterceptor -- STEP DONE: IsendPOSTrequesToServerWithMatchValidReference_idAndMatchPasswordAndConfirmPassword
  &amp#27;[32mWhen &amp#27;[0m&amp#27;[32mI send POST request to server with match valid reference_id and match password and confirm password&amp#27;[0m &amp#27;[90m# starter.stepdefinitions.Authentication.P_ResetPassword.i_send_post_request_to_server_with_match_password_and_confirmPassword()&amp#27;[0m
15:36:33.214 [main] DEBUG net.thucydides.core.steps.StepInterceptor -- STARTING STEP: P_HTTPResponse.i_receive_status_code_200 - ReceiveResponse200
  &amp#27;[31mThen &amp#27;[0m&amp#27;[31mI receive status code 200&amp#27;[0m                                                                           &amp#27;[90m# starter.stepdefinitions.HTTPResponse.P_HTTPResponse.i_receive_status_code_200()&amp#27;[0m
      &amp#27;[31mjava.lang.AssertionError: 1 expectation failed.
Expected status code <200> but was <409>.

	at java.base/jdk.internal.reflect.NativeConstructorAccessorImpl.newInstance0(Native Method)
	at java.base/jdk.internal.reflect.NativeConstructorAccessorImpl.newInstance(NativeConstructorAccessorImpl.java:77)
	at java.base/jdk.internal.reflect.DelegatingConstructorAccessorImpl.newInstance(DelegatingConstructorAccessorImpl.java:45)
	at java.base/java.lang.reflect.Constructor.newInstanceWithCaller(Constructor.java:499)
	at java.base/java.lang.reflect.Constructor.newInstance(Constructor.java:480)
	at org.codehaus.groovy.reflection.CachedConstructor.invoke(CachedConstructor.java:73)
	at org.codehaus.groovy.runtime.callsite.ConstructorSite$ConstructorSiteNoUnwrapNoCoerce.callConstructor(ConstructorSite.java:108)
	at org.codehaus.groovy.runtime.callsite.AbstractCallSite.callConstructor(AbstractCallSite.java:277)
	at io.restassured.internal.ResponseSpecificationImpl$HamcrestAssertionClosure.validate(ResponseSpecificationImpl.groovy:512)
	at io.restassured.internal.ResponseSpecificationImpl$HamcrestAssertionClosure$validate$1.call(Unknown Source)
	at io.restassured.internal.ResponseSpecificationImpl.validateResponseIfRequired(ResponseSpecificationImpl.groovy:696)
	at io.restassured.internal.ResponseSpecificationImpl.this$2$validateResponseIfRequired(ResponseSpecificationImpl.groovy)
	at jdk.internal.reflect.GeneratedMethodAccessor93.invoke(Unknown Source)
	at java.base/jdk.internal.reflect.DelegatingMethodAccessorImpl.invoke(DelegatingMethodAccessorImpl.java:43)
	at java.base/java.lang.reflect.Method.invoke(Method.java:568)
	at org.codehaus.groovy.runtime.callsite.PlainObjectMetaMethodSite.doInvoke(PlainObjectMetaMethodSite.java:43)
	at org.codehaus.groovy.runtime.callsite.PogoMetaMethodSite$PogoCachedMethodSiteNoUnwrapNoCoerce.invoke(PogoMetaMethodSite.java:198)
	at org.codehaus.groovy.runtime.callsite.PogoMetaMethodSite.callCurrent(PogoMetaMethodSite.java:62)
	at org.codehaus.groovy.runtime.callsite.AbstractCallSite.callCurrent(AbstractCallSite.java:185)
	at io.restassured.internal.ResponseSpecificationImpl.statusCode(ResponseSpecificationImpl.groovy:135)
	at io.restassured.specification.ResponseSpecification$statusCode$0.callCurrent(Unknown Source)
	at io.restassured.internal.ResponseSpecificationImpl.statusCode(ResponseSpecificationImpl.groovy:143)
	at io.restassured.internal.ValidatableResponseOptionsImpl.statusCode(ValidatableResponseOptionsImpl.java:89)
	at starter.user.HTTPResponses.HTTPResponse.lambda$ReceiveResponse200$0(HTTPResponse.java:10)
	at net.serenitybdd.rest.SerenityRest.restAssuredThat(SerenityRest.java:626)
	at starter.user.HTTPResponses.HTTPResponse.ReceiveResponse200(HTTPResponse.java:10)
	at starter.user.HTTPResponses.HTTPResponse$ByteBuddy$QsIA0ahX.ReceiveResponse200$accessor$YVY1sQEe(Unknown Source)
	at java.base/jdk.internal.reflect.NativeMethodAccessorImpl.invoke0(Native Method)
	at java.base/jdk.internal.reflect.NativeMethodAccessorImpl.invoke(NativeMethodAccessorImpl.java:77)
	at java.base/jdk.internal.reflect.DelegatingMethodAccessorImpl.invoke(DelegatingMethodAccessorImpl.java:43)
	at java.base/java.lang.reflect.Method.invoke(Method.java:568)
	at net.thucydides.core.steps.StepInterceptor.invokeMethod(StepInterceptor.java:524)
	at net.thucydides.core.steps.StepInterceptor.executeTestStepMethod(StepInterceptor.java:504)
	at net.thucydides.core.steps.StepInterceptor.runTestStep(StepInterceptor.java:476)
	at net.thucydides.core.steps.StepInterceptor.runOrSkipMethod(StepInterceptor.java:218)
	at net.thucydides.core.steps.StepInterceptor.testStepResult(StepInterceptor.java:205)
	at net.thucydides.core.steps.StepInterceptor.intercept(StepInterceptor.java:93)
	at net.thucydides.core.steps.ProxyConfiguration$InterceptorDispatcher.intercept(ProxyConfiguration.java:51)
	at starter.user.HTTPResponses.HTTPResponse$ByteBuddy$QsIA0ahX.ReceiveResponse200(Unknown Source)
	at starter.stepdefinitions.HTTPResponse.P_HTTPResponse.i_receive_status_code_200(P_HTTPResponse.java:31)
	at ✽.I receive status code 200(file:///home/hafidz/Documents/Belajar/Alterra_Qualiry_Engineer/QE_Muhammad_Hafidz/Capstone_Complete/Capstone_API/src/test/resources/features/api/util/Authentication/ResetPassword.feature:9)
&amp#27;[0m
  &amp#27;[36mAnd &amp#27;[0m&amp#27;[36mI receive a message that say that i m succeed at resetting password and my password is changed&amp#27;[0m       &amp#27;[90m# starter.stepdefinitions.Authentication.P_ResetPassword.i_receive_a_message_that_say_that_i_m_succeed_at_resetting_password()&amp#27;[0m
]]></system-out>
  </testcase>
  <testcase name="Send POST request with valid reference_id and unmatch password and confirm password" classname="Reset Password" time="0.051">
    <error message="The step &apos;I send POST request to server with unmatch valid reference_id and match password and confirm password&apos; and 1 other step(s) are undefined.&#10;You can implement these steps using the snippet(s) below:&#10;&#10;@When(&quot;I send POST request to server with unmatch valid reference_id and match password and confirm password&quot;)&#10;public void i_send_post_request_to_server_with_unmatch_valid_reference_id_and_match_password_and_confirm_password() {&#10;    // Write code here that turns the phrase above into concrete actions&#10;    throw new io.cucumber.java.PendingException();&#10;}&#10;@Then(&quot;I receive a message that say that i m succeed at resetting password and my password does not changed&quot;)&#10;public void i_receive_a_message_that_say_that_i_m_succeed_at_resetting_password_and_my_password_does_not_changed() {&#10;    // Write code here that turns the phrase above into concrete actions&#10;    throw new io.cucumber.java.PendingException();&#10;}&#10;" type="io.cucumber.junit.UndefinedStepException">io.cucumber.junit.UndefinedStepException: 
The step 'I send POST request to server with unmatch valid reference_id and match password and confirm password' and 1 other step(s) are undefined.
You can implement these steps using the snippet(s) below:

@When("I send POST request to server with unmatch valid reference_id and match password and confirm password")
public void i_send_post_request_to_server_with_unmatch_valid_reference_id_and_match_password_and_confirm_password() {
    // Write code here that turns the phrase above into concrete actions
    throw new io.cucumber.java.PendingException();
}
@Then("I receive a message that say that i m succeed at resetting password and my password does not changed")
public void i_receive_a_message_that_say_that_i_m_succeed_at_resetting_password_and_my_password_does_not_changed() {
    // Write code here that turns the phrase above into concrete actions
    throw new io.cucumber.java.PendingException();
}

</error>
    <system-out><![CDATA[15:36:33.230 [main] ERROR  -- 
  _____   ___   ___   _____     ___     _     ___   _      ___   ___  
 |_   _| | __| / __| |_   _|   | __|   /_\   |_ _| | |    | __| |   \ 
   | |   | _|  \__ \   | |     | _|   / _ \   | |  | |__  | _|  | |) |
   |_|   |___| |___/   |_|     |_|   /_/ \_\ |___| |____| |___| |___/ 

Send POST request with valid reference_id and match password and confirm password
-----------------------------------------------------------------------
15:36:33.231 [main] DEBUG  -- RELATED ISSUES: 
15:36:33.231 [main] ERROR  --     Test failed at step: Receive response200
15:36:33.231 [main] ERROR  --     1 expectation failed.Expected status code <200> but was <409>.

Scenario: Send POST request with valid reference_id and unmatch password and confirm password                &amp#27;[90m# src/test/resources/features/api/util/Authentication/ResetPassword.feature:12&amp#27;[0m
15:36:33.266 [main] DEBUG io.cucumber.core.plugin.SerenityReporter -- Running feature from file:///home/hafidz/Documents/Belajar/Alterra_Qualiry_Engineer/QE_Muhammad_Hafidz/Capstone_Complete/Capstone_API/src/test/resources/features/api/util/Authentication/ResetPassword.feature
15:36:33.268 [main] INFO  -- 
  _____   ___   ___   _____     ___   _____     _     ___   _____   ___   ___  
 |_   _| | __| / __| |_   _|   / __| |_   _|   /_\   | _ \ |_   _| | __| |   \ 
   | |   | _|  \__ \   | |     \__ \   | |    / _ \  |   /   | |   | _|  | |) |
   |_|   |___| |___/   |_|     |___/   |_|   /_/ \_\ |_|_\   |_|   |___| |___/ 

Send POST request with valid reference_id and unmatch password and confirm password(reset-password;send-post-request-with-valid-reference-id-and-unmatch-password-and-confirm-password)
--------------------------------------------------------------------------------
15:36:33.274 [main] DEBUG net.thucydides.core.steps.StepInterceptor -- STARTING STEP: P_ResetPassword.i_set_on_ResetPassword_OTP_API_endpoint - IsetOnResetPasswordAPIEndpoint
15:36:33.274 [main] DEBUG net.thucydides.core.steps.StepInterceptor -- STEP DONE: IsetOnResetPasswordAPIEndpoint
  &amp#27;[32mGiven &amp#27;[0m&amp#27;[32mI set on ResetPassword OTP API endpoint&amp#27;[0m                                                              &amp#27;[90m# starter.stepdefinitions.Authentication.P_ResetPassword.i_set_on_ResetPassword_OTP_API_endpoint()&amp#27;[0m
  &amp#27;[33mWhen &amp#27;[0m&amp#27;[33mI send POST request to server with unmatch valid reference_id and match password and confirm password&amp#27;[0m
  &amp#27;[36mThen &amp#27;[0m&amp#27;[36mI receive status code 400&amp#27;[0m                                                                             &amp#27;[90m# starter.stepdefinitions.HTTPResponse.P_HTTPResponse.i_receive_status_code_400()&amp#27;[0m
  &amp#27;[36mAnd &amp#27;[0m&amp#27;[36mI receive a message that say that i m succeed at resetting password and my password does not changed&amp#27;[0m
]]></system-out>
  </testcase>
  <testcase name="Send POST request with match reference_id and OTP" classname="Verify OTP" time="0.251">
    <failure message="1 expectation failed.&#10;Expected status code &lt;201&gt; but was &lt;409&gt;.&#10;" type="java.lang.AssertionError"><![CDATA[java.lang.AssertionError: 
1 expectation failed.
Expected status code <201> but was <409>.

]]></failure>
    <system-out><![CDATA[15:36:33.291 [main] INFO  -- 
  _____   ___   ___   _____     ___   ___   _  _   ___    ___   _  _    ___ 
 |_   _| | __| / __| |_   _|   | _ \ | __| | \| | |   \  |_ _| | \| |  / __|
   | |   | _|  \__ \   | |     |  _/ | _|  | .` | | |) |  | |  | .` | | (_ |
   |_|   |___| |___/   |_|     |_|   |___| |_|\_| |___/  |___| |_|\_|  \___|

Send POST request with valid reference_id and unmatch password and confirm password
-----------------------------------------------------------------------------
15:36:33.297 [main] DEBUG io.cucumber.core.plugin.SerenityReporter -- Running feature from file:///home/hafidz/Documents/Belajar/Alterra_Qualiry_Engineer/QE_Muhammad_Hafidz/Capstone_Complete/Capstone_API/src/test/resources/features/api/util/Authentication/VerifyOTP.feature
15:36:33.299 [main] DEBUG net.thucydides.core.steps.StepEventBus -- Test suite started for story net.thucydides.model.domain.Story@f3f1aa60
15:36:33.300 [main] INFO  -- Test Suite Started: Verify OTP

Scenario: Send POST request with match reference_id and OTP          &amp#27;[90m# src/test/resources/features/api/util/Authentication/VerifyOTP.feature:6&amp#27;[0m
15:36:33.303 [main] DEBUG io.cucumber.core.plugin.SerenityReporter -- Running feature from file:///home/hafidz/Documents/Belajar/Alterra_Qualiry_Engineer/QE_Muhammad_Hafidz/Capstone_Complete/Capstone_API/src/test/resources/features/api/util/Authentication/VerifyOTP.feature
15:36:33.305 [main] INFO  -- 
  _____   ___   ___   _____     ___   _____     _     ___   _____   ___   ___  
 |_   _| | __| / __| |_   _|   / __| |_   _|   /_\   | _ \ |_   _| | __| |   \ 
   | |   | _|  \__ \   | |     \__ \   | |    / _ \  |   /   | |   | _|  | |) |
   |_|   |___| |___/   |_|     |___/   |_|   /_/ \_\ |_|_\   |_|   |___| |___/ 

Send POST request with match reference_id and OTP(verify-otp;send-post-request-with-match-reference-id-and-otp)
--------------------------------------------------------------------------------
15:36:33.322 [main] DEBUG net.thucydides.core.steps.StepInterceptor -- STARTING STEP: P_VerifyOTP.i_set_on_verify_OTP_end_point - IsetVerifyAPIEndPoint
15:36:33.322 [main] DEBUG net.thucydides.core.steps.StepInterceptor -- STEP DONE: IsetVerifyAPIEndPoint
  &amp#27;[32mGiven &amp#27;[0m&amp#27;[32mI set on VerifyOTP API endpoint&amp#27;[0m                              &amp#27;[90m# starter.stepdefinitions.Authentication.P_VerifyOTP.i_set_on_verify_OTP_end_point()&amp#27;[0m
15:36:33.327 [main] DEBUG net.thucydides.core.steps.StepInterceptor -- STARTING STEP: P_VerifyOTP.i_send_post_request_to_server_with_match_reference_id_and_OTP - IsendPostRequestToServerWithMatchReferenceIDAndOTP
15:36:33.330 [main] DEBUG net.thucydides.core.steps.StepInterceptor -- STARTING STEP: VerifyOTP.IsendPostRequestToServerWithMatchReferenceIDAndOTP - IsetVerifyAPIEndPoint
15:36:33.330 [main] DEBUG net.thucydides.core.steps.StepInterceptor -- STEP DONE: IsetVerifyAPIEndPoint
HTTP/1.1 409 Conflict
Date: Wed, 26 Jun 2024 08:36:33 GMT
Content-Type: application/json
Content-Length: 53
Connection: keep-alive
Vary: Origin
CF-Cache-Status: DYNAMIC
Report-To: {"endpoints":[{"url":"https:\/\/a.nel.cloudflare.com\/report\/v4?s=zbcAh00LcAPzybGx9QYVGohBCfQ6J%2BTVRYZFDZYoyiW8gLmqmb%2BO%2BTFDQVtEVI8Wqpm00wPuhswDmqSyuGtwVFThLR1O4y87moUBgZcf4590CKjJhvU6LYZqbeY8ri42imK6LO0%3D"}],"group":"cf-nel","max_age":604800}
NEL: {"success_fraction":0,"report_to":"cf-nel","max_age":604800}
Server: cloudflare
CF-RAY: 899bdecfefe05f53-SIN
alt-svc: h3=":443"; ma=86400

{
    "status": "Failed",
    "message": "Akun tidak ditemukan"
}
15:36:33.516 [main] DEBUG net.thucydides.core.steps.StepInterceptor -- STEP DONE: IsendPostRequestToServerWithMatchReferenceIDAndOTP
  &amp#27;[32mWhen &amp#27;[0m&amp#27;[32mI send POST request to server with match reference_id and OTP&amp#27;[0m &amp#27;[90m# starter.stepdefinitions.Authentication.P_VerifyOTP.i_send_post_request_to_server_with_match_reference_id_and_OTP()&amp#27;[0m
15:36:33.525 [main] DEBUG net.thucydides.core.steps.StepInterceptor -- STARTING STEP: P_HTTPResponse.i_receive_status_code_201 - ReceiveResponse201
  &amp#27;[31mThen &amp#27;[0m&amp#27;[31mI receive status code 201&amp#27;[0m                                     &amp#27;[90m# starter.stepdefinitions.HTTPResponse.P_HTTPResponse.i_receive_status_code_201()&amp#27;[0m
      &amp#27;[31mjava.lang.AssertionError: 1 expectation failed.
Expected status code <201> but was <409>.

	at java.base/jdk.internal.reflect.NativeConstructorAccessorImpl.newInstance0(Native Method)
	at java.base/jdk.internal.reflect.NativeConstructorAccessorImpl.newInstance(NativeConstructorAccessorImpl.java:77)
	at java.base/jdk.internal.reflect.DelegatingConstructorAccessorImpl.newInstance(DelegatingConstructorAccessorImpl.java:45)
	at java.base/java.lang.reflect.Constructor.newInstanceWithCaller(Constructor.java:499)
	at java.base/java.lang.reflect.Constructor.newInstance(Constructor.java:480)
	at org.codehaus.groovy.reflection.CachedConstructor.invoke(CachedConstructor.java:73)
	at org.codehaus.groovy.runtime.callsite.ConstructorSite$ConstructorSiteNoUnwrapNoCoerce.callConstructor(ConstructorSite.java:108)
	at org.codehaus.groovy.runtime.callsite.AbstractCallSite.callConstructor(AbstractCallSite.java:277)
	at io.restassured.internal.ResponseSpecificationImpl$HamcrestAssertionClosure.validate(ResponseSpecificationImpl.groovy:512)
	at io.restassured.internal.ResponseSpecificationImpl$HamcrestAssertionClosure$validate$1.call(Unknown Source)
	at io.restassured.internal.ResponseSpecificationImpl.validateResponseIfRequired(ResponseSpecificationImpl.groovy:696)
	at io.restassured.internal.ResponseSpecificationImpl.this$2$validateResponseIfRequired(ResponseSpecificationImpl.groovy)
	at jdk.internal.reflect.GeneratedMethodAccessor93.invoke(Unknown Source)
	at java.base/jdk.internal.reflect.DelegatingMethodAccessorImpl.invoke(DelegatingMethodAccessorImpl.java:43)
	at java.base/java.lang.reflect.Method.invoke(Method.java:568)
	at org.codehaus.groovy.runtime.callsite.PlainObjectMetaMethodSite.doInvoke(PlainObjectMetaMethodSite.java:43)
	at org.codehaus.groovy.runtime.callsite.PogoMetaMethodSite$PogoCachedMethodSiteNoUnwrapNoCoerce.invoke(PogoMetaMethodSite.java:198)
	at org.codehaus.groovy.runtime.callsite.PogoMetaMethodSite.callCurrent(PogoMetaMethodSite.java:62)
	at org.codehaus.groovy.runtime.callsite.AbstractCallSite.callCurrent(AbstractCallSite.java:185)
	at io.restassured.internal.ResponseSpecificationImpl.statusCode(ResponseSpecificationImpl.groovy:135)
	at io.restassured.specification.ResponseSpecification$statusCode$0.callCurrent(Unknown Source)
	at io.restassured.internal.ResponseSpecificationImpl.statusCode(ResponseSpecificationImpl.groovy:143)
	at io.restassured.internal.ValidatableResponseOptionsImpl.statusCode(ValidatableResponseOptionsImpl.java:89)
	at starter.user.HTTPResponses.HTTPResponse.lambda$ReceiveResponse201$1(HTTPResponse.java:15)
	at net.serenitybdd.rest.SerenityRest.restAssuredThat(SerenityRest.java:626)
	at starter.user.HTTPResponses.HTTPResponse.ReceiveResponse201(HTTPResponse.java:15)
	at starter.user.HTTPResponses.HTTPResponse$ByteBuddy$QsIA0ahX.ReceiveResponse201$accessor$YVY1sQEe(Unknown Source)
	at java.base/jdk.internal.reflect.NativeMethodAccessorImpl.invoke0(Native Method)
	at java.base/jdk.internal.reflect.NativeMethodAccessorImpl.invoke(NativeMethodAccessorImpl.java:77)
	at java.base/jdk.internal.reflect.DelegatingMethodAccessorImpl.invoke(DelegatingMethodAccessorImpl.java:43)
	at java.base/java.lang.reflect.Method.invoke(Method.java:568)
	at net.thucydides.core.steps.StepInterceptor.invokeMethod(StepInterceptor.java:524)
	at net.thucydides.core.steps.StepInterceptor.executeTestStepMethod(StepInterceptor.java:504)
	at net.thucydides.core.steps.StepInterceptor.runTestStep(StepInterceptor.java:476)
	at net.thucydides.core.steps.StepInterceptor.runOrSkipMethod(StepInterceptor.java:218)
	at net.thucydides.core.steps.StepInterceptor.testStepResult(StepInterceptor.java:205)
	at net.thucydides.core.steps.StepInterceptor.intercept(StepInterceptor.java:93)
	at net.thucydides.core.steps.ProxyConfiguration$InterceptorDispatcher.intercept(ProxyConfiguration.java:51)
	at starter.user.HTTPResponses.HTTPResponse$ByteBuddy$QsIA0ahX.ReceiveResponse201(Unknown Source)
	at starter.stepdefinitions.HTTPResponse.P_HTTPResponse.i_receive_status_code_201(P_HTTPResponse.java:26)
	at ✽.I receive status code 201(file:///home/hafidz/Documents/Belajar/Alterra_Qualiry_Engineer/QE_Muhammad_Hafidz/Capstone_Complete/Capstone_API/src/test/resources/features/api/util/Authentication/VerifyOTP.feature:9)
&amp#27;[0m
  &amp#27;[36mAnd &amp#27;[0m&amp#27;[36mI receive an OTP and a message that say that i m succeed&amp#27;[0m       &amp#27;[90m# starter.stepdefinitions.Authentication.P_VerifyOTP.i_receive_an_OTP_and_a_messgae_that_say_that_i_m_succed()&amp#27;[0m
]]></system-out>
  </testcase>
  <testcase name="Send POST request with unmatch reference_id and OTP" classname="Verify OTP" time="0.337">
    <failure message="1 expectation failed.&#10;Expected status code &lt;400&gt; but was &lt;409&gt;.&#10;" type="java.lang.AssertionError"><![CDATA[java.lang.AssertionError: 
1 expectation failed.
Expected status code <400> but was <409>.

]]></failure>
    <system-out><![CDATA[15:36:33.543 [main] ERROR  -- 
  _____   ___   ___   _____     ___     _     ___   _      ___   ___  
 |_   _| | __| / __| |_   _|   | __|   /_\   |_ _| | |    | __| |   \ 
   | |   | _|  \__ \   | |     | _|   / _ \   | |  | |__  | _|  | |) |
   |_|   |___| |___/   |_|     |_|   /_/ \_\ |___| |____| |___| |___/ 

Send POST request with match reference_id and OTP
-----------------------------------------------------------------------
15:36:33.544 [main] DEBUG  -- RELATED ISSUES: 
15:36:33.544 [main] ERROR  --     Test failed at step: Receive response201
15:36:33.545 [main] ERROR  --     1 expectation failed.Expected status code <201> but was <409>.

Scenario: Send POST request with unmatch reference_id and OTP               &amp#27;[90m# src/test/resources/features/api/util/Authentication/VerifyOTP.feature:12&amp#27;[0m
15:36:33.561 [main] DEBUG io.cucumber.core.plugin.SerenityReporter -- Running feature from file:///home/hafidz/Documents/Belajar/Alterra_Qualiry_Engineer/QE_Muhammad_Hafidz/Capstone_Complete/Capstone_API/src/test/resources/features/api/util/Authentication/VerifyOTP.feature
15:36:33.563 [main] INFO  -- 
  _____   ___   ___   _____     ___   _____     _     ___   _____   ___   ___  
 |_   _| | __| / __| |_   _|   / __| |_   _|   /_\   | _ \ |_   _| | __| |   \ 
   | |   | _|  \__ \   | |     \__ \   | |    / _ \  |   /   | |   | _|  | |) |
   |_|   |___| |___/   |_|     |___/   |_|   /_/ \_\ |_|_\   |_|   |___| |___/ 

Send POST request with unmatch reference_id and OTP(verify-otp;send-post-request-with-unmatch-reference-id-and-otp)
--------------------------------------------------------------------------------
15:36:33.574 [main] DEBUG net.thucydides.core.steps.StepInterceptor -- STARTING STEP: P_VerifyOTP.i_set_on_verify_OTP_end_point - IsetVerifyAPIEndPoint
15:36:33.574 [main] DEBUG net.thucydides.core.steps.StepInterceptor -- STEP DONE: IsetVerifyAPIEndPoint
  &amp#27;[32mGiven &amp#27;[0m&amp#27;[32mI set on VerifyOTP API endpoint&amp#27;[0m                                     &amp#27;[90m# starter.stepdefinitions.Authentication.P_VerifyOTP.i_set_on_verify_OTP_end_point()&amp#27;[0m
15:36:33.578 [main] DEBUG net.thucydides.core.steps.StepInterceptor -- STARTING STEP: P_VerifyOTP.i_send_POST_request_to_server_with_unmatch_ref_id_and_OTP - IsendPostRequestToServerWithUnmatchReferenceIDAndOTP
15:36:33.581 [main] DEBUG net.thucydides.core.steps.StepInterceptor -- STARTING STEP: VerifyOTP.IsendPostRequestToServerWithUnmatchReferenceIDAndOTP - IsetVerifyAPIEndPoint
15:36:33.582 [main] DEBUG net.thucydides.core.steps.StepInterceptor -- STEP DONE: IsetVerifyAPIEndPoint
HTTP/1.1 409 Conflict
Date: Wed, 26 Jun 2024 08:36:34 GMT
Content-Type: application/json
Content-Length: 53
Connection: keep-alive
Vary: Origin
CF-Cache-Status: DYNAMIC
Report-To: {"endpoints":[{"url":"https:\/\/a.nel.cloudflare.com\/report\/v4?s=u0w0o5SNbJbTEx00TKvBOald8ixTdXXuuRKzo1Z67uk3ncw7chXInPjCmIJB0i1CFUzUSWd7p2O7fJDVwNpHAATOAyqN0riz0CnimftwG0298mb%2FDLvuohq%2FNyaPCcJQVO25psA%3D"}],"group":"cf-nel","max_age":604800}
NEL: {"success_fraction":0,"report_to":"cf-nel","max_age":604800}
Server: cloudflare
CF-RAY: 899bded20940879f-SIN
alt-svc: h3=":443"; ma=86400

{
    "status": "Failed",
    "message": "Akun tidak ditemukan"
}
15:36:33.854 [main] DEBUG net.thucydides.core.steps.StepInterceptor -- STEP DONE: IsendPostRequestToServerWithUnmatchReferenceIDAndOTP
  &amp#27;[32mWhen &amp#27;[0m&amp#27;[32mI send POST request to server with unmatch reference_id and OTP&amp#27;[0m      &amp#27;[90m# starter.stepdefinitions.Authentication.P_VerifyOTP.i_send_POST_request_to_server_with_unmatch_ref_id_and_OTP()&amp#27;[0m
15:36:33.864 [main] DEBUG net.thucydides.core.steps.StepInterceptor -- STARTING STEP: P_HTTPResponse.i_receive_status_code_400 - ReceiveResponse400
  &amp#27;[31mThen &amp#27;[0m&amp#27;[31mI receive status code 400&amp#27;[0m                                            &amp#27;[90m# starter.stepdefinitions.HTTPResponse.P_HTTPResponse.i_receive_status_code_400()&amp#27;[0m
      &amp#27;[31mjava.lang.AssertionError: 1 expectation failed.
Expected status code <400> but was <409>.

	at java.base/jdk.internal.reflect.NativeConstructorAccessorImpl.newInstance0(Native Method)
	at java.base/jdk.internal.reflect.NativeConstructorAccessorImpl.newInstance(NativeConstructorAccessorImpl.java:77)
	at java.base/jdk.internal.reflect.DelegatingConstructorAccessorImpl.newInstance(DelegatingConstructorAccessorImpl.java:45)
	at java.base/java.lang.reflect.Constructor.newInstanceWithCaller(Constructor.java:499)
	at java.base/java.lang.reflect.Constructor.newInstance(Constructor.java:480)
	at org.codehaus.groovy.reflection.CachedConstructor.invoke(CachedConstructor.java:73)
	at org.codehaus.groovy.runtime.callsite.ConstructorSite$ConstructorSiteNoUnwrapNoCoerce.callConstructor(ConstructorSite.java:108)
	at org.codehaus.groovy.runtime.callsite.AbstractCallSite.callConstructor(AbstractCallSite.java:277)
	at io.restassured.internal.ResponseSpecificationImpl$HamcrestAssertionClosure.validate(ResponseSpecificationImpl.groovy:512)
	at io.restassured.internal.ResponseSpecificationImpl$HamcrestAssertionClosure$validate$1.call(Unknown Source)
	at io.restassured.internal.ResponseSpecificationImpl.validateResponseIfRequired(ResponseSpecificationImpl.groovy:696)
	at io.restassured.internal.ResponseSpecificationImpl.this$2$validateResponseIfRequired(ResponseSpecificationImpl.groovy)
	at jdk.internal.reflect.GeneratedMethodAccessor93.invoke(Unknown Source)
	at java.base/jdk.internal.reflect.DelegatingMethodAccessorImpl.invoke(DelegatingMethodAccessorImpl.java:43)
	at java.base/java.lang.reflect.Method.invoke(Method.java:568)
	at org.codehaus.groovy.runtime.callsite.PlainObjectMetaMethodSite.doInvoke(PlainObjectMetaMethodSite.java:43)
	at org.codehaus.groovy.runtime.callsite.PogoMetaMethodSite$PogoCachedMethodSiteNoUnwrapNoCoerce.invoke(PogoMetaMethodSite.java:198)
	at org.codehaus.groovy.runtime.callsite.PogoMetaMethodSite.callCurrent(PogoMetaMethodSite.java:62)
	at org.codehaus.groovy.runtime.callsite.AbstractCallSite.callCurrent(AbstractCallSite.java:185)
	at io.restassured.internal.ResponseSpecificationImpl.statusCode(ResponseSpecificationImpl.groovy:135)
	at io.restassured.specification.ResponseSpecification$statusCode$0.callCurrent(Unknown Source)
	at io.restassured.internal.ResponseSpecificationImpl.statusCode(ResponseSpecificationImpl.groovy:143)
	at io.restassured.internal.ValidatableResponseOptionsImpl.statusCode(ValidatableResponseOptionsImpl.java:89)
	at starter.user.HTTPResponses.HTTPResponse.lambda$ReceiveResponse400$2(HTTPResponse.java:20)
	at net.serenitybdd.rest.SerenityRest.restAssuredThat(SerenityRest.java:626)
	at starter.user.HTTPResponses.HTTPResponse.ReceiveResponse400(HTTPResponse.java:20)
	at starter.user.HTTPResponses.HTTPResponse$ByteBuddy$QsIA0ahX.ReceiveResponse400$accessor$YVY1sQEe(Unknown Source)
	at java.base/jdk.internal.reflect.NativeMethodAccessorImpl.invoke0(Native Method)
	at java.base/jdk.internal.reflect.NativeMethodAccessorImpl.invoke(NativeMethodAccessorImpl.java:77)
	at java.base/jdk.internal.reflect.DelegatingMethodAccessorImpl.invoke(DelegatingMethodAccessorImpl.java:43)
	at java.base/java.lang.reflect.Method.invoke(Method.java:568)
	at net.thucydides.core.steps.StepInterceptor.invokeMethod(StepInterceptor.java:524)
	at net.thucydides.core.steps.StepInterceptor.executeTestStepMethod(StepInterceptor.java:504)
	at net.thucydides.core.steps.StepInterceptor.runTestStep(StepInterceptor.java:476)
	at net.thucydides.core.steps.StepInterceptor.runOrSkipMethod(StepInterceptor.java:218)
	at net.thucydides.core.steps.StepInterceptor.testStepResult(StepInterceptor.java:205)
	at net.thucydides.core.steps.StepInterceptor.intercept(StepInterceptor.java:93)
	at net.thucydides.core.steps.ProxyConfiguration$InterceptorDispatcher.intercept(ProxyConfiguration.java:51)
	at starter.user.HTTPResponses.HTTPResponse$ByteBuddy$QsIA0ahX.ReceiveResponse400(Unknown Source)
	at starter.stepdefinitions.HTTPResponse.P_HTTPResponse.i_receive_status_code_400(P_HTTPResponse.java:16)
	at ✽.I receive status code 400(file:///home/hafidz/Documents/Belajar/Alterra_Qualiry_Engineer/QE_Muhammad_Hafidz/Capstone_Complete/Capstone_API/src/test/resources/features/api/util/Authentication/VerifyOTP.feature:15)
&amp#27;[0m
  &amp#27;[36mAnd &amp#27;[0m&amp#27;[36mI dont receive an OTP and receive a message that say that i m succeed&amp#27;[0m &amp#27;[90m# starter.stepdefinitions.Authentication.P_VerifyOTP.i_dont_receive_an_OTP_and_receive_a_email_says_that_i_m_succeed()&amp#27;[0m
]]></system-out>
  </testcase>
</testsuite>