<?xml version="1.0" encoding="UTF-8" standalone="no"?><testsuite errors="0" failures="2" name="Verify OTP" skipped="0" tests="2" time="0.03" timestamp="2024-06-26 03:36:33"><testcase name="Send POST request with match reference_id and OTP"><failure message="1 expectation failed.&#10;Expected status code &lt;201&gt; but was &lt;409&gt;.&#10;" type="java.lang.AssertionError">1 expectation failed.
Expected status code &lt;201&gt; but was &lt;409&gt;.
</failure><system-err>1 expectation failed.
Expected status code &lt;201&gt; but was &lt;409&gt;.

io.restassured.internal.ResponseSpecificationImpl.validateResponseIfRequired(ResponseSpecificationImpl.groovy:696)
io.restassured.internal.ResponseSpecificationImpl.this$2$validateResponseIfRequired(ResponseSpecificationImpl.groovy)
io.restassured.internal.ResponseSpecificationImpl.statusCode(ResponseSpecificationImpl.groovy:135)
io.restassured.internal.ResponseSpecificationImpl.statusCode(ResponseSpecificationImpl.groovy:143)
io.restassured.internal.ValidatableResponseOptionsImpl.statusCode(ValidatableResponseOptionsImpl.java:89)
starter.user.HTTPResponses.HTTPResponse.lambda$ReceiveResponse201$1(HTTPResponse.java:15)
net.serenitybdd.rest.SerenityRest.restAssuredThat(SerenityRest.java:626)
starter.user.HTTPResponses.HTTPResponse.ReceiveResponse201(HTTPResponse.java:15)
starter.stepdefinitions.HTTPResponse.P_HTTPResponse.i_receive_status_code_201(P_HTTPResponse.java:26)
</system-err></testcase><testcase name="Send POST request with unmatch reference_id and OTP"><failure message="1 expectation failed.&#10;Expected status code &lt;400&gt; but was &lt;409&gt;.&#10;" type="java.lang.AssertionError">1 expectation failed.
Expected status code &lt;400&gt; but was &lt;409&gt;.
</failure><system-err>1 expectation failed.
Expected status code &lt;400&gt; but was &lt;409&gt;.

io.restassured.internal.ResponseSpecificationImpl.validateResponseIfRequired(ResponseSpecificationImpl.groovy:696)
io.restassured.internal.ResponseSpecificationImpl.this$2$validateResponseIfRequired(ResponseSpecificationImpl.groovy)
io.restassured.internal.ResponseSpecificationImpl.statusCode(ResponseSpecificationImpl.groovy:135)
io.restassured.internal.ResponseSpecificationImpl.statusCode(ResponseSpecificationImpl.groovy:143)
io.restassured.internal.ValidatableResponseOptionsImpl.statusCode(ValidatableResponseOptionsImpl.java:89)
starter.user.HTTPResponses.HTTPResponse.lambda$ReceiveResponse400$2(HTTPResponse.java:20)
net.serenitybdd.rest.SerenityRest.restAssuredThat(SerenityRest.java:626)
starter.user.HTTPResponses.HTTPResponse.ReceiveResponse400(HTTPResponse.java:20)
starter.stepdefinitions.HTTPResponse.P_HTTPResponse.i_receive_status_code_400(P_HTTPResponse.java:16)
</system-err></testcase></testsuite>