<?xml version="1.0" encoding="UTF-8" standalone="no"?><testsuite errors="0" failures="1" name="Reset Password" skipped="1" tests="2" time="0.02" timestamp="2024-06-26 03:36:32"><testcase name="Send POST request with valid reference_id and match password and confirm password"><failure message="1 expectation failed.&#10;Expected status code &lt;200&gt; but was &lt;409&gt;.&#10;" type="java.lang.AssertionError">1 expectation failed.
Expected status code &lt;200&gt; but was &lt;409&gt;.
</failure><system-err>1 expectation failed.
Expected status code &lt;200&gt; but was &lt;409&gt;.

io.restassured.internal.ResponseSpecificationImpl.validateResponseIfRequired(ResponseSpecificationImpl.groovy:696)
io.restassured.internal.ResponseSpecificationImpl.this$2$validateResponseIfRequired(ResponseSpecificationImpl.groovy)
io.restassured.internal.ResponseSpecificationImpl.statusCode(ResponseSpecificationImpl.groovy:135)
io.restassured.internal.ResponseSpecificationImpl.statusCode(ResponseSpecificationImpl.groovy:143)
io.restassured.internal.ValidatableResponseOptionsImpl.statusCode(ValidatableResponseOptionsImpl.java:89)
starter.user.HTTPResponses.HTTPResponse.lambda$ReceiveResponse200$0(HTTPResponse.java:10)
net.serenitybdd.rest.SerenityRest.restAssuredThat(SerenityRest.java:626)
starter.user.HTTPResponses.HTTPResponse.ReceiveResponse200(HTTPResponse.java:10)
starter.stepdefinitions.HTTPResponse.P_HTTPResponse.i_receive_status_code_200(P_HTTPResponse.java:31)
</system-err></testcase><testcase name="Send POST request with valid reference_id and unmatch password and confirm password"><skipped/></testcase></testsuite>