<?xml version="1.0" encoding="UTF-8"?>
<testsuite xmlns:xsi="http://www.w3.org/2001/XMLSchema-instance" xsi:noNamespaceSchemaLocation="https://maven.apache.org/surefire/maven-failsafe-plugin/xsd/failsafe-test-report-3.0.xsd" version="3.0" name="starter.CucumberTestSuite" time="139.043" tests="11" errors="3" skipped="0" failures="0">
  <properties>
[...]
</properties>
  <testcase name="Successful login with valid credentials" classname="Login" time="15.766">
    <system-out><![CDATA[15:32:36.029 [main] DEBUG io.cucumber.core.plugin.SerenityReporter -- Running feature from file:///home/hafidz/Documents/Belajar/Alterra_Qualiry_Engineer/QE_Muhammad_Hafidz/Capstone_Complete/Capstone_Web/src/test/resources/features/Login/Login.feature
15:32:36.090 [main] INFO  -- 

-------------------------------------------------------------------------------------
     _______. _______ .______       _______ .__   __.  __  .___________.____    ____ 
    /       ||   ____||   _  \     |   ____||  \ |  | |  | |           |\   \  /   / 
   |   (----`|  |__   |  |_)  |    |  |__   |   \|  | |  | `---|  |----` \   \/   /  
    \   \    |   __|  |      /     |   __|  |  . `  | |  |     |  |       \_    _/   
.----)   |   |  |____ |  |\  \----.|  |____ |  |\   | |  |     |  |         |  |     
|_______/    |_______|| _| `._____||_______||__| \__| |__|     |__|         |__|    
                                                                                     
 News and tutorials at https://serenity-bdd.info                                     
 Documentation at https://serenity-bdd.github.io                                     
 Test Automation Training and Coaching: https://www.serenity-dojo.com                
 Commercial Support: https://www.serenity-dojo.com/serenity-bdd-enterprise-support   
 Join the Serenity Community on Gitter: https://gitter.im/serenity-bdd/serenity-core 
-------------------------------------------------------------------------------------

15:32:36.095 [main] DEBUG net.thucydides.core.steps.StepEventBus -- Test suite started for story net.thucydides.model.domain.Story@44ad2060
15:32:36.103 [main] INFO  -- Test Suite Started: Login
15:32:36.152 [main] DEBUG io.cucumber.core.plugin.SerenityReporter -- Running feature from file:///home/hafidz/Documents/Belajar/Alterra_Qualiry_Engineer/QE_Muhammad_Hafidz/Capstone_Complete/Capstone_Web/src/test/resources/features/ManageContent/SeeContentDetail.feature
15:32:36.157 [main] DEBUG net.thucydides.core.steps.StepEventBus -- Test suite started for story net.thucydides.model.domain.Story@8c4dc640
15:32:36.157 [main] INFO  -- Test Suite Started: See Content Detail
15:32:36.158 [main] DEBUG io.cucumber.core.plugin.SerenityReporter -- Running feature from file:///home/hafidz/Documents/Belajar/Alterra_Qualiry_Engineer/QE_Muhammad_Hafidz/Capstone_Complete/Capstone_Web/src/test/resources/features/ManageRoute/ManageDetailRoute.feature
15:32:36.164 [main] DEBUG net.thucydides.core.steps.StepEventBus -- Test suite started for story net.thucydides.model.domain.Story@71b38500
15:32:36.164 [main] INFO  -- Test Suite Started: Manage User Route
15:32:36.165 [main] DEBUG io.cucumber.core.plugin.SerenityReporter -- Running feature from file:///home/hafidz/Documents/Belajar/Alterra_Qualiry_Engineer/QE_Muhammad_Hafidz/Capstone_Complete/Capstone_Web/src/test/resources/features/UserDetail/CRUDE/CreateUser/CreateUser.feature
15:32:36.171 [main] DEBUG net.thucydides.core.steps.StepEventBus -- Test suite started for story net.thucydides.model.domain.Story@5a7e0a80
15:32:36.171 [main] INFO  -- Test Suite Started: Create User
15:32:36.172 [main] DEBUG io.cucumber.core.plugin.SerenityReporter -- Running feature from file:///home/hafidz/Documents/Belajar/Alterra_Qualiry_Engineer/QE_Muhammad_Hafidz/Capstone_Complete/Capstone_Web/src/test/resources/features/UserDetail/ManageUserDetail.feature
15:32:36.178 [main] DEBUG net.thucydides.core.steps.StepEventBus -- Test suite started for story net.thucydides.model.domain.Story@2dd49e80
15:32:36.178 [main] INFO  -- Test Suite Started: Manage User Detail
15:32:36.179 [main] DEBUG io.cucumber.core.plugin.SerenityReporter -- Running feature from file:///home/hafidz/Documents/Belajar/Alterra_Qualiry_Engineer/QE_Muhammad_Hafidz/Capstone_Complete/Capstone_Web/src/test/resources/features/Login/Login.feature
15:32:36.182 [main] DEBUG net.thucydides.core.steps.StepEventBus -- Test suite started for story net.thucydides.model.domain.Story@44ad2060
15:32:36.183 [main] INFO  -- Test Suite Started: Login

Scenario: Successful login with valid credentials &amp#27;[90m# src/test/resources/features/Login/Login.feature:3&amp#27;[0m
15:32:36.274 [main] DEBUG io.cucumber.core.plugin.SerenityReporter -- Running feature from file:///home/hafidz/Documents/Belajar/Alterra_Qualiry_Engineer/QE_Muhammad_Hafidz/Capstone_Complete/Capstone_Web/src/test/resources/features/Login/Login.feature
15:32:36.376 [main] INFO  -- 
  _____   ___   ___   _____     ___   _____     _     ___   _____   ___   ___  
 |_   _| | __| / __| |_   _|   / __| |_   _|   /_\   | _ \ |_   _| | __| |   \ 
   | |   | _|  \__ \   | |     \__ \   | |    / _ \  |   /   | |   | _|  | |) |
   |_|   |___| |___/   |_|     |___/   |_|   /_/ \_\ |_|_\   |_|   |___| |___/ 

Successful login with valid credentials(login;successful-login-with-valid-credentials)
--------------------------------------------------------------------------------
15:32:37.224 [main] INFO net.serenitybdd.core.webdriver.driverproviders.ChromeDriverProvider -- Starting Chrome driver instance with capabilities:
15:32:37.227 [main] INFO net.serenitybdd.core.webdriver.driverproviders.ChromeDriverProvider -- Capabilities {acceptInsecureCerts: false, browserName: chrome, goog:chromeOptions: {args: [remote-allow-origins=*], extensions: []}}
15:32:50.457 [main] DEBUG net.serenitybdd.core.photography.Darkroom -- Opening darkroom
15:32:50.458 [Darkroom Processing Line] DEBUG net.serenitybdd.core.photography.DarkroomProcessingLine -- Darkroom processing line starting up
15:32:50.728 [main] DEBUG net.serenitybdd.core.photography.Darkroom -- Send negative for processing for /home/hafidz/Documents/Belajar/Alterra_Qualiry_Engineer/QE_Muhammad_Hafidz/Capstone_Complete/Capstone_Web/target/site/serenity/2d3f1e5572f398266fdb71b51a503c7b0dbf564f13ed6ddbde227cca9d33f39d.png
15:32:50.728 [Darkroom Processing Line] DEBUG net.serenitybdd.core.photography.DarkroomProcessingLine -- Processing screenshot image in /var/screenshots/screenshot-3019073021940575011
15:32:50.729 [Darkroom Processing Line] DEBUG net.serenitybdd.core.photography.DarkroomProcessingLine -- Saving screenshot to /home/hafidz/Documents/Belajar/Alterra_Qualiry_Engineer/QE_Muhammad_Hafidz/Capstone_Complete/Capstone_Web/target/site/serenity/2d3f1e5572f398266fdb71b51a503c7b0dbf564f13ed6ddbde227cca9d33f39d.png
15:32:50.730 [main] DEBUG net.thucydides.core.steps.StepInterceptor -- STARTING STEP: Login.givenIAmOnTheLoginPage - verifyThatImOnLoginPage
15:32:50.776 [main] DEBUG net.thucydides.core.steps.StepInterceptor -- STEP DONE: verifyThatImOnLoginPage
  &amp#27;[32mGiven &amp#27;[0m&amp#27;[32mI am on the login page&amp#27;[0m                    &amp#27;[90m# starter.stepdefinitions.Login.Login.givenIAmOnTheLoginPage()&amp#27;[0m
15:32:50.925 [main] DEBUG net.serenitybdd.core.photography.Darkroom -- Send negative for processing for /home/hafidz/Documents/Belajar/Alterra_Qualiry_Engineer/QE_Muhammad_Hafidz/Capstone_Complete/Capstone_Web/target/site/serenity/2d3f1e5572f398266fdb71b51a503c7b0dbf564f13ed6ddbde227cca9d33f39d.png
15:32:50.936 [main] DEBUG net.thucydides.core.steps.StepInterceptor -- STARTING STEP: Login.whenIEnterTheUsername - writeUsername
15:32:51.247 [main] DEBUG net.serenitybdd.core.photography.Darkroom -- Send negative for processing for /home/hafidz/Documents/Belajar/Alterra_Qualiry_Engineer/QE_Muhammad_Hafidz/Capstone_Complete/Capstone_Web/target/site/serenity/964080fb1f305888c72930ceb88ce3f05404fc4f9fea3328f6d52442328396c9.png
15:32:51.247 [Darkroom Processing Line] DEBUG net.serenitybdd.core.photography.DarkroomProcessingLine -- Processing screenshot image in /var/screenshots/screenshot-15615750193069039332
15:32:51.247 [Darkroom Processing Line] DEBUG net.serenitybdd.core.photography.DarkroomProcessingLine -- Saving screenshot to /home/hafidz/Documents/Belajar/Alterra_Qualiry_Engineer/QE_Muhammad_Hafidz/Capstone_Complete/Capstone_Web/target/site/serenity/964080fb1f305888c72930ceb88ce3f05404fc4f9fea3328f6d52442328396c9.png
15:32:51.247 [main] DEBUG net.thucydides.core.steps.StepInterceptor -- STEP DONE: writeUsername
  &amp#27;[32mWhen &amp#27;[0m&amp#27;[32mI enter a valid username&amp#27;[0m                   &amp#27;[90m# starter.stepdefinitions.Login.Login.whenIEnterTheUsername()&amp#27;[0m
15:32:51.263 [main] DEBUG net.thucydides.core.steps.StepInterceptor -- STARTING STEP: Login.whenIEnterThePassword - writePassword
15:32:51.516 [main] DEBUG net.serenitybdd.core.photography.Darkroom -- Send negative for processing for /home/hafidz/Documents/Belajar/Alterra_Qualiry_Engineer/QE_Muhammad_Hafidz/Capstone_Complete/Capstone_Web/target/site/serenity/93463d8555009f7ad243473924d3b8dd922090b7816df487ca7f6e9c33eb481e.png
15:32:51.517 [Darkroom Processing Line] DEBUG net.serenitybdd.core.photography.DarkroomProcessingLine -- Processing screenshot image in /var/screenshots/screenshot-18196107842937430746
15:32:51.517 [main] DEBUG net.thucydides.core.steps.StepInterceptor -- STEP DONE: writePassword
15:32:51.517 [Darkroom Processing Line] DEBUG net.serenitybdd.core.photography.DarkroomProcessingLine -- Saving screenshot to /home/hafidz/Documents/Belajar/Alterra_Qualiry_Engineer/QE_Muhammad_Hafidz/Capstone_Complete/Capstone_Web/target/site/serenity/93463d8555009f7ad243473924d3b8dd922090b7816df487ca7f6e9c33eb481e.png
  &amp#27;[32mAnd &amp#27;[0m&amp#27;[32mI enter a valid password&amp#27;[0m                    &amp#27;[90m# starter.stepdefinitions.Login.Login.whenIEnterThePassword()&amp#27;[0m
15:32:51.529 [main] DEBUG net.thucydides.core.steps.StepInterceptor -- STARTING STEP: Login.whenIClickTheEnterButton - clickEnterButton
15:32:51.764 [main] DEBUG net.serenitybdd.core.photography.Darkroom -- Send negative for processing for /home/hafidz/Documents/Belajar/Alterra_Qualiry_Engineer/QE_Muhammad_Hafidz/Capstone_Complete/Capstone_Web/target/site/serenity/398b0101878753952e38d7c0f06e9e9ad1c549ebdd42d541186a8add45a9e930.png
15:32:51.764 [main] DEBUG net.thucydides.core.steps.StepInterceptor -- STEP DONE: clickEnterButton
15:32:51.764 [Darkroom Processing Line] DEBUG net.serenitybdd.core.photography.DarkroomProcessingLine -- Processing screenshot image in /var/screenshots/screenshot-11808463027356596402
  &amp#27;[32mAnd &amp#27;[0m&amp#27;[32mI click the enter button&amp#27;[0m                    &amp#27;[90m# starter.stepdefinitions.Login.Login.whenIClickTheEnterButton()&amp#27;[0m
15:32:51.764 [Darkroom Processing Line] DEBUG net.serenitybdd.core.photography.DarkroomProcessingLine -- Saving screenshot to /home/hafidz/Documents/Belajar/Alterra_Qualiry_Engineer/QE_Muhammad_Hafidz/Capstone_Complete/Capstone_Web/target/site/serenity/398b0101878753952e38d7c0f06e9e9ad1c549ebdd42d541186a8add45a9e930.png
15:32:51.774 [main] DEBUG net.thucydides.core.steps.StepInterceptor -- STARTING STEP: Login.thenIShouldSeeTheHomepage - verifyThatImOnHomePage
15:32:51.806 [main] DEBUG net.thucydides.core.steps.StepInterceptor -- STEP DONE: verifyThatImOnHomePage
  &amp#27;[32mThen &amp#27;[0m&amp#27;[32mI should see the homepage&amp#27;[0m                  &amp#27;[90m# starter.stepdefinitions.Login.Login.thenIShouldSeeTheHomepage()&amp#27;[0m
15:32:51.813 [main] INFO  -- 
  _____   ___   ___   _____     ___     _     ___   ___   ___   ___  
 |_   _| | __| / __| |_   _|   | _ \   /_\   / __| / __| | __| |   \ 
   | |   | _|  \__ \   | |     |  _/  / _ \  \__ \ \__ \ | _|  | |) |
   |_|   |___| |___/   |_|     |_|   /_/ \_\ |___/ |___/ |___| |___/ 

Successful login with valid credentials
----------------------------------------------------------------------
]]></system-out>
    <system-err><![CDATA[Jun 26, 2024 3:32:39 PM org.openqa.selenium.devtools.CdpVersionFinder findNearestMatch
WARNING: Unable to find an exact match for CDP version 124, returning the closest version; found: 122; Please update to a Selenium version that supports CDP version 124
]]></system-err>
  </testcase>
  <testcase name="Failed to login with valid credentials #1" classname="Login" time="23.424">
    <system-out><![CDATA[
Scenario: Failed to login with valid credentials &amp#27;[90m# src/test/resources/features/Login/Login.feature:10&amp#27;[0m
15:32:51.966 [main] DEBUG io.cucumber.core.plugin.SerenityReporter -- Running feature from file:///home/hafidz/Documents/Belajar/Alterra_Qualiry_Engineer/QE_Muhammad_Hafidz/Capstone_Complete/Capstone_Web/src/test/resources/features/Login/Login.feature
15:32:51.970 [main] INFO  -- 
  _____   ___   ___   _____     ___   _____     _     ___   _____   ___   ___  
 |_   _| | __| / __| |_   _|   / __| |_   _|   /_\   | _ \ |_   _| | __| |   \ 
   | |   | _|  \__ \   | |     \__ \   | |    / _ \  |   /   | |   | _|  | |) |
   |_|   |___| |___/   |_|     |___/   |_|   /_/ \_\ |_|_\   |_|   |___| |___/ 

Failed to login with valid credentials(login;failed-to-login-with-valid-credentials)
--------------------------------------------------------------------------------
15:32:52.060 [main] INFO net.serenitybdd.core.webdriver.driverproviders.ChromeDriverProvider -- Starting Chrome driver instance with capabilities:
15:32:52.061 [main] INFO net.serenitybdd.core.webdriver.driverproviders.ChromeDriverProvider -- Capabilities {acceptInsecureCerts: false, browserName: chrome, goog:chromeOptions: {args: [remote-allow-origins=*], extensions: []}}
15:33:14.190 [main] DEBUG net.serenitybdd.core.photography.Darkroom -- Send negative for processing for /home/hafidz/Documents/Belajar/Alterra_Qualiry_Engineer/QE_Muhammad_Hafidz/Capstone_Complete/Capstone_Web/target/site/serenity/2d3f1e5572f398266fdb71b51a503c7b0dbf564f13ed6ddbde227cca9d33f39d.png
15:33:14.190 [main] DEBUG net.thucydides.core.steps.StepInterceptor -- STARTING STEP: Login.givenIAmOnTheLoginPage - verifyThatImOnLoginPage
15:33:14.441 [main] DEBUG net.serenitybdd.core.photography.Darkroom -- Send negative for processing for /home/hafidz/Documents/Belajar/Alterra_Qualiry_Engineer/QE_Muhammad_Hafidz/Capstone_Complete/Capstone_Web/target/site/serenity/c3f70f46ba97fadcf71a0f3cfb050c13e65a1a3ebfbbf5b2ce50a395a9af3ab0.png
15:33:14.442 [Darkroom Processing Line] DEBUG net.serenitybdd.core.photography.DarkroomProcessingLine -- Processing screenshot image in /var/screenshots/screenshot-15263094361794168633
15:33:14.442 [main] DEBUG net.thucydides.core.steps.StepInterceptor -- STEP DONE: verifyThatImOnLoginPage
15:33:14.442 [Darkroom Processing Line] DEBUG net.serenitybdd.core.photography.DarkroomProcessingLine -- Saving screenshot to /home/hafidz/Documents/Belajar/Alterra_Qualiry_Engineer/QE_Muhammad_Hafidz/Capstone_Complete/Capstone_Web/target/site/serenity/c3f70f46ba97fadcf71a0f3cfb050c13e65a1a3ebfbbf5b2ce50a395a9af3ab0.png
  &amp#27;[32mGiven &amp#27;[0m&amp#27;[32mI am on the login page&amp#27;[0m                   &amp#27;[90m# starter.stepdefinitions.Login.Login.givenIAmOnTheLoginPage()&amp#27;[0m
15:33:14.455 [main] DEBUG net.thucydides.core.steps.StepInterceptor -- STARTING STEP: Login.whenIEnterAWrongUsername - writeUsername
15:33:14.748 [main] DEBUG net.serenitybdd.core.photography.Darkroom -- Send negative for processing for /home/hafidz/Documents/Belajar/Alterra_Qualiry_Engineer/QE_Muhammad_Hafidz/Capstone_Complete/Capstone_Web/target/site/serenity/2d4d6a463e6b11be7b2ac4ad4bafa31d7dce9fc3d42720e2b455c447a90970f5.png
15:33:14.748 [main] DEBUG net.thucydides.core.steps.StepInterceptor -- STEP DONE: writeUsername
15:33:14.748 [Darkroom Processing Line] DEBUG net.serenitybdd.core.photography.DarkroomProcessingLine -- Processing screenshot image in /var/screenshots/screenshot-6606169907063392511
15:33:14.748 [Darkroom Processing Line] DEBUG net.serenitybdd.core.photography.DarkroomProcessingLine -- Saving screenshot to /home/hafidz/Documents/Belajar/Alterra_Qualiry_Engineer/QE_Muhammad_Hafidz/Capstone_Complete/Capstone_Web/target/site/serenity/2d4d6a463e6b11be7b2ac4ad4bafa31d7dce9fc3d42720e2b455c447a90970f5.png
  &amp#27;[32mWhen &amp#27;[0m&amp#27;[32mI enter a wrong username&amp#27;[0m                  &amp#27;[90m# starter.stepdefinitions.Login.Login.whenIEnterAWrongUsername()&amp#27;[0m
15:33:14.758 [main] DEBUG net.thucydides.core.steps.StepInterceptor -- STARTING STEP: Login.whenIEnterThePassword - writePassword
15:33:14.985 [main] DEBUG net.serenitybdd.core.photography.Darkroom -- Send negative for processing for /home/hafidz/Documents/Belajar/Alterra_Qualiry_Engineer/QE_Muhammad_Hafidz/Capstone_Complete/Capstone_Web/target/site/serenity/8cb298fd382c7b0eb38e68a9bf2086a40abe7a2cc2f3c0d875f1d5bc730f827c.png
15:33:14.986 [Darkroom Processing Line] DEBUG net.serenitybdd.core.photography.DarkroomProcessingLine -- Processing screenshot image in /var/screenshots/screenshot-4972039047125399792
15:33:14.986 [main] DEBUG net.thucydides.core.steps.StepInterceptor -- STEP DONE: writePassword
15:33:14.986 [Darkroom Processing Line] DEBUG net.serenitybdd.core.photography.DarkroomProcessingLine -- Saving screenshot to /home/hafidz/Documents/Belajar/Alterra_Qualiry_Engineer/QE_Muhammad_Hafidz/Capstone_Complete/Capstone_Web/target/site/serenity/8cb298fd382c7b0eb38e68a9bf2086a40abe7a2cc2f3c0d875f1d5bc730f827c.png
  &amp#27;[32mAnd &amp#27;[0m&amp#27;[32mI enter a valid password&amp#27;[0m                   &amp#27;[90m# starter.stepdefinitions.Login.Login.whenIEnterThePassword()&amp#27;[0m
15:33:14.995 [main] DEBUG net.thucydides.core.steps.StepInterceptor -- STARTING STEP: Login.whenIClickTheEnterButton - clickEnterButton
15:33:15.258 [main] DEBUG net.serenitybdd.core.photography.Darkroom -- Send negative for processing for /home/hafidz/Documents/Belajar/Alterra_Qualiry_Engineer/QE_Muhammad_Hafidz/Capstone_Complete/Capstone_Web/target/site/serenity/052583f2a98d45d10f327b645507fd87f0067063184dd5c83c38fc4f8c783ac5.png
15:33:15.259 [Darkroom Processing Line] DEBUG net.serenitybdd.core.photography.DarkroomProcessingLine -- Processing screenshot image in /var/screenshots/screenshot-14660711968070204759
15:33:15.259 [main] DEBUG net.thucydides.core.steps.StepInterceptor -- STEP DONE: clickEnterButton
15:33:15.259 [Darkroom Processing Line] DEBUG net.serenitybdd.core.photography.DarkroomProcessingLine -- Saving screenshot to /home/hafidz/Documents/Belajar/Alterra_Qualiry_Engineer/QE_Muhammad_Hafidz/Capstone_Complete/Capstone_Web/target/site/serenity/052583f2a98d45d10f327b645507fd87f0067063184dd5c83c38fc4f8c783ac5.png
  &amp#27;[32mAnd &amp#27;[0m&amp#27;[32mI click the enter button&amp#27;[0m                   &amp#27;[90m# starter.stepdefinitions.Login.Login.whenIClickTheEnterButton()&amp#27;[0m
15:33:15.268 [main] DEBUG net.thucydides.core.steps.StepInterceptor -- STARTING STEP: Login.thenIShouldNotSeeTheHomepage - verifyThatImOnLoginPage
15:33:15.293 [main] DEBUG net.thucydides.core.steps.StepInterceptor -- STEP DONE: verifyThatImOnLoginPage
  &amp#27;[32mThen &amp#27;[0m&amp#27;[32mI should not see the homepage&amp#27;[0m             &amp#27;[90m# starter.stepdefinitions.Login.Login.thenIShouldNotSeeTheHomepage()&amp#27;[0m
15:33:15.296 [main] INFO  -- 
  _____   ___   ___   _____     ___     _     ___   ___   ___   ___  
 |_   _| | __| / __| |_   _|   | _ \   /_\   / __| / __| | __| |   \ 
   | |   | _|  \__ \   | |     |  _/  / _ \  \__ \ \__ \ | _|  | |) |
   |_|   |___| |___/   |_|     |_|   /_/ \_\ |___/ |___/ |___| |___/ 

Failed to login with valid credentials
----------------------------------------------------------------------
]]></system-out>
    <system-err><![CDATA[Jun 26, 2024 3:32:53 PM org.openqa.selenium.devtools.CdpVersionFinder findNearestMatch
WARNING: Unable to find an exact match for CDP version 124, returning the closest version; found: 122; Please update to a Selenium version that supports CDP version 124
]]></system-err>
  </testcase>
  <testcase name="Failed to login with valid credentials #2" classname="Login" time="41.74">
    <system-out><![CDATA[
Scenario: Failed to login with valid credentials &amp#27;[90m# src/test/resources/features/Login/Login.feature:17&amp#27;[0m
15:33:15.399 [main] DEBUG io.cucumber.core.plugin.SerenityReporter -- Running feature from file:///home/hafidz/Documents/Belajar/Alterra_Qualiry_Engineer/QE_Muhammad_Hafidz/Capstone_Complete/Capstone_Web/src/test/resources/features/Login/Login.feature
15:33:15.485 [main] INFO net.serenitybdd.core.webdriver.driverproviders.ChromeDriverProvider -- Starting Chrome driver instance with capabilities:
15:33:15.485 [main] INFO net.serenitybdd.core.webdriver.driverproviders.ChromeDriverProvider -- Capabilities {acceptInsecureCerts: false, browserName: chrome, goog:chromeOptions: {args: [remote-allow-origins=*], extensions: []}}
15:33:51.618 [main] DEBUG net.serenitybdd.core.photography.Darkroom -- Send negative for processing for /home/hafidz/Documents/Belajar/Alterra_Qualiry_Engineer/QE_Muhammad_Hafidz/Capstone_Complete/Capstone_Web/target/site/serenity/c7b9f3326693a5033783363807dd2978a3abb4cb1099fc9ee8bd11b7b8203911.png
15:33:51.619 [Darkroom Processing Line] DEBUG net.serenitybdd.core.photography.DarkroomProcessingLine -- Processing screenshot image in /var/screenshots/screenshot-13842571355744909450
15:33:51.619 [Darkroom Processing Line] DEBUG net.serenitybdd.core.photography.DarkroomProcessingLine -- Saving screenshot to /home/hafidz/Documents/Belajar/Alterra_Qualiry_Engineer/QE_Muhammad_Hafidz/Capstone_Complete/Capstone_Web/target/site/serenity/c7b9f3326693a5033783363807dd2978a3abb4cb1099fc9ee8bd11b7b8203911.png
15:33:51.619 [main] DEBUG net.thucydides.core.steps.StepInterceptor -- STARTING STEP: Login.givenIAmOnTheLoginPage - verifyThatImOnLoginPage
15:33:54.856 [main] DEBUG net.serenitybdd.core.photography.Darkroom -- Send negative for processing for /home/hafidz/Documents/Belajar/Alterra_Qualiry_Engineer/QE_Muhammad_Hafidz/Capstone_Complete/Capstone_Web/target/site/serenity/3515998c746d8fe25c22044d2721e642862aa65dbe9756beea0879fa6718d9a4.png
15:33:54.856 [Darkroom Processing Line] DEBUG net.serenitybdd.core.photography.DarkroomProcessingLine -- Processing screenshot image in /var/screenshots/screenshot-13103802747367878011
15:33:54.856 [main] DEBUG net.thucydides.core.steps.StepInterceptor -- STEP DONE: verifyThatImOnLoginPage
15:33:54.857 [Darkroom Processing Line] DEBUG net.serenitybdd.core.photography.DarkroomProcessingLine -- Saving screenshot to /home/hafidz/Documents/Belajar/Alterra_Qualiry_Engineer/QE_Muhammad_Hafidz/Capstone_Complete/Capstone_Web/target/site/serenity/3515998c746d8fe25c22044d2721e642862aa65dbe9756beea0879fa6718d9a4.png
  &amp#27;[32mGiven &amp#27;[0m&amp#27;[32mI am on the login page&amp#27;[0m                   &amp#27;[90m# starter.stepdefinitions.Login.Login.givenIAmOnTheLoginPage()&amp#27;[0m
15:33:54.869 [main] DEBUG net.thucydides.core.steps.StepInterceptor -- STARTING STEP: Login.whenIEnterTheUsername - writeUsername
15:33:55.703 [main] DEBUG net.serenitybdd.core.photography.Darkroom -- Send negative for processing for /home/hafidz/Documents/Belajar/Alterra_Qualiry_Engineer/QE_Muhammad_Hafidz/Capstone_Complete/Capstone_Web/target/site/serenity/1387ff48b83d36a0d2e163235efa7acd865170c6b0a22285ddc59e592a25ff96.png
15:33:55.703 [Darkroom Processing Line] DEBUG net.serenitybdd.core.photography.DarkroomProcessingLine -- Processing screenshot image in /var/screenshots/screenshot-63810535008637390
15:33:55.703 [main] DEBUG net.thucydides.core.steps.StepInterceptor -- STEP DONE: writeUsername
15:33:55.704 [Darkroom Processing Line] DEBUG net.serenitybdd.core.photography.DarkroomProcessingLine -- Saving screenshot to /home/hafidz/Documents/Belajar/Alterra_Qualiry_Engineer/QE_Muhammad_Hafidz/Capstone_Complete/Capstone_Web/target/site/serenity/1387ff48b83d36a0d2e163235efa7acd865170c6b0a22285ddc59e592a25ff96.png
  &amp#27;[32mWhen &amp#27;[0m&amp#27;[32mI enter a valid username&amp#27;[0m                  &amp#27;[90m# starter.stepdefinitions.Login.Login.whenIEnterTheUsername()&amp#27;[0m
15:33:55.715 [main] DEBUG net.thucydides.core.steps.StepInterceptor -- STARTING STEP: Login.whenIEnterAWrongPassword - writePassword
15:33:56.429 [main] DEBUG net.serenitybdd.core.photography.Darkroom -- Send negative for processing for /home/hafidz/Documents/Belajar/Alterra_Qualiry_Engineer/QE_Muhammad_Hafidz/Capstone_Complete/Capstone_Web/target/site/serenity/47c9730a100e010b18f406dc618bbfc7a7adb632b671341db39ca66c10020a1e.png
15:33:56.429 [main] DEBUG net.thucydides.core.steps.StepInterceptor -- STEP DONE: writePassword
15:33:56.429 [Darkroom Processing Line] DEBUG net.serenitybdd.core.photography.DarkroomProcessingLine -- Processing screenshot image in /var/screenshots/screenshot-4643651808956798552
15:33:56.429 [Darkroom Processing Line] DEBUG net.serenitybdd.core.photography.DarkroomProcessingLine -- Saving screenshot to /home/hafidz/Documents/Belajar/Alterra_Qualiry_Engineer/QE_Muhammad_Hafidz/Capstone_Complete/Capstone_Web/target/site/serenity/47c9730a100e010b18f406dc618bbfc7a7adb632b671341db39ca66c10020a1e.png
  &amp#27;[32mAnd &amp#27;[0m&amp#27;[32mI enter a wrong password&amp#27;[0m                   &amp#27;[90m# starter.stepdefinitions.Login.Login.whenIEnterAWrongPassword()&amp#27;[0m
15:33:56.447 [main] DEBUG net.thucydides.core.steps.StepInterceptor -- STARTING STEP: Login.whenIClickTheEnterButton - clickEnterButton
15:33:56.994 [main] DEBUG net.serenitybdd.core.photography.Darkroom -- Send negative for processing for /home/hafidz/Documents/Belajar/Alterra_Qualiry_Engineer/QE_Muhammad_Hafidz/Capstone_Complete/Capstone_Web/target/site/serenity/78d232f4e21d9b32599ddaccb242e99da188ea8753ab6f9e3028e1a8d2bc4ed0.png
15:33:56.995 [main] DEBUG net.thucydides.core.steps.StepInterceptor -- STEP DONE: clickEnterButton
15:33:56.995 [Darkroom Processing Line] DEBUG net.serenitybdd.core.photography.DarkroomProcessingLine -- Processing screenshot image in /var/screenshots/screenshot-12434773472824421181
15:33:56.995 [Darkroom Processing Line] DEBUG net.serenitybdd.core.photography.DarkroomProcessingLine -- Saving screenshot to /home/hafidz/Documents/Belajar/Alterra_Qualiry_Engineer/QE_Muhammad_Hafidz/Capstone_Complete/Capstone_Web/target/site/serenity/78d232f4e21d9b32599ddaccb242e99da188ea8753ab6f9e3028e1a8d2bc4ed0.png
  &amp#27;[32mAnd &amp#27;[0m&amp#27;[32mI click the enter button&amp#27;[0m                   &amp#27;[90m# starter.stepdefinitions.Login.Login.whenIClickTheEnterButton()&amp#27;[0m
15:33:57.003 [main] DEBUG net.thucydides.core.steps.StepInterceptor -- STARTING STEP: Login.thenIShouldNotSeeTheHomepage - verifyThatImOnLoginPage
15:33:57.032 [main] DEBUG net.thucydides.core.steps.StepInterceptor -- STEP DONE: verifyThatImOnLoginPage
  &amp#27;[32mThen &amp#27;[0m&amp#27;[32mI should not see the homepage&amp#27;[0m             &amp#27;[90m# starter.stepdefinitions.Login.Login.thenIShouldNotSeeTheHomepage()&amp#27;[0m
15:33:57.035 [main] INFO  -- 
  _____   ___   ___   _____     ___     _     ___   ___   ___   ___  
 |_   _| | __| / __| |_   _|   | _ \   /_\   / __| / __| | __| |   \ 
   | |   | _|  \__ \   | |     |  _/  / _ \  \__ \ \__ \ | _|  | |) |
   |_|   |___| |___/   |_|     |_|   /_/ \_\ |___/ |___/ |___| |___/ 

Failed to login with valid credentials
----------------------------------------------------------------------
]]></system-out>
    <system-err><![CDATA[Jun 26, 2024 3:33:16 PM org.openqa.selenium.devtools.CdpVersionFinder findNearestMatch
WARNING: Unable to find an exact match for CDP version 124, returning the closest version; found: 122; Please update to a Selenium version that supports CDP version 124
]]></system-err>
  </testcase>
  <testcase name="Successful to see content detail page with click right button" classname="See Content Detail" time="6.037">
    <system-out><![CDATA[15:33:57.120 [main] DEBUG io.cucumber.core.plugin.SerenityReporter -- Running feature from file:///home/hafidz/Documents/Belajar/Alterra_Qualiry_Engineer/QE_Muhammad_Hafidz/Capstone_Complete/Capstone_Web/src/test/resources/features/ManageContent/SeeContentDetail.feature
15:33:57.123 [main] DEBUG net.thucydides.core.steps.StepEventBus -- Test suite started for story net.thucydides.model.domain.Story@8c4dc640
15:33:57.124 [main] INFO  -- Test Suite Started: See Content Detail

Scenario: Successful to see content detail page with click right button &amp#27;[90m# src/test/resources/features/ManageContent/SeeContentDetail.feature:10&amp#27;[0m
15:33:57.133 [main] DEBUG io.cucumber.core.plugin.SerenityReporter -- Running feature from file:///home/hafidz/Documents/Belajar/Alterra_Qualiry_Engineer/QE_Muhammad_Hafidz/Capstone_Complete/Capstone_Web/src/test/resources/features/ManageContent/SeeContentDetail.feature
15:33:57.136 [main] INFO  -- 
  _____   ___   ___   _____     ___   _____     _     ___   _____   ___   ___  
 |_   _| | __| / __| |_   _|   / __| |_   _|   /_\   | _ \ |_   _| | __| |   \ 
   | |   | _|  \__ \   | |     \__ \   | |    / _ \  |   /   | |   | _|  | |) |
   |_|   |___| |___/   |_|     |___/   |_|   /_/ \_\ |_|_\   |_|   |___| |___/ 

Successful to see content detail page with click right button(see-content-detail;successful-to-see-content-detail-page-with-click-right-button)
--------------------------------------------------------------------------------
15:33:57.217 [main] INFO net.serenitybdd.core.webdriver.driverproviders.ChromeDriverProvider -- Starting Chrome driver instance with capabilities:
15:33:57.217 [main] INFO net.serenitybdd.core.webdriver.driverproviders.ChromeDriverProvider -- Capabilities {acceptInsecureCerts: false, browserName: chrome, goog:chromeOptions: {args: [remote-allow-origins=*], extensions: []}}
15:33:59.018 [main] DEBUG net.serenitybdd.core.photography.Darkroom -- Opening darkroom
15:33:59.019 [Darkroom Processing Line] DEBUG net.serenitybdd.core.photography.DarkroomProcessingLine -- Darkroom processing line starting up
15:33:59.453 [main] DEBUG net.serenitybdd.core.photography.Darkroom -- Send negative for processing for /home/hafidz/Documents/Belajar/Alterra_Qualiry_Engineer/QE_Muhammad_Hafidz/Capstone_Complete/Capstone_Web/target/site/serenity/aa8b89681495e176201ed9c60029d506996021b794e88692ea67b1a40c4a4375.png
15:33:59.454 [Darkroom Processing Line] DEBUG net.serenitybdd.core.photography.DarkroomProcessingLine -- Processing screenshot image in /var/screenshots/screenshot-3503974476725668281
15:33:59.454 [Darkroom Processing Line] DEBUG net.serenitybdd.core.photography.DarkroomProcessingLine -- Saving screenshot to /home/hafidz/Documents/Belajar/Alterra_Qualiry_Engineer/QE_Muhammad_Hafidz/Capstone_Complete/Capstone_Web/target/site/serenity/aa8b89681495e176201ed9c60029d506996021b794e88692ea67b1a40c4a4375.png
15:33:59.454 [main] DEBUG net.thucydides.core.steps.StepInterceptor -- STARTING STEP: Login.givenIAmOnTheLoginPage - verifyThatImOnLoginPage
15:33:59.489 [main] DEBUG net.thucydides.core.steps.StepInterceptor -- STEP DONE: verifyThatImOnLoginPage
  &amp#27;[32mGiven &amp#27;[0m&amp#27;[32mI am on the login page&amp#27;[0m                                          &amp#27;[90m# starter.stepdefinitions.Login.Login.givenIAmOnTheLoginPage()&amp#27;[0m
15:33:59.501 [main] DEBUG net.thucydides.core.steps.StepInterceptor -- STARTING STEP: Login.whenIEnterTheUsername - writeUsername
15:34:00.379 [main] DEBUG net.serenitybdd.core.photography.Darkroom -- Send negative for processing for /home/hafidz/Documents/Belajar/Alterra_Qualiry_Engineer/QE_Muhammad_Hafidz/Capstone_Complete/Capstone_Web/target/site/serenity/dfeec635b21736f282ea51551d981be34ea9ab9f132ea96e02d94cd800ed2a81.png
15:34:00.379 [Darkroom Processing Line] DEBUG net.serenitybdd.core.photography.DarkroomProcessingLine -- Processing screenshot image in /var/screenshots/screenshot-11740727160222585544
15:34:00.380 [Darkroom Processing Line] DEBUG net.serenitybdd.core.photography.DarkroomProcessingLine -- Saving screenshot to /home/hafidz/Documents/Belajar/Alterra_Qualiry_Engineer/QE_Muhammad_Hafidz/Capstone_Complete/Capstone_Web/target/site/serenity/dfeec635b21736f282ea51551d981be34ea9ab9f132ea96e02d94cd800ed2a81.png
15:34:00.380 [main] DEBUG net.thucydides.core.steps.StepInterceptor -- STEP DONE: writeUsername
  &amp#27;[32mWhen &amp#27;[0m&amp#27;[32mI enter a valid username&amp#27;[0m                                         &amp#27;[90m# starter.stepdefinitions.Login.Login.whenIEnterTheUsername()&amp#27;[0m
15:34:00.392 [main] DEBUG net.thucydides.core.steps.StepInterceptor -- STARTING STEP: Login.whenIEnterThePassword - writePassword
15:34:01.030 [main] DEBUG net.serenitybdd.core.photography.Darkroom -- Send negative for processing for /home/hafidz/Documents/Belajar/Alterra_Qualiry_Engineer/QE_Muhammad_Hafidz/Capstone_Complete/Capstone_Web/target/site/serenity/b237f9398700ea5d1f50a244b8d5b4ec516a9beb986d2021d305da96b9a7990c.png
15:34:01.030 [Darkroom Processing Line] DEBUG net.serenitybdd.core.photography.DarkroomProcessingLine -- Processing screenshot image in /var/screenshots/screenshot-12899094619084442277
15:34:01.031 [Darkroom Processing Line] DEBUG net.serenitybdd.core.photography.DarkroomProcessingLine -- Saving screenshot to /home/hafidz/Documents/Belajar/Alterra_Qualiry_Engineer/QE_Muhammad_Hafidz/Capstone_Complete/Capstone_Web/target/site/serenity/b237f9398700ea5d1f50a244b8d5b4ec516a9beb986d2021d305da96b9a7990c.png
15:34:01.031 [main] DEBUG net.thucydides.core.steps.StepInterceptor -- STEP DONE: writePassword
  &amp#27;[32mAnd &amp#27;[0m&amp#27;[32mI enter a valid password&amp#27;[0m                                          &amp#27;[90m# starter.stepdefinitions.Login.Login.whenIEnterThePassword()&amp#27;[0m
15:34:01.042 [main] DEBUG net.thucydides.core.steps.StepInterceptor -- STARTING STEP: Login.whenIClickTheEnterButton - clickEnterButton
15:34:01.795 [main] DEBUG net.serenitybdd.core.photography.Darkroom -- Send negative for processing for /home/hafidz/Documents/Belajar/Alterra_Qualiry_Engineer/QE_Muhammad_Hafidz/Capstone_Complete/Capstone_Web/target/site/serenity/117c1a2d428da590559b0de912c34ae1426070c26e3bb557406fbcc2b1137b3f.png
15:34:01.795 [Darkroom Processing Line] DEBUG net.serenitybdd.core.photography.DarkroomProcessingLine -- Processing screenshot image in /var/screenshots/screenshot-8367535348147726620
15:34:01.795 [Darkroom Processing Line] DEBUG net.serenitybdd.core.photography.DarkroomProcessingLine -- Saving screenshot to /home/hafidz/Documents/Belajar/Alterra_Qualiry_Engineer/QE_Muhammad_Hafidz/Capstone_Complete/Capstone_Web/target/site/serenity/117c1a2d428da590559b0de912c34ae1426070c26e3bb557406fbcc2b1137b3f.png
15:34:01.795 [main] DEBUG net.thucydides.core.steps.StepInterceptor -- STEP DONE: clickEnterButton
  &amp#27;[32mAnd &amp#27;[0m&amp#27;[32mI click the enter button&amp#27;[0m                                          &amp#27;[90m# starter.stepdefinitions.Login.Login.whenIClickTheEnterButton()&amp#27;[0m
15:34:01.824 [main] DEBUG net.thucydides.core.steps.StepInterceptor -- STARTING STEP: Login.thenIShouldSeeTheHomepage - verifyThatImOnHomePage
15:34:02.193 [main] DEBUG net.serenitybdd.core.photography.Darkroom -- Send negative for processing for /home/hafidz/Documents/Belajar/Alterra_Qualiry_Engineer/QE_Muhammad_Hafidz/Capstone_Complete/Capstone_Web/target/site/serenity/e441d5fbf0109603df14c1e477c5baa240f8f92aae58ebb938df786e28ece766.png
15:34:02.194 [main] DEBUG net.thucydides.core.steps.StepInterceptor -- STEP DONE: verifyThatImOnHomePage
15:34:02.194 [Darkroom Processing Line] DEBUG net.serenitybdd.core.photography.DarkroomProcessingLine -- Processing screenshot image in /var/screenshots/screenshot-3541876344057360952
  &amp#27;[32mThen &amp#27;[0m&amp#27;[32mI should see the homepage&amp#27;[0m                                        &amp#27;[90m# starter.stepdefinitions.Login.Login.thenIShouldSeeTheHomepage()&amp#27;[0m
15:34:02.194 [Darkroom Processing Line] DEBUG net.serenitybdd.core.photography.DarkroomProcessingLine -- Saving screenshot to /home/hafidz/Documents/Belajar/Alterra_Qualiry_Engineer/QE_Muhammad_Hafidz/Capstone_Complete/Capstone_Web/target/site/serenity/e441d5fbf0109603df14c1e477c5baa240f8f92aae58ebb938df786e28ece766.png
  &amp#27;[32mWhen &amp#27;[0m&amp#27;[32mI click Manage Content Page button&amp#27;[0m                               &amp#27;[90m# starter.stepdefinitions.ManageContent.GoToContentDetailPage.iClickManageContentPageButton()&amp#27;[0m
15:34:02.625 [main] DEBUG net.serenitybdd.core.photography.Darkroom -- Send negative for processing for /home/hafidz/Documents/Belajar/Alterra_Qualiry_Engineer/QE_Muhammad_Hafidz/Capstone_Complete/Capstone_Web/target/site/serenity/9adf948d6a0aedf9e56804b68f955583ef3fa07a060be51f621bbf2507939ef4.png
15:34:02.625 [Darkroom Processing Line] DEBUG net.serenitybdd.core.photography.DarkroomProcessingLine -- Processing screenshot image in /var/screenshots/screenshot-14533853051384337179
15:34:02.625 [Darkroom Processing Line] DEBUG net.serenitybdd.core.photography.DarkroomProcessingLine -- Saving screenshot to /home/hafidz/Documents/Belajar/Alterra_Qualiry_Engineer/QE_Muhammad_Hafidz/Capstone_Complete/Capstone_Web/target/site/serenity/9adf948d6a0aedf9e56804b68f955583ef3fa07a060be51f621bbf2507939ef4.png
  &amp#27;[32mAnd &amp#27;[0m&amp#27;[32mI click content detail button&amp#27;[0m                                     &amp#27;[90m# starter.stepdefinitions.ManageContent.GoToContentDetailPage.iClickContentDetailButton()&amp#27;[0m
15:34:03.008 [main] DEBUG net.serenitybdd.core.photography.Darkroom -- Send negative for processing for /home/hafidz/Documents/Belajar/Alterra_Qualiry_Engineer/QE_Muhammad_Hafidz/Capstone_Complete/Capstone_Web/target/site/serenity/9adf948d6a0aedf9e56804b68f955583ef3fa07a060be51f621bbf2507939ef4.png
  &amp#27;[32mThen &amp#27;[0m&amp#27;[32mI should see the content detail page&amp#27;[0m                             &amp#27;[90m# starter.stepdefinitions.ManageContent.GoToContentDetailPage.iShouldSeeTheContentDetailPage()&amp#27;[0m
15:34:03.049 [main] INFO  -- 
  _____   ___   ___   _____     ___     _     ___   ___   ___   ___  
 |_   _| | __| / __| |_   _|   | _ \   /_\   / __| / __| | __| |   \ 
   | |   | _|  \__ \   | |     |  _/  / _ \  \__ \ \__ \ | _|  | |) |
   |_|   |___| |___/   |_|     |_|   /_/ \_\ |___/ |___/ |___| |___/ 

Successful to see content detail page with click right button
----------------------------------------------------------------------
]]></system-out>
    <system-err><![CDATA[Jun 26, 2024 3:33:58 PM org.openqa.selenium.devtools.CdpVersionFinder findNearestMatch
WARNING: Unable to find an exact match for CDP version 124, returning the closest version; found: 122; Please update to a Selenium version that supports CDP version 124
]]></system-err>
  </testcase>
  <testcase name="Successful to detail route page with wrong button" classname="See Content Detail" time="6.302">
    <system-out><![CDATA[
Scenario: Successful to detail route page with wrong button &amp#27;[90m# src/test/resources/features/ManageContent/SeeContentDetail.feature:20&amp#27;[0m
15:34:03.175 [main] DEBUG io.cucumber.core.plugin.SerenityReporter -- Running feature from file:///home/hafidz/Documents/Belajar/Alterra_Qualiry_Engineer/QE_Muhammad_Hafidz/Capstone_Complete/Capstone_Web/src/test/resources/features/ManageContent/SeeContentDetail.feature
15:34:03.180 [main] INFO  -- 
  _____   ___   ___   _____     ___   _____     _     ___   _____   ___   ___  
 |_   _| | __| / __| |_   _|   / __| |_   _|   /_\   | _ \ |_   _| | __| |   \ 
   | |   | _|  \__ \   | |     \__ \   | |    / _ \  |   /   | |   | _|  | |) |
   |_|   |___| |___/   |_|     |___/   |_|   /_/ \_\ |_|_\   |_|   |___| |___/ 

Successful to detail route page with wrong button(see-content-detail;successful-to-detail-route-page-with-wrong-button)
--------------------------------------------------------------------------------
15:34:03.351 [main] INFO net.serenitybdd.core.webdriver.driverproviders.ChromeDriverProvider -- Starting Chrome driver instance with capabilities:
15:34:03.352 [main] INFO net.serenitybdd.core.webdriver.driverproviders.ChromeDriverProvider -- Capabilities {acceptInsecureCerts: false, browserName: chrome, goog:chromeOptions: {args: [remote-allow-origins=*], extensions: []}}
15:34:05.557 [main] DEBUG net.serenitybdd.core.photography.Darkroom -- Send negative for processing for /home/hafidz/Documents/Belajar/Alterra_Qualiry_Engineer/QE_Muhammad_Hafidz/Capstone_Complete/Capstone_Web/target/site/serenity/2d3f1e5572f398266fdb71b51a503c7b0dbf564f13ed6ddbde227cca9d33f39d.png
15:34:05.558 [main] DEBUG net.thucydides.core.steps.StepInterceptor -- STARTING STEP: Login.givenIAmOnTheLoginPage - verifyThatImOnLoginPage
15:34:05.602 [main] DEBUG net.thucydides.core.steps.StepInterceptor -- STEP DONE: verifyThatImOnLoginPage
  &amp#27;[32mGiven &amp#27;[0m&amp#27;[32mI am on the login page&amp#27;[0m                              &amp#27;[90m# starter.stepdefinitions.Login.Login.givenIAmOnTheLoginPage()&amp#27;[0m
15:34:05.820 [main] DEBUG net.serenitybdd.core.photography.Darkroom -- Send negative for processing for /home/hafidz/Documents/Belajar/Alterra_Qualiry_Engineer/QE_Muhammad_Hafidz/Capstone_Complete/Capstone_Web/target/site/serenity/aa8b89681495e176201ed9c60029d506996021b794e88692ea67b1a40c4a4375.png
15:34:05.827 [main] DEBUG net.thucydides.core.steps.StepInterceptor -- STARTING STEP: Login.whenIEnterTheUsername - writeUsername
15:34:06.538 [main] DEBUG net.serenitybdd.core.photography.Darkroom -- Send negative for processing for /home/hafidz/Documents/Belajar/Alterra_Qualiry_Engineer/QE_Muhammad_Hafidz/Capstone_Complete/Capstone_Web/target/site/serenity/b2c0c5f6d4404ef094637487fa9b56a57c8a9433d321fa43cf9e3c1887d9f603.png
15:34:06.539 [main] DEBUG net.thucydides.core.steps.StepInterceptor -- STEP DONE: writeUsername
15:34:06.539 [Darkroom Processing Line] DEBUG net.serenitybdd.core.photography.DarkroomProcessingLine -- Processing screenshot image in /var/screenshots/screenshot-18085652163820257587
15:34:06.539 [Darkroom Processing Line] DEBUG net.serenitybdd.core.photography.DarkroomProcessingLine -- Saving screenshot to /home/hafidz/Documents/Belajar/Alterra_Qualiry_Engineer/QE_Muhammad_Hafidz/Capstone_Complete/Capstone_Web/target/site/serenity/b2c0c5f6d4404ef094637487fa9b56a57c8a9433d321fa43cf9e3c1887d9f603.png
  &amp#27;[32mWhen &amp#27;[0m&amp#27;[32mI enter a valid username&amp#27;[0m                             &amp#27;[90m# starter.stepdefinitions.Login.Login.whenIEnterTheUsername()&amp#27;[0m
15:34:06.551 [main] DEBUG net.thucydides.core.steps.StepInterceptor -- STARTING STEP: Login.whenIEnterThePassword - writePassword
15:34:07.175 [main] DEBUG net.serenitybdd.core.photography.Darkroom -- Send negative for processing for /home/hafidz/Documents/Belajar/Alterra_Qualiry_Engineer/QE_Muhammad_Hafidz/Capstone_Complete/Capstone_Web/target/site/serenity/0393ae2e593390a4ddc2e51e8c26974c665cb0c99becba6fbcb2c24c0c3dd4bd.png
15:34:07.176 [main] DEBUG net.thucydides.core.steps.StepInterceptor -- STEP DONE: writePassword
  &amp#27;[32mAnd &amp#27;[0m&amp#27;[32mI enter a valid password&amp#27;[0m                              &amp#27;[90m# starter.stepdefinitions.Login.Login.whenIEnterThePassword()&amp#27;[0m
15:34:07.176 [Darkroom Processing Line] DEBUG net.serenitybdd.core.photography.DarkroomProcessingLine -- Processing screenshot image in /var/screenshots/screenshot-3368159844348500157
15:34:07.176 [Darkroom Processing Line] DEBUG net.serenitybdd.core.photography.DarkroomProcessingLine -- Saving screenshot to /home/hafidz/Documents/Belajar/Alterra_Qualiry_Engineer/QE_Muhammad_Hafidz/Capstone_Complete/Capstone_Web/target/site/serenity/0393ae2e593390a4ddc2e51e8c26974c665cb0c99becba6fbcb2c24c0c3dd4bd.png
15:34:07.185 [main] DEBUG net.thucydides.core.steps.StepInterceptor -- STARTING STEP: Login.whenIClickTheEnterButton - clickEnterButton
15:34:08.127 [main] DEBUG net.serenitybdd.core.photography.Darkroom -- Send negative for processing for /home/hafidz/Documents/Belajar/Alterra_Qualiry_Engineer/QE_Muhammad_Hafidz/Capstone_Complete/Capstone_Web/target/site/serenity/31ecb641a03005954a5abbf245eb67ec26de4d513e374f1766fa63d53b925434.png
15:34:08.127 [Darkroom Processing Line] DEBUG net.serenitybdd.core.photography.DarkroomProcessingLine -- Processing screenshot image in /var/screenshots/screenshot-13884225114114447180
15:34:08.127 [main] DEBUG net.thucydides.core.steps.StepInterceptor -- STEP DONE: clickEnterButton
15:34:08.127 [Darkroom Processing Line] DEBUG net.serenitybdd.core.photography.DarkroomProcessingLine -- Saving screenshot to /home/hafidz/Documents/Belajar/Alterra_Qualiry_Engineer/QE_Muhammad_Hafidz/Capstone_Complete/Capstone_Web/target/site/serenity/31ecb641a03005954a5abbf245eb67ec26de4d513e374f1766fa63d53b925434.png
  &amp#27;[32mAnd &amp#27;[0m&amp#27;[32mI click the enter button&amp#27;[0m                              &amp#27;[90m# starter.stepdefinitions.Login.Login.whenIClickTheEnterButton()&amp#27;[0m
15:34:08.151 [main] DEBUG net.thucydides.core.steps.StepInterceptor -- STARTING STEP: Login.thenIShouldSeeTheHomepage - verifyThatImOnHomePage
15:34:08.522 [main] DEBUG net.serenitybdd.core.photography.Darkroom -- Send negative for processing for /home/hafidz/Documents/Belajar/Alterra_Qualiry_Engineer/QE_Muhammad_Hafidz/Capstone_Complete/Capstone_Web/target/site/serenity/5a96f404777d43a5ced5c246bda694468093d82d8d75cacbbb280f0fd1098160.png
15:34:08.522 [Darkroom Processing Line] DEBUG net.serenitybdd.core.photography.DarkroomProcessingLine -- Processing screenshot image in /var/screenshots/screenshot-7104912985347240327
15:34:08.522 [main] DEBUG net.thucydides.core.steps.StepInterceptor -- STEP DONE: verifyThatImOnHomePage
15:34:08.522 [Darkroom Processing Line] DEBUG net.serenitybdd.core.photography.DarkroomProcessingLine -- Saving screenshot to /home/hafidz/Documents/Belajar/Alterra_Qualiry_Engineer/QE_Muhammad_Hafidz/Capstone_Complete/Capstone_Web/target/site/serenity/5a96f404777d43a5ced5c246bda694468093d82d8d75cacbbb280f0fd1098160.png
  &amp#27;[32mThen &amp#27;[0m&amp#27;[32mI should see the homepage&amp#27;[0m                            &amp#27;[90m# starter.stepdefinitions.Login.Login.thenIShouldSeeTheHomepage()&amp#27;[0m
  &amp#27;[32mWhen &amp#27;[0m&amp#27;[32mI click Manage Content Page button&amp#27;[0m                   &amp#27;[90m# starter.stepdefinitions.ManageContent.GoToContentDetailPage.iClickManageContentPageButton()&amp#27;[0m
15:34:08.918 [main] DEBUG net.serenitybdd.core.photography.Darkroom -- Send negative for processing for /home/hafidz/Documents/Belajar/Alterra_Qualiry_Engineer/QE_Muhammad_Hafidz/Capstone_Complete/Capstone_Web/target/site/serenity/9adf948d6a0aedf9e56804b68f955583ef3fa07a060be51f621bbf2507939ef4.png
  &amp#27;[32mAnd &amp#27;[0m&amp#27;[32mI click wrong content detail page&amp#27;[0m                     &amp#27;[90m# starter.stepdefinitions.ManageContent.GoToContentDetailPage.iClickWrongContentDetailPage()&amp#27;[0m
15:34:09.322 [main] DEBUG net.serenitybdd.core.photography.Darkroom -- Send negative for processing for /home/hafidz/Documents/Belajar/Alterra_Qualiry_Engineer/QE_Muhammad_Hafidz/Capstone_Complete/Capstone_Web/target/site/serenity/55f05ed073c916ad7f37cbe63fafe86a7f9cb3056e5b2c3bca195735dfdf910c.png
15:34:09.322 [Darkroom Processing Line] DEBUG net.serenitybdd.core.photography.DarkroomProcessingLine -- Processing screenshot image in /var/screenshots/screenshot-7678812466640680261
15:34:09.322 [Darkroom Processing Line] DEBUG net.serenitybdd.core.photography.DarkroomProcessingLine -- Saving screenshot to /home/hafidz/Documents/Belajar/Alterra_Qualiry_Engineer/QE_Muhammad_Hafidz/Capstone_Complete/Capstone_Web/target/site/serenity/55f05ed073c916ad7f37cbe63fafe86a7f9cb3056e5b2c3bca195735dfdf910c.png
  &amp#27;[32mThen &amp#27;[0m&amp#27;[32mI should not see content detail page&amp#27;[0m                 &amp#27;[90m# starter.stepdefinitions.ManageContent.GoToContentDetailPage.iShouldNotSeeContentDetailPage()&amp#27;[0m
15:34:09.351 [main] INFO  -- 
  _____   ___   ___   _____     ___     _     ___   ___   ___   ___  
 |_   _| | __| / __| |_   _|   | _ \   /_\   / __| / __| | __| |   \ 
   | |   | _|  \__ \   | |     |  _/  / _ \  \__ \ \__ \ | _|  | |) |
   |_|   |___| |___/   |_|     |_|   /_/ \_\ |___/ |___/ |___| |___/ 

Successful to detail route page with wrong button
----------------------------------------------------------------------
]]></system-out>
    <system-err><![CDATA[Jun 26, 2024 3:34:04 PM org.openqa.selenium.devtools.CdpVersionFinder findNearestMatch
WARNING: Unable to find an exact match for CDP version 124, returning the closest version; found: 122; Please update to a Selenium version that supports CDP version 124
]]></system-err>
  </testcase>
  <testcase name="Successful to detail route page with click right button #1" classname="Manage User Route" time="8.433">
    <system-out><![CDATA[15:34:09.465 [main] DEBUG io.cucumber.core.plugin.SerenityReporter -- Running feature from file:///home/hafidz/Documents/Belajar/Alterra_Qualiry_Engineer/QE_Muhammad_Hafidz/Capstone_Complete/Capstone_Web/src/test/resources/features/ManageRoute/ManageDetailRoute.feature
15:34:09.470 [main] DEBUG net.thucydides.core.steps.StepEventBus -- Test suite started for story net.thucydides.model.domain.Story@71b38500
15:34:09.470 [main] INFO  -- Test Suite Started: Manage User Route

Scenario: Successful to detail route page with click right button &amp#27;[90m# src/test/resources/features/ManageRoute/ManageDetailRoute.feature:5&amp#27;[0m
15:34:09.484 [main] DEBUG io.cucumber.core.plugin.SerenityReporter -- Running feature from file:///home/hafidz/Documents/Belajar/Alterra_Qualiry_Engineer/QE_Muhammad_Hafidz/Capstone_Complete/Capstone_Web/src/test/resources/features/ManageRoute/ManageDetailRoute.feature
15:34:09.491 [main] INFO  -- 
  _____   ___   ___   _____     ___   _____     _     ___   _____   ___   ___  
 |_   _| | __| / __| |_   _|   / __| |_   _|   /_\   | _ \ |_   _| | __| |   \ 
   | |   | _|  \__ \   | |     \__ \   | |    / _ \  |   /   | |   | _|  | |) |
   |_|   |___| |___/   |_|     |___/   |_|   /_/ \_\ |_|_\   |_|   |___| |___/ 

Successful to detail route page with click right button(manage-user-route;successful-to-detail-route-page-with-click-right-button)
--------------------------------------------------------------------------------
15:34:09.632 [main] INFO net.serenitybdd.core.webdriver.driverproviders.ChromeDriverProvider -- Starting Chrome driver instance with capabilities:
15:34:09.633 [main] INFO net.serenitybdd.core.webdriver.driverproviders.ChromeDriverProvider -- Capabilities {acceptInsecureCerts: false, browserName: chrome, goog:chromeOptions: {args: [remote-allow-origins=*], extensions: []}}
15:34:11.382 [main] DEBUG net.serenitybdd.core.photography.Darkroom -- Opening darkroom
15:34:11.383 [Darkroom Processing Line] DEBUG net.serenitybdd.core.photography.DarkroomProcessingLine -- Darkroom processing line starting up
15:34:11.843 [main] DEBUG net.serenitybdd.core.photography.Darkroom -- Send negative for processing for /home/hafidz/Documents/Belajar/Alterra_Qualiry_Engineer/QE_Muhammad_Hafidz/Capstone_Complete/Capstone_Web/target/site/serenity/3515998c746d8fe25c22044d2721e642862aa65dbe9756beea0879fa6718d9a4.png
15:34:11.843 [main] DEBUG net.thucydides.core.steps.StepInterceptor -- STARTING STEP: Login.givenIAmOnTheLoginPage - verifyThatImOnLoginPage
15:34:11.879 [main] DEBUG net.thucydides.core.steps.StepInterceptor -- STEP DONE: verifyThatImOnLoginPage
  &amp#27;[32mGiven &amp#27;[0m&amp#27;[32mI am on the login page&amp#27;[0m                                    &amp#27;[90m# starter.stepdefinitions.Login.Login.givenIAmOnTheLoginPage()&amp#27;[0m
15:34:12.631 [main] DEBUG net.serenitybdd.core.photography.Darkroom -- Send negative for processing for /home/hafidz/Documents/Belajar/Alterra_Qualiry_Engineer/QE_Muhammad_Hafidz/Capstone_Complete/Capstone_Web/target/site/serenity/1d128b0940fb82c690d480ae818cdf19ff613a9fff1d77a120c44d07d7001b05.png
15:34:12.631 [Darkroom Processing Line] DEBUG net.serenitybdd.core.photography.DarkroomProcessingLine -- Processing screenshot image in /var/screenshots/screenshot-7696292899606717685
15:34:12.631 [Darkroom Processing Line] DEBUG net.serenitybdd.core.photography.DarkroomProcessingLine -- Saving screenshot to /home/hafidz/Documents/Belajar/Alterra_Qualiry_Engineer/QE_Muhammad_Hafidz/Capstone_Complete/Capstone_Web/target/site/serenity/1d128b0940fb82c690d480ae818cdf19ff613a9fff1d77a120c44d07d7001b05.png
15:34:12.631 [main] DEBUG net.thucydides.core.steps.StepInterceptor -- STARTING STEP: Login.whenIEnterTheUsername - writeUsername
15:34:13.294 [main] DEBUG net.serenitybdd.core.photography.Darkroom -- Send negative for processing for /home/hafidz/Documents/Belajar/Alterra_Qualiry_Engineer/QE_Muhammad_Hafidz/Capstone_Complete/Capstone_Web/target/site/serenity/1387ff48b83d36a0d2e163235efa7acd865170c6b0a22285ddc59e592a25ff96.png
15:34:13.295 [main] DEBUG net.thucydides.core.steps.StepInterceptor -- STEP DONE: writeUsername
  &amp#27;[32mWhen &amp#27;[0m&amp#27;[32mI enter a valid username&amp#27;[0m                                   &amp#27;[90m# starter.stepdefinitions.Login.Login.whenIEnterTheUsername()&amp#27;[0m
15:34:13.305 [main] DEBUG net.thucydides.core.steps.StepInterceptor -- STARTING STEP: Login.whenIEnterThePassword - writePassword
15:34:13.974 [main] DEBUG net.serenitybdd.core.photography.Darkroom -- Send negative for processing for /home/hafidz/Documents/Belajar/Alterra_Qualiry_Engineer/QE_Muhammad_Hafidz/Capstone_Complete/Capstone_Web/target/site/serenity/79552236a517c351f19b37dcb61b66b78ddeb97bad920baa7997f04aeb416fd8.png
15:34:13.974 [Darkroom Processing Line] DEBUG net.serenitybdd.core.photography.DarkroomProcessingLine -- Processing screenshot image in /var/screenshots/screenshot-18427157932608594779
15:34:13.974 [main] DEBUG net.thucydides.core.steps.StepInterceptor -- STEP DONE: writePassword
15:34:13.974 [Darkroom Processing Line] DEBUG net.serenitybdd.core.photography.DarkroomProcessingLine -- Saving screenshot to /home/hafidz/Documents/Belajar/Alterra_Qualiry_Engineer/QE_Muhammad_Hafidz/Capstone_Complete/Capstone_Web/target/site/serenity/79552236a517c351f19b37dcb61b66b78ddeb97bad920baa7997f04aeb416fd8.png
  &amp#27;[32mAnd &amp#27;[0m&amp#27;[32mI enter a valid password&amp#27;[0m                                    &amp#27;[90m# starter.stepdefinitions.Login.Login.whenIEnterThePassword()&amp#27;[0m
15:34:13.992 [main] DEBUG net.thucydides.core.steps.StepInterceptor -- STARTING STEP: Login.whenIClickTheEnterButton - clickEnterButton
15:34:15.014 [main] DEBUG net.serenitybdd.core.photography.Darkroom -- Send negative for processing for /home/hafidz/Documents/Belajar/Alterra_Qualiry_Engineer/QE_Muhammad_Hafidz/Capstone_Complete/Capstone_Web/target/site/serenity/4d8c900d08757dadae3e20ba447071becfeef7e1d0d7d06feddbe2fab449dffe.png
15:34:15.015 [Darkroom Processing Line] DEBUG net.serenitybdd.core.photography.DarkroomProcessingLine -- Processing screenshot image in /var/screenshots/screenshot-13202705836545973118
15:34:15.015 [Darkroom Processing Line] DEBUG net.serenitybdd.core.photography.DarkroomProcessingLine -- Saving screenshot to /home/hafidz/Documents/Belajar/Alterra_Qualiry_Engineer/QE_Muhammad_Hafidz/Capstone_Complete/Capstone_Web/target/site/serenity/4d8c900d08757dadae3e20ba447071becfeef7e1d0d7d06feddbe2fab449dffe.png
15:34:15.016 [main] DEBUG net.thucydides.core.steps.StepInterceptor -- STEP DONE: clickEnterButton
  &amp#27;[32mAnd &amp#27;[0m&amp#27;[32mI click the enter button&amp#27;[0m                                    &amp#27;[90m# starter.stepdefinitions.Login.Login.whenIClickTheEnterButton()&amp#27;[0m
15:34:15.050 [main] DEBUG net.thucydides.core.steps.StepInterceptor -- STARTING STEP: Login.thenIShouldSeeTheHomepage - verifyThatImOnHomePage
15:34:15.654 [main] DEBUG net.serenitybdd.core.photography.Darkroom -- Send negative for processing for /home/hafidz/Documents/Belajar/Alterra_Qualiry_Engineer/QE_Muhammad_Hafidz/Capstone_Complete/Capstone_Web/target/site/serenity/f5c69a726f2ef96869c93ac8fe9e585f9f4c4f21ccb460da6367760e5f54f38e.png
15:34:15.655 [Darkroom Processing Line] DEBUG net.serenitybdd.core.photography.DarkroomProcessingLine -- Processing screenshot image in /var/screenshots/screenshot-15655222964499719622
15:34:15.655 [main] DEBUG net.thucydides.core.steps.StepInterceptor -- STEP DONE: verifyThatImOnHomePage
15:34:15.655 [Darkroom Processing Line] DEBUG net.serenitybdd.core.photography.DarkroomProcessingLine -- Saving screenshot to /home/hafidz/Documents/Belajar/Alterra_Qualiry_Engineer/QE_Muhammad_Hafidz/Capstone_Complete/Capstone_Web/target/site/serenity/f5c69a726f2ef96869c93ac8fe9e585f9f4c4f21ccb460da6367760e5f54f38e.png
  &amp#27;[32mThen &amp#27;[0m&amp#27;[32mI should see the homepage&amp#27;[0m                                  &amp#27;[90m# starter.stepdefinitions.Login.Login.thenIShouldSeeTheHomepage()&amp#27;[0m
15:34:16.439 [main] DEBUG net.serenitybdd.core.photography.Darkroom -- Send negative for processing for /home/hafidz/Documents/Belajar/Alterra_Qualiry_Engineer/QE_Muhammad_Hafidz/Capstone_Complete/Capstone_Web/target/site/serenity/6905acc9d16d2fee21cd85823d69a0200e4679e68a4d76020362ced47bdbc8fc.png
15:34:16.440 [Darkroom Processing Line] DEBUG net.serenitybdd.core.photography.DarkroomProcessingLine -- Processing screenshot image in /var/screenshots/screenshot-8413233024360816694
15:34:16.440 [Darkroom Processing Line] DEBUG net.serenitybdd.core.photography.DarkroomProcessingLine -- Saving screenshot to /home/hafidz/Documents/Belajar/Alterra_Qualiry_Engineer/QE_Muhammad_Hafidz/Capstone_Complete/Capstone_Web/target/site/serenity/6905acc9d16d2fee21cd85823d69a0200e4679e68a4d76020362ced47bdbc8fc.png
15:34:16.440 [main] DEBUG net.thucydides.core.steps.StepInterceptor -- STARTING STEP: ManageDetailRoute.goToManageDetailPage - clickManageRouteButton
15:34:16.981 [main] DEBUG net.serenitybdd.core.photography.Darkroom -- Send negative for processing for /home/hafidz/Documents/Belajar/Alterra_Qualiry_Engineer/QE_Muhammad_Hafidz/Capstone_Complete/Capstone_Web/target/site/serenity/f63b1a19d71ddff081e0ef7263df0f812a2ae0699de6665e0d457eca2d2ff0bf.png
15:34:16.982 [Darkroom Processing Line] DEBUG net.serenitybdd.core.photography.DarkroomProcessingLine -- Processing screenshot image in /var/screenshots/screenshot-4738027537078080164
15:34:16.982 [main] DEBUG net.thucydides.core.steps.StepInterceptor -- STEP DONE: clickManageRouteButton
15:34:16.982 [Darkroom Processing Line] DEBUG net.serenitybdd.core.photography.DarkroomProcessingLine -- Saving screenshot to /home/hafidz/Documents/Belajar/Alterra_Qualiry_Engineer/QE_Muhammad_Hafidz/Capstone_Complete/Capstone_Web/target/site/serenity/f63b1a19d71ddff081e0ef7263df0f812a2ae0699de6665e0d457eca2d2ff0bf.png
  &amp#27;[32mWhen &amp#27;[0m&amp#27;[32mI click Manage detail route Page button&amp#27;[0m                    &amp#27;[90m# starter.stepdefinitions.Route.ManageDetailRoute.goToManageDetailPage()&amp#27;[0m
  &amp#27;[32mAnd &amp#27;[0m&amp#27;[32mI click detail route button&amp#27;[0m                                 &amp#27;[90m# starter.stepdefinitions.Route.ManageDetailRoute.userDetailPage()&amp#27;[0m
15:34:17.458 [main] DEBUG net.serenitybdd.core.photography.Darkroom -- Send negative for processing for /home/hafidz/Documents/Belajar/Alterra_Qualiry_Engineer/QE_Muhammad_Hafidz/Capstone_Complete/Capstone_Web/target/site/serenity/13524d525a1d4a984223b6c3c466900876545a5241da73b12e287376ce6e762e.png
15:34:17.459 [Darkroom Processing Line] DEBUG net.serenitybdd.core.photography.DarkroomProcessingLine -- Processing screenshot image in /var/screenshots/screenshot-8459866749346552377
15:34:17.459 [Darkroom Processing Line] DEBUG net.serenitybdd.core.photography.DarkroomProcessingLine -- Saving screenshot to /home/hafidz/Documents/Belajar/Alterra_Qualiry_Engineer/QE_Muhammad_Hafidz/Capstone_Complete/Capstone_Web/target/site/serenity/13524d525a1d4a984223b6c3c466900876545a5241da73b12e287376ce6e762e.png
  &amp#27;[32mThen &amp#27;[0m&amp#27;[32mI should see the homepage detail route&amp#27;[0m                     &amp#27;[90m# starter.stepdefinitions.Route.ManageDetailRoute.VerifyhatIamOnDetailRougePage()&amp#27;[0m
15:34:17.820 [main] DEBUG net.serenitybdd.core.photography.Darkroom -- Send negative for processing for /home/hafidz/Documents/Belajar/Alterra_Qualiry_Engineer/QE_Muhammad_Hafidz/Capstone_Complete/Capstone_Web/target/site/serenity/960d9836ed076f9572c91d1b969538ee9bcf2378b9c2ab98112c84ef9a75469d.png
15:34:17.820 [Darkroom Processing Line] DEBUG net.serenitybdd.core.photography.DarkroomProcessingLine -- Processing screenshot image in /var/screenshots/screenshot-7015018324297904774
15:34:17.820 [Darkroom Processing Line] DEBUG net.serenitybdd.core.photography.DarkroomProcessingLine -- Saving screenshot to /home/hafidz/Documents/Belajar/Alterra_Qualiry_Engineer/QE_Muhammad_Hafidz/Capstone_Complete/Capstone_Web/target/site/serenity/960d9836ed076f9572c91d1b969538ee9bcf2378b9c2ab98112c84ef9a75469d.png
15:34:17.821 [main] INFO  -- 
  _____   ___   ___   _____     ___     _     ___   ___   ___   ___  
 |_   _| | __| / __| |_   _|   | _ \   /_\   / __| / __| | __| |   \ 
   | |   | _|  \__ \   | |     |  _/  / _ \  \__ \ \__ \ | _|  | |) |
   |_|   |___| |___/   |_|     |_|   /_/ \_\ |___/ |___/ |___| |___/ 

Successful to detail route page with click right button
----------------------------------------------------------------------
]]></system-out>
    <system-err><![CDATA[Jun 26, 2024 3:34:10 PM org.openqa.selenium.devtools.CdpVersionFinder findNearestMatch
WARNING: Unable to find an exact match for CDP version 124, returning the closest version; found: 122; Please update to a Selenium version that supports CDP version 124
]]></system-err>
  </testcase>
  <testcase name="Successful to detail route page with click right button #2" classname="Manage User Route" time="6.463">
    <error type="org.openqa.selenium.StaleElementReferenceException"><![CDATA[org.openqa.selenium.StaleElementReferenceException: 
stale element reference: stale element not found in the current frame
  (Session info: chrome=124.0.6367.207)
For documentation on this error, please visit: https://www.selenium.dev/documentation/webdriver/troubleshooting/errors#stale-element-reference-exception
Build info: version: '4.19.0', revision: '5f9cec8963'
System info: os.name: 'Linux', os.arch: 'amd64', os.version: '6.5.0-35-generic', java.version: '17.0.11'
Driver info: org.openqa.selenium.chrome.ChromeDriver
Command: [920907a392327c8fe1664f3238c5c80d, clickElement {id=f.C473B87D0EC41B1A9EAE8EF40074F631.d.326C068F5BE7FFA9E8D9417A19587055.e.59}]
Capabilities {acceptInsecureCerts: false, browserName: chrome, browserVersion: 124.0.6367.207, chrome: {chromedriverVersion: 124.0.6367.207 (a9001a6e39f..., userDataDir: /tmp/.org.chromium.Chromium...}, fedcm:accounts: true, goog:chromeOptions: {debuggerAddress: localhost:44947}, networkConnectionEnabled: false, pageLoadStrategy: normal, platformName: linux, proxy: Proxy(), se:cdp: ws://localhost:44947/devtoo..., se:cdpVersion: 124.0.6367.207, setWindowRect: true, strictFileInteractability: false, timeouts: {implicit: 0, pageLoad: 300000, script: 30000}, unhandledPromptBehavior: dismiss and notify, webauthn:extension:credBlob: true, webauthn:extension:largeBlob: true, webauthn:extension:minPinLength: true, webauthn:extension:prf: true, webauthn:virtualAuthenticators: true}
Element: [[ChromeDriver: chrome on linux (920907a392327c8fe1664f3238c5c80d)] -> xpath: //*[@id="root"]/div/main/div/div[2]/div/div/table/tbody/tr[1]/td[3]]
Session ID: 920907a392327c8fe1664f3238c5c80d
]]></error>
    <system-out><![CDATA[
Scenario: Successful to detail route page with click right button &amp#27;[90m# src/test/resources/features/ManageRoute/ManageDetailRoute.feature:15&amp#27;[0m
15:34:17.910 [main] DEBUG io.cucumber.core.plugin.SerenityReporter -- Running feature from file:///home/hafidz/Documents/Belajar/Alterra_Qualiry_Engineer/QE_Muhammad_Hafidz/Capstone_Complete/Capstone_Web/src/test/resources/features/ManageRoute/ManageDetailRoute.feature
15:34:18.009 [main] INFO net.serenitybdd.core.webdriver.driverproviders.ChromeDriverProvider -- Starting Chrome driver instance with capabilities:
15:34:18.009 [main] INFO net.serenitybdd.core.webdriver.driverproviders.ChromeDriverProvider -- Capabilities {acceptInsecureCerts: false, browserName: chrome, goog:chromeOptions: {args: [remote-allow-origins=*], extensions: []}}
15:34:20.146 [main] DEBUG net.serenitybdd.core.photography.Darkroom -- Send negative for processing for /home/hafidz/Documents/Belajar/Alterra_Qualiry_Engineer/QE_Muhammad_Hafidz/Capstone_Complete/Capstone_Web/target/site/serenity/b830a66d622f15efa626b070c07c4853be1e3c07959774cbea92856fe0533da6.png
15:34:20.146 [Darkroom Processing Line] DEBUG net.serenitybdd.core.photography.DarkroomProcessingLine -- Processing screenshot image in /var/screenshots/screenshot-9699243250579701424
15:34:20.146 [Darkroom Processing Line] DEBUG net.serenitybdd.core.photography.DarkroomProcessingLine -- Saving screenshot to /home/hafidz/Documents/Belajar/Alterra_Qualiry_Engineer/QE_Muhammad_Hafidz/Capstone_Complete/Capstone_Web/target/site/serenity/b830a66d622f15efa626b070c07c4853be1e3c07959774cbea92856fe0533da6.png
15:34:20.146 [main] DEBUG net.thucydides.core.steps.StepInterceptor -- STARTING STEP: Login.givenIAmOnTheLoginPage - verifyThatImOnLoginPage
15:34:20.185 [main] DEBUG net.thucydides.core.steps.StepInterceptor -- STEP DONE: verifyThatImOnLoginPage
  &amp#27;[32mGiven &amp#27;[0m&amp#27;[32mI am on the login page&amp#27;[0m                                    &amp#27;[90m# starter.stepdefinitions.Login.Login.givenIAmOnTheLoginPage()&amp#27;[0m
15:34:20.194 [main] DEBUG net.thucydides.core.steps.StepInterceptor -- STARTING STEP: Login.whenIEnterTheUsername - writeUsername
15:34:21.050 [main] DEBUG net.serenitybdd.core.photography.Darkroom -- Send negative for processing for /home/hafidz/Documents/Belajar/Alterra_Qualiry_Engineer/QE_Muhammad_Hafidz/Capstone_Complete/Capstone_Web/target/site/serenity/b2c0c5f6d4404ef094637487fa9b56a57c8a9433d321fa43cf9e3c1887d9f603.png
15:34:21.051 [main] DEBUG net.thucydides.core.steps.StepInterceptor -- STEP DONE: writeUsername
  &amp#27;[32mWhen &amp#27;[0m&amp#27;[32mI enter a valid username&amp#27;[0m                                   &amp#27;[90m# starter.stepdefinitions.Login.Login.whenIEnterTheUsername()&amp#27;[0m
15:34:21.061 [main] DEBUG net.thucydides.core.steps.StepInterceptor -- STARTING STEP: Login.whenIEnterThePassword - writePassword
15:34:21.663 [main] DEBUG net.serenitybdd.core.photography.Darkroom -- Send negative for processing for /home/hafidz/Documents/Belajar/Alterra_Qualiry_Engineer/QE_Muhammad_Hafidz/Capstone_Complete/Capstone_Web/target/site/serenity/0393ae2e593390a4ddc2e51e8c26974c665cb0c99becba6fbcb2c24c0c3dd4bd.png
15:34:21.663 [main] DEBUG net.thucydides.core.steps.StepInterceptor -- STEP DONE: writePassword
  &amp#27;[32mAnd &amp#27;[0m&amp#27;[32mI enter a valid password&amp#27;[0m                                    &amp#27;[90m# starter.stepdefinitions.Login.Login.whenIEnterThePassword()&amp#27;[0m
15:34:21.671 [main] DEBUG net.thucydides.core.steps.StepInterceptor -- STARTING STEP: Login.whenIClickTheEnterButton - clickEnterButton
15:34:22.343 [main] DEBUG net.serenitybdd.core.photography.Darkroom -- Send negative for processing for /home/hafidz/Documents/Belajar/Alterra_Qualiry_Engineer/QE_Muhammad_Hafidz/Capstone_Complete/Capstone_Web/target/site/serenity/31ecb641a03005954a5abbf245eb67ec26de4d513e374f1766fa63d53b925434.png
15:34:22.343 [main] DEBUG net.thucydides.core.steps.StepInterceptor -- STEP DONE: clickEnterButton
  &amp#27;[32mAnd &amp#27;[0m&amp#27;[32mI click the enter button&amp#27;[0m                                    &amp#27;[90m# starter.stepdefinitions.Login.Login.whenIClickTheEnterButton()&amp#27;[0m
15:34:22.363 [main] DEBUG net.thucydides.core.steps.StepInterceptor -- STARTING STEP: Login.thenIShouldSeeTheHomepage - verifyThatImOnHomePage
15:34:22.825 [main] DEBUG net.serenitybdd.core.photography.Darkroom -- Send negative for processing for /home/hafidz/Documents/Belajar/Alterra_Qualiry_Engineer/QE_Muhammad_Hafidz/Capstone_Complete/Capstone_Web/target/site/serenity/0008e8a433504683bde1c9b08e0907a5b6e1c278f1584ad7c833b76e6177645c.png
15:34:22.825 [Darkroom Processing Line] DEBUG net.serenitybdd.core.photography.DarkroomProcessingLine -- Processing screenshot image in /var/screenshots/screenshot-11192693707746863141
15:34:22.826 [Darkroom Processing Line] DEBUG net.serenitybdd.core.photography.DarkroomProcessingLine -- Saving screenshot to /home/hafidz/Documents/Belajar/Alterra_Qualiry_Engineer/QE_Muhammad_Hafidz/Capstone_Complete/Capstone_Web/target/site/serenity/0008e8a433504683bde1c9b08e0907a5b6e1c278f1584ad7c833b76e6177645c.png
15:34:22.826 [main] DEBUG net.thucydides.core.steps.StepInterceptor -- STEP DONE: verifyThatImOnHomePage
  &amp#27;[32mThen &amp#27;[0m&amp#27;[32mI should see the homepage&amp#27;[0m                                  &amp#27;[90m# starter.stepdefinitions.Login.Login.thenIShouldSeeTheHomepage()&amp#27;[0m
15:34:23.213 [main] DEBUG net.serenitybdd.core.photography.Darkroom -- Send negative for processing for /home/hafidz/Documents/Belajar/Alterra_Qualiry_Engineer/QE_Muhammad_Hafidz/Capstone_Complete/Capstone_Web/target/site/serenity/9ccefb784d6f6ca3f566414237ae825c2d510d34473d7c4aba8724cfaa608598.png
15:34:23.214 [Darkroom Processing Line] DEBUG net.serenitybdd.core.photography.DarkroomProcessingLine -- Processing screenshot image in /var/screenshots/screenshot-5655776212567891074
15:34:23.214 [Darkroom Processing Line] DEBUG net.serenitybdd.core.photography.DarkroomProcessingLine -- Saving screenshot to /home/hafidz/Documents/Belajar/Alterra_Qualiry_Engineer/QE_Muhammad_Hafidz/Capstone_Complete/Capstone_Web/target/site/serenity/9ccefb784d6f6ca3f566414237ae825c2d510d34473d7c4aba8724cfaa608598.png
15:34:23.214 [main] DEBUG net.thucydides.core.steps.StepInterceptor -- STARTING STEP: ManageDetailRoute.ClickWrongDetailPage - clickManageRouteButton
15:34:23.742 [main] DEBUG net.serenitybdd.core.photography.Darkroom -- Send negative for processing for /home/hafidz/Documents/Belajar/Alterra_Qualiry_Engineer/QE_Muhammad_Hafidz/Capstone_Complete/Capstone_Web/target/site/serenity/53bccde7e5358ed1158c5b70ec192ca160c70f850dd0038a58c139f623ec308d.png
15:34:23.742 [Darkroom Processing Line] DEBUG net.serenitybdd.core.photography.DarkroomProcessingLine -- Processing screenshot image in /var/screenshots/screenshot-463031418875410423
15:34:23.742 [Darkroom Processing Line] DEBUG net.serenitybdd.core.photography.DarkroomProcessingLine -- Saving screenshot to /home/hafidz/Documents/Belajar/Alterra_Qualiry_Engineer/QE_Muhammad_Hafidz/Capstone_Complete/Capstone_Web/target/site/serenity/53bccde7e5358ed1158c5b70ec192ca160c70f850dd0038a58c139f623ec308d.png
15:34:23.742 [main] DEBUG net.thucydides.core.steps.StepInterceptor -- STEP DONE: clickManageRouteButton
  &amp#27;[32mWhen &amp#27;[0m&amp#27;[32mI click wrong Manage detail route Page button&amp#27;[0m              &amp#27;[90m# starter.stepdefinitions.Route.ManageDetailRoute.ClickWrongDetailPage()&amp#27;[0m
15:34:24.062 [main] DEBUG net.serenitybdd.core.photography.Darkroom -- Send negative for processing for /home/hafidz/Documents/Belajar/Alterra_Qualiry_Engineer/QE_Muhammad_Hafidz/Capstone_Complete/Capstone_Web/target/site/serenity/24099fd694251b204ebb5dc6c8dd07ebe8b9fc7393a1ff3526c19c1a7ecb920f.png
15:34:24.062 [Darkroom Processing Line] DEBUG net.serenitybdd.core.photography.DarkroomProcessingLine -- Processing screenshot image in /var/screenshots/screenshot-7214725118941250519
15:34:24.062 [Darkroom Processing Line] DEBUG net.serenitybdd.core.photography.DarkroomProcessingLine -- Saving screenshot to /home/hafidz/Documents/Belajar/Alterra_Qualiry_Engineer/QE_Muhammad_Hafidz/Capstone_Complete/Capstone_Web/target/site/serenity/24099fd694251b204ebb5dc6c8dd07ebe8b9fc7393a1ff3526c19c1a7ecb920f.png
  &amp#27;[31mAnd &amp#27;[0m&amp#27;[31mI click detail route button&amp#27;[0m                                 &amp#27;[90m# starter.stepdefinitions.Route.ManageDetailRoute.userDetailPage()&amp#27;[0m
      &amp#27;[31morg.openqa.selenium.StaleElementReferenceException: stale element reference: stale element not found in the current frame
  (Session info: chrome=124.0.6367.207)
For documentation on this error, please visit: https://www.selenium.dev/documentation/webdriver/troubleshooting/errors#stale-element-reference-exception
Build info: version: '4.19.0', revision: '5f9cec8963'
System info: os.name: 'Linux', os.arch: 'amd64', os.version: '6.5.0-35-generic', java.version: '17.0.11'
Driver info: org.openqa.selenium.chrome.ChromeDriver
Command: [920907a392327c8fe1664f3238c5c80d, clickElement {id=f.C473B87D0EC41B1A9EAE8EF40074F631.d.326C068F5BE7FFA9E8D9417A19587055.e.59}]
Capabilities {acceptInsecureCerts: false, browserName: chrome, browserVersion: 124.0.6367.207, chrome: {chromedriverVersion: 124.0.6367.207 (a9001a6e39f..., userDataDir: /tmp/.org.chromium.Chromium...}, fedcm:accounts: true, goog:chromeOptions: {debuggerAddress: localhost:44947}, networkConnectionEnabled: false, pageLoadStrategy: normal, platformName: linux, proxy: Proxy(), se:cdp: ws://localhost:44947/devtoo..., se:cdpVersion: 124.0.6367.207, setWindowRect: true, strictFileInteractability: false, timeouts: {implicit: 0, pageLoad: 300000, script: 30000}, unhandledPromptBehavior: dismiss and notify, webauthn:extension:credBlob: true, webauthn:extension:largeBlob: true, webauthn:extension:minPinLength: true, webauthn:extension:prf: true, webauthn:virtualAuthenticators: true}
Element: [[ChromeDriver: chrome on linux (920907a392327c8fe1664f3238c5c80d)] -> xpath: //*[@id="root"]/div/main/div/div[2]/div/div/table/tbody/tr[1]/td[3]]
Session ID: 920907a392327c8fe1664f3238c5c80d
	at java.base/jdk.internal.reflect.NativeConstructorAccessorImpl.newInstance0(Native Method)
	at java.base/jdk.internal.reflect.NativeConstructorAccessorImpl.newInstance(NativeConstructorAccessorImpl.java:77)
	at java.base/jdk.internal.reflect.DelegatingConstructorAccessorImpl.newInstance(DelegatingConstructorAccessorImpl.java:45)
	at java.base/java.lang.reflect.Constructor.newInstanceWithCaller(Constructor.java:499)
	at java.base/java.lang.reflect.Constructor.newInstance(Constructor.java:480)
	at org.openqa.selenium.remote.ErrorCodec.decode(ErrorCodec.java:167)
	at org.openqa.selenium.remote.codec.w3c.W3CHttpResponseCodec.decode(W3CHttpResponseCodec.java:138)
	at org.openqa.selenium.remote.codec.w3c.W3CHttpResponseCodec.decode(W3CHttpResponseCodec.java:50)
	at org.openqa.selenium.remote.HttpCommandExecutor.execute(HttpCommandExecutor.java:190)
	at org.openqa.selenium.remote.service.DriverCommandExecutor.invokeExecute(DriverCommandExecutor.java:216)
	at org.openqa.selenium.remote.service.DriverCommandExecutor.execute(DriverCommandExecutor.java:174)
	at org.openqa.selenium.remote.RemoteWebDriver.execute(RemoteWebDriver.java:519)
	at org.openqa.selenium.remote.RemoteWebElement.execute(RemoteWebElement.java:223)
	at org.openqa.selenium.remote.RemoteWebElement.click(RemoteWebElement.java:76)
	at net.serenitybdd.core.pages.WebElementFacadeImpl.lambda$click$6(WebElementFacadeImpl.java:1230)
	at net.serenitybdd.core.pages.WithRetries.perform(WithRetries.java:22)
	at net.serenitybdd.core.pages.WebElementFacadeImpl.click(WebElementFacadeImpl.java:1230)
	at net.serenitybdd.core.pages.WebElementFacadeImpl.click(WebElementFacadeImpl.java:1241)
	at web.serenity.starter@1.0-SNAPSHOT/starter.pages.RoutePage.RoutePage.clickDetailRoutepage(RoutePage.java:11)
	at web.serenity.starter@1.0-SNAPSHOT/starter.pages.RoutePage.RoutePage$ByteBuddy$WuZ5I1pc.clickDetailRoutepage$accessor$CypbeLsW(Unknown Source)
	at java.base/jdk.internal.reflect.NativeMethodAccessorImpl.invoke0(Native Method)
	at java.base/jdk.internal.reflect.NativeMethodAccessorImpl.invoke(NativeMethodAccessorImpl.java:77)
	at java.base/jdk.internal.reflect.DelegatingMethodAccessorImpl.invoke(DelegatingMethodAccessorImpl.java:43)
	at java.base/java.lang.reflect.Method.invoke(Method.java:568)
	at net.thucydides.core.steps.BaseMethodRunner.invokeMethod(BaseMethodRunner.java:18)
	at net.thucydides.core.steps.NormalMethodRunner.invokeMethodAndNotifyFailures(NormalMethodRunner.java:18)
	at net.thucydides.core.steps.StepInterceptor.runNormalMethod(StepInterceptor.java:425)
	at net.thucydides.core.steps.StepInterceptor.testStepResult(StepInterceptor.java:200)
	at net.thucydides.core.steps.StepInterceptor.intercept(StepInterceptor.java:93)
	at net.thucydides.core.steps.ProxyConfiguration$InterceptorDispatcher.intercept(ProxyConfiguration.java:51)
	at web.serenity.starter@1.0-SNAPSHOT/starter.pages.RoutePage.RoutePage$ByteBuddy$WuZ5I1pc.clickDetailRoutepage(Unknown Source)
	at web.serenity.starter@1.0-SNAPSHOT/starter.stepdefinitions.Route.ManageDetailRoute.userDetailPage(ManageDetailRoute.java:32)
	at ✽.I click detail route button(file:///home/hafidz/Documents/Belajar/Alterra_Qualiry_Engineer/QE_Muhammad_Hafidz/Capstone_Complete/Capstone_Web/src/test/resources/features/ManageRoute/ManageDetailRoute.feature:22)
&amp#27;[0m
  &amp#27;[36mThen &amp#27;[0m&amp#27;[36mI should not see the homepage detail route&amp#27;[0m                 &amp#27;[90m# starter.stepdefinitions.UserDetailPage.GoToManageUserDetail.iShouldNotSeeTheHomepageDetailRoute()&amp#27;[0m
15:34:24.217 [main] ERROR  -- 
  _____   ___   ___   _____     ___   ___   ___    ___    ___ 
 |_   _| | __| / __| |_   _|   | __| | _ \ | _ \  / _ \  | _ \
   | |   | _|  \__ \   | |     | _|  |   / |   / | (_) | |   /
   |_|   |___| |___/   |_|     |___| |_|_\ |_|_\  \___/  |_|_\

Successful to detail route page with click right button
---------------------------------------------------------------
15:34:24.222 [main] DEBUG  -- RELATED ISSUES: 
15:34:24.224 [main] ERROR  --     Test failed at step: Click detail routepage
15:34:24.224 [main] ERROR  --     stale element reference: stale element not found in the current frame
]]></system-out>
    <system-err><![CDATA[Jun 26, 2024 3:34:19 PM org.openqa.selenium.devtools.CdpVersionFinder findNearestMatch
WARNING: Unable to find an exact match for CDP version 124, returning the closest version; found: 122; Please update to a Selenium version that supports CDP version 124
]]></system-err>
  </testcase>
  <testcase name="Successfuly Create Male User" classname="Create User" time="11.034">
    <error type="org.openqa.selenium.NoSuchElementException"><![CDATA[org.openqa.selenium.NoSuchElementException: 
no such element: Unable to locate element: {"method":"css selector","selector":"#\/\/\*\[\@id\=\"no_telepon\"\]"}
  (Session info: chrome=124.0.6367.207)
For documentation on this error, please visit: https://www.selenium.dev/documentation/webdriver/troubleshooting/errors#no-such-element-exception
Build info: version: '4.19.0', revision: '5f9cec8963'
System info: os.name: 'Linux', os.arch: 'amd64', os.version: '6.5.0-35-generic', java.version: '17.0.11'
Driver info: org.openqa.selenium.chrome.ChromeDriver
Command: [b16615f216d7bf5607615dd085db0f2e, findElement {using=id, value=//*[@id="no_telepon"]}]
[...]
15:34:43.921 [Darkroom Processing Line] DEBUG net.serenitybdd.core.photography.DarkroomProcessingLine -- Darkroom processing line starting up
15:34:44.238 [main] DEBUG net.serenitybdd.core.photography.Darkroom -- Send negative for processing for /home/hafidz/Documents/Belajar/Alterra_Qualiry_Engineer/QE_Muhammad_Hafidz/Capstone_Complete/Capstone_Web/target/site/serenity/2d3f1e5572f398266fdb71b51a503c7b0dbf564f13ed6ddbde227cca9d33f39d.png
15:34:44.239 [main] DEBUG net.thucydides.core.steps.StepInterceptor -- STARTING STEP: Login.givenIAmOnTheLoginPage - verifyThatImOnLoginPage
15:34:44.287 [main] DEBUG net.thucydides.core.steps.StepInterceptor -- STEP DONE: verifyThatImOnLoginPage
  &amp#27;[32mGiven &amp#27;[0m&amp#27;[32mI am on the login page&amp#27;[0m                                      &amp#27;[90m# starter.stepdefinitions.Login.Login.givenIAmOnTheLoginPage()&amp#27;[0m
15:34:44.459 [main] DEBUG net.serenitybdd.core.photography.Darkroom -- Send negative for processing for /home/hafidz/Documents/Belajar/Alterra_Qualiry_Engineer/QE_Muhammad_Hafidz/Capstone_Complete/Capstone_Web/target/site/serenity/aa8b89681495e176201ed9c60029d506996021b794e88692ea67b1a40c4a4375.png
15:34:44.467 [main] DEBUG net.thucydides.core.steps.StepInterceptor -- STARTING STEP: Login.whenIEnterTheUsername - writeUsername
15:34:45.364 [main] DEBUG net.serenitybdd.core.photography.Darkroom -- Send negative for processing for /home/hafidz/Documents/Belajar/Alterra_Qualiry_Engineer/QE_Muhammad_Hafidz/Capstone_Complete/Capstone_Web/target/site/serenity/dfeec635b21736f282ea51551d981be34ea9ab9f132ea96e02d94cd800ed2a81.png
15:34:45.364 [main] DEBUG net.thucydides.core.steps.StepInterceptor -- STEP DONE: writeUsername
  &amp#27;[32mWhen &amp#27;[0m&amp#27;[32mI enter a valid username&amp#27;[0m                                     &amp#27;[90m# starter.stepdefinitions.Login.Login.whenIEnterTheUsername()&amp#27;[0m
15:34:45.376 [main] DEBUG net.thucydides.core.steps.StepInterceptor -- STARTING STEP: Login.whenIEnterThePassword - writePassword
15:34:46.016 [main] DEBUG net.serenitybdd.core.photography.Darkroom -- Send negative for processing for /home/hafidz/Documents/Belajar/Alterra_Qualiry_Engineer/QE_Muhammad_Hafidz/Capstone_Complete/Capstone_Web/target/site/serenity/15aa2013d1d5f4e6f6a346159e517ace986d05d4b9b44973ba1e5eff2a89c4d1.png
15:34:46.016 [main] DEBUG net.thucydides.core.steps.StepInterceptor -- STEP DONE: writePassword
15:34:46.016 [Darkroom Processing Line] DEBUG net.serenitybdd.core.photography.DarkroomProcessingLine -- Processing screenshot image in /var/screenshots/screenshot-5312866617443281501
15:34:46.016 [Darkroom Processing Line] DEBUG net.serenitybdd.core.photography.DarkroomProcessingLine -- Saving screenshot to /home/hafidz/Documents/Belajar/Alterra_Qualiry_Engineer/QE_Muhammad_Hafidz/Capstone_Complete/Capstone_Web/target/site/serenity/15aa2013d1d5f4e6f6a346159e517ace986d05d4b9b44973ba1e5eff2a89c4d1.png
  &amp#27;[32mAnd &amp#27;[0m&amp#27;[32mI enter a valid password&amp#27;[0m                                      &amp#27;[90m# starter.stepdefinitions.Login.Login.whenIEnterThePassword()&amp#27;[0m
15:34:46.028 [main] DEBUG net.thucydides.core.steps.StepInterceptor -- STARTING STEP: Login.whenIClickTheEnterButton - clickEnterButton
15:34:46.798 [main] DEBUG net.serenitybdd.core.photography.Darkroom -- Send negative for processing for /home/hafidz/Documents/Belajar/Alterra_Qualiry_Engineer/QE_Muhammad_Hafidz/Capstone_Complete/Capstone_Web/target/site/serenity/31ecb641a03005954a5abbf245eb67ec26de4d513e374f1766fa63d53b925434.png
15:34:46.798 [main] DEBUG net.thucydides.core.steps.StepInterceptor -- STEP DONE: clickEnterButton
  &amp#27;[32mAnd &amp#27;[0m&amp#27;[32mI click the enter button&amp#27;[0m                                      &amp#27;[90m# starter.stepdefinitions.Login.Login.whenIClickTheEnterButton()&amp#27;[0m
15:34:46.815 [main] DEBUG net.thucydides.core.steps.StepInterceptor -- STARTING STEP: Login.thenIShouldSeeTheHomepage - verifyThatImOnHomePage
15:34:47.214 [main] DEBUG net.serenitybdd.core.photography.Darkroom -- Send negative for processing for /home/hafidz/Documents/Belajar/Alterra_Qualiry_Engineer/QE_Muhammad_Hafidz/Capstone_Complete/Capstone_Web/target/site/serenity/d006ca60b83b594f945fd003213e987a8a05b62362ab0d0a35355eafcbe819dd.png
15:34:47.215 [Darkroom Processing Line] DEBUG net.serenitybdd.core.photography.DarkroomProcessingLine -- Processing screenshot image in /var/screenshots/screenshot-6005487443566954439
15:34:47.215 [Darkroom Processing Line] DEBUG net.serenitybdd.core.photography.DarkroomProcessingLine -- Saving screenshot to /home/hafidz/Documents/Belajar/Alterra_Qualiry_Engineer/QE_Muhammad_Hafidz/Capstone_Complete/Capstone_Web/target/site/serenity/d006ca60b83b594f945fd003213e987a8a05b62362ab0d0a35355eafcbe819dd.png
15:34:47.215 [main] DEBUG net.thucydides.core.steps.StepInterceptor -- STEP DONE: verifyThatImOnHomePage
  &amp#27;[32mThen &amp#27;[0m&amp#27;[32mI should see the homepage&amp#27;[0m                                    &amp#27;[90m# starter.stepdefinitions.Login.Login.thenIShouldSeeTheHomepage()&amp#27;[0m
15:34:47.576 [main] DEBUG net.serenitybdd.core.photography.Darkroom -- Send negative for processing for /home/hafidz/Documents/Belajar/Alterra_Qualiry_Engineer/QE_Muhammad_Hafidz/Capstone_Complete/Capstone_Web/target/site/serenity/9ccefb784d6f6ca3f566414237ae825c2d510d34473d7c4aba8724cfaa608598.png
15:34:47.577 [main] DEBUG net.thucydides.core.steps.StepInterceptor -- STARTING STEP: GoToManageUserDetail.iClickManageUserDetailPageButton - clickManageUserDetailButton
15:34:48.060 [main] DEBUG net.serenitybdd.core.photography.Darkroom -- Send negative for processing for /home/hafidz/Documents/Belajar/Alterra_Qualiry_Engineer/QE_Muhammad_Hafidz/Capstone_Complete/Capstone_Web/target/site/serenity/63a8e80df41928540cef3a3f02d9080f113368a358cc5057857cfb8fec41d231.png
15:34:48.061 [main] DEBUG net.thucydides.core.steps.StepInterceptor -- STEP DONE: clickManageUserDetailButton
15:34:48.061 [Darkroom Processing Line] DEBUG net.serenitybdd.core.photography.DarkroomProcessingLine -- Processing screenshot image in /var/screenshots/screenshot-5672002603850519369
15:34:48.061 [Darkroom Processing Line] DEBUG net.serenitybdd.core.photography.DarkroomProcessingLine -- Saving screenshot to /home/hafidz/Documents/Belajar/Alterra_Qualiry_Engineer/QE_Muhammad_Hafidz/Capstone_Complete/Capstone_Web/target/site/serenity/63a8e80df41928540cef3a3f02d9080f113368a358cc5057857cfb8fec41d231.png
  &amp#27;[32mWhen &amp#27;[0m&amp#27;[32mI click Manage User detail Page button&amp#27;[0m                       &amp#27;[90m# starter.stepdefinitions.UserDetailPage.GoToManageUserDetail.iClickManageUserDetailPageButton()&amp#27;[0m
15:34:48.071 [main] DEBUG net.thucydides.core.steps.StepInterceptor -- STARTING STEP: GoToManageUserDetail.goToUserDetailPage - clickUserDetailButton
15:34:48.405 [main] DEBUG net.serenitybdd.core.photography.Darkroom -- Send negative for processing for /home/hafidz/Documents/Belajar/Alterra_Qualiry_Engineer/QE_Muhammad_Hafidz/Capstone_Complete/Capstone_Web/target/site/serenity/162f32d0a95b0ee6660a39eb2fde8ee93fbfb157f3fc5af92de895421281baf4.png
15:34:48.406 [main] DEBUG net.thucydides.core.steps.StepInterceptor -- STEP DONE: clickUserDetailButton
15:34:48.406 [Darkroom Processing Line] DEBUG net.serenitybdd.core.photography.DarkroomProcessingLine -- Processing screenshot image in /var/screenshots/screenshot-15686677079612212237
15:34:48.406 [Darkroom Processing Line] DEBUG net.serenitybdd.core.photography.DarkroomProcessingLine -- Saving screenshot to /home/hafidz/Documents/Belajar/Alterra_Qualiry_Engineer/QE_Muhammad_Hafidz/Capstone_Complete/Capstone_Web/target/site/serenity/162f32d0a95b0ee6660a39eb2fde8ee93fbfb157f3fc5af92de895421281baf4.png
  &amp#27;[32mAnd &amp#27;[0m&amp#27;[32mI click user detail button&amp#27;[0m                                    &amp#27;[90m# starter.stepdefinitions.UserDetailPage.GoToManageUserDetail.goToUserDetailPage()&amp#27;[0m
  &amp#27;[32mThen &amp#27;[0m&amp#27;[32mI should see the homepage user detail&amp#27;[0m                        &amp#27;[90m# starter.stepdefinitions.UserDetailPage.GoToManageUserDetail.iShouldSeeTheHomepageUserDetail()&amp#27;[0m
15:34:48.446 [main] INFO  -- 
  _____   ___   ___   _____     ___     _     ___   ___   ___   ___  
 |_   _| | __| / __| |_   _|   | _ \   /_\   / __| / __| | __| |   \ 
   | |   | _|  \__ \   | |     |  _/  / _ \  \__ \ \__ \ | _|  | |) |
   |_|   |___| |___/   |_|     |_|   /_/ \_\ |___/ |___/ |___| |___/ 

Successful fo to user detail page with click right button
----------------------------------------------------------------------
]]></system-out>
    <system-err><![CDATA[Jun 26, 2024 3:34:43 PM org.openqa.selenium.devtools.CdpVersionFinder findNearestMatch
WARNING: Unable to find an exact match for CDP version 124, returning the closest version; found: 122; Please update to a Selenium version that supports CDP version 124
]]></system-err>
  </testcase>
  <testcase name="Failed fo to user detail page with click right button" classname="Manage User Detail" time="5.927">
    <system-out><![CDATA[
Scenario: Failed fo to user detail page with click right button &amp#27;[90m# src/test/resources/features/UserDetail/ManageUserDetail.feature:15&amp#27;[0m
15:34:48.576 [main] DEBUG io.cucumber.core.plugin.SerenityReporter -- Running feature from file:///home/hafidz/Documents/Belajar/Alterra_Qualiry_Engineer/QE_Muhammad_Hafidz/Capstone_Complete/Capstone_Web/src/test/resources/features/UserDetail/ManageUserDetail.feature
15:34:48.580 [main] INFO  -- 
  _____   ___   ___   _____     ___   _____     _     ___   _____   ___   ___  
 |_   _| | __| / __| |_   _|   / __| |_   _|   /_\   | _ \ |_   _| | __| |   \ 
   | |   | _|  \__ \   | |     \__ \   | |    / _ \  |   /   | |   | _|  | |) |
   |_|   |___| |___/   |_|     |___/   |_|   /_/ \_\ |_|_\   |_|   |___| |___/ 

Failed fo to user detail page with click right button(manage-user-detail;failed-fo-to-user-detail-page-with-click-right-button)
--------------------------------------------------------------------------------
15:34:48.721 [main] INFO net.serenitybdd.core.webdriver.driverproviders.ChromeDriverProvider -- Starting Chrome driver instance with capabilities:
15:34:48.721 [main] INFO net.serenitybdd.core.webdriver.driverproviders.ChromeDriverProvider -- Capabilities {acceptInsecureCerts: false, browserName: chrome, goog:chromeOptions: {args: [remote-allow-origins=*], extensions: []}}
15:34:50.857 [main] DEBUG net.serenitybdd.core.photography.Darkroom -- Send negative for processing for /home/hafidz/Documents/Belajar/Alterra_Qualiry_Engineer/QE_Muhammad_Hafidz/Capstone_Complete/Capstone_Web/target/site/serenity/aa8b89681495e176201ed9c60029d506996021b794e88692ea67b1a40c4a4375.png
15:34:50.857 [main] DEBUG net.thucydides.core.steps.StepInterceptor -- STARTING STEP: Login.givenIAmOnTheLoginPage - verifyThatImOnLoginPage
15:34:50.893 [main] DEBUG net.thucydides.core.steps.StepInterceptor -- STEP DONE: verifyThatImOnLoginPage
  &amp#27;[32mGiven &amp#27;[0m&amp#27;[32mI am on the login page&amp#27;[0m                                  &amp#27;[90m# starter.stepdefinitions.Login.Login.givenIAmOnTheLoginPage()&amp#27;[0m
15:34:50.903 [main] DEBUG net.thucydides.core.steps.StepInterceptor -- STARTING STEP: Login.whenIEnterTheUsername - writeUsername
15:34:51.204 [main] DEBUG net.serenitybdd.core.photography.Darkroom -- Send negative for processing for /home/hafidz/Documents/Belajar/Alterra_Qualiry_Engineer/QE_Muhammad_Hafidz/Capstone_Complete/Capstone_Web/target/site/serenity/b3bf3252a04fae78aa400e3e680fcd2ff767ed00ee9fdf8949f89017ec875b7f.png
15:34:51.205 [main] DEBUG net.thucydides.core.steps.StepInterceptor -- STEP DONE: writeUsername
15:34:51.205 [Darkroom Processing Line] DEBUG net.serenitybdd.core.photography.DarkroomProcessingLine -- Processing screenshot image in /var/screenshots/screenshot-15132504928064304568
15:34:51.205 [Darkroom Processing Line] DEBUG net.serenitybdd.core.photography.DarkroomProcessingLine -- Saving screenshot to /home/hafidz/Documents/Belajar/Alterra_Qualiry_Engineer/QE_Muhammad_Hafidz/Capstone_Complete/Capstone_Web/target/site/serenity/b3bf3252a04fae78aa400e3e680fcd2ff767ed00ee9fdf8949f89017ec875b7f.png
  &amp#27;[32mWhen &amp#27;[0m&amp#27;[32mI enter a valid username&amp#27;[0m                                 &amp#27;[90m# starter.stepdefinitions.Login.Login.whenIEnterTheUsername()&amp#27;[0m
15:34:51.216 [main] DEBUG net.thucydides.core.steps.StepInterceptor -- STARTING STEP: Login.whenIEnterThePassword - writePassword
15:34:52.018 [main] DEBUG net.serenitybdd.core.photography.Darkroom -- Send negative for processing for /home/hafidz/Documents/Belajar/Alterra_Qualiry_Engineer/QE_Muhammad_Hafidz/Capstone_Complete/Capstone_Web/target/site/serenity/8df2109315603ccd07db8b87dceb646f90467104b330f7189f4274fa60a48e27.png
15:34:52.018 [Darkroom Processing Line] DEBUG net.serenitybdd.core.photography.DarkroomProcessingLine -- Processing screenshot image in /var/screenshots/screenshot-13646049351704730841
15:34:52.018 [Darkroom Processing Line] DEBUG net.serenitybdd.core.photography.DarkroomProcessingLine -- Saving screenshot to /home/hafidz/Documents/Belajar/Alterra_Qualiry_Engineer/QE_Muhammad_Hafidz/Capstone_Complete/Capstone_Web/target/site/serenity/8df2109315603ccd07db8b87dceb646f90467104b330f7189f4274fa60a48e27.png
15:34:52.018 [main] DEBUG net.thucydides.core.steps.StepInterceptor -- STEP DONE: writePassword
  &amp#27;[32mAnd &amp#27;[0m&amp#27;[32mI enter a valid password&amp#27;[0m                                  &amp#27;[90m# starter.stepdefinitions.Login.Login.whenIEnterThePassword()&amp#27;[0m
15:34:52.028 [main] DEBUG net.thucydides.core.steps.StepInterceptor -- STARTING STEP: Login.whenIClickTheEnterButton - clickEnterButton
15:34:52.717 [main] DEBUG net.serenitybdd.core.photography.Darkroom -- Send negative for processing for /home/hafidz/Documents/Belajar/Alterra_Qualiry_Engineer/QE_Muhammad_Hafidz/Capstone_Complete/Capstone_Web/target/site/serenity/4d8c900d08757dadae3e20ba447071becfeef7e1d0d7d06feddbe2fab449dffe.png
15:34:52.717 [main] DEBUG net.thucydides.core.steps.StepInterceptor -- STEP DONE: clickEnterButton
  &amp#27;[32mAnd &amp#27;[0m&amp#27;[32mI click the enter button&amp#27;[0m                                  &amp#27;[90m# starter.stepdefinitions.Login.Login.whenIClickTheEnterButton()&amp#27;[0m
15:34:52.737 [main] DEBUG net.thucydides.core.steps.StepInterceptor -- STARTING STEP: Login.thenIShouldSeeTheHomepage - verifyThatImOnHomePage
15:34:53.183 [main] DEBUG net.serenitybdd.core.photography.Darkroom -- Send negative for processing for /home/hafidz/Documents/Belajar/Alterra_Qualiry_Engineer/QE_Muhammad_Hafidz/Capstone_Complete/Capstone_Web/target/site/serenity/e62a23fdf11dff8a48ff8fbe6775e2ef9bd0f1c10a8cbe4f3fc722ab8df4d058.png
15:34:53.183 [main] DEBUG net.thucydides.core.steps.StepInterceptor -- STEP DONE: verifyThatImOnHomePage
15:34:53.183 [Darkroom Processing Line] DEBUG net.serenitybdd.core.photography.DarkroomProcessingLine -- Processing screenshot image in /var/screenshots/screenshot-257304911082938806
  &amp#27;[32mThen &amp#27;[0m&amp#27;[32mI should see the homepage&amp#27;[0m                                &amp#27;[90m# starter.stepdefinitions.Login.Login.thenIShouldSeeTheHomepage()&amp#27;[0m
15:34:53.183 [Darkroom Processing Line] DEBUG net.serenitybdd.core.photography.DarkroomProcessingLine -- Saving screenshot to /home/hafidz/Documents/Belajar/Alterra_Qualiry_Engineer/QE_Muhammad_Hafidz/Capstone_Complete/Capstone_Web/target/site/serenity/e62a23fdf11dff8a48ff8fbe6775e2ef9bd0f1c10a8cbe4f3fc722ab8df4d058.png
15:34:53.541 [main] DEBUG net.serenitybdd.core.photography.Darkroom -- Send negative for processing for /home/hafidz/Documents/Belajar/Alterra_Qualiry_Engineer/QE_Muhammad_Hafidz/Capstone_Complete/Capstone_Web/target/site/serenity/fb814939b05c3b5348f263acbf7c5bef17913fa12c61cddaf366b194be81a493.png
15:34:53.541 [Darkroom Processing Line] DEBUG net.serenitybdd.core.photography.DarkroomProcessingLine -- Processing screenshot image in /var/screenshots/screenshot-4829861802811741590
15:34:53.542 [Darkroom Processing Line] DEBUG net.serenitybdd.core.photography.DarkroomProcessingLine -- Saving screenshot to /home/hafidz/Documents/Belajar/Alterra_Qualiry_Engineer/QE_Muhammad_Hafidz/Capstone_Complete/Capstone_Web/target/site/serenity/fb814939b05c3b5348f263acbf7c5bef17913fa12c61cddaf366b194be81a493.png
15:34:53.542 [main] DEBUG net.thucydides.core.steps.StepInterceptor -- STARTING STEP: GoToManageUserDetail.iClickManageUserDetailPageButton - clickManageUserDetailButton
15:34:54.010 [main] DEBUG net.serenitybdd.core.photography.Darkroom -- Send negative for processing for /home/hafidz/Documents/Belajar/Alterra_Qualiry_Engineer/QE_Muhammad_Hafidz/Capstone_Complete/Capstone_Web/target/site/serenity/393ff7d3e56d29dfde069573e130e6e0ee55372ad3f6f456bd3d278f9d474fbc.png
15:34:54.010 [main] DEBUG net.thucydides.core.steps.StepInterceptor -- STEP DONE: clickManageUserDetailButton
  &amp#27;[32mWhen &amp#27;[0m&amp#27;[32mI click Manage User detail Page button&amp#27;[0m                   &amp#27;[90m# starter.stepdefinitions.UserDetailPage.GoToManageUserDetail.iClickManageUserDetailPageButton()&amp#27;[0m
15:34:54.020 [main] DEBUG net.thucydides.core.steps.StepInterceptor -- STARTING STEP: GoToManageUserDetail.iClickWrongUserDetailButton - clickManageUserDetailButton
15:34:54.333 [main] DEBUG net.serenitybdd.core.photography.Darkroom -- Send negative for processing for /home/hafidz/Documents/Belajar/Alterra_Qualiry_Engineer/QE_Muhammad_Hafidz/Capstone_Complete/Capstone_Web/target/site/serenity/3bda43cafd6c931123fa38e2a5e9484c5904d9d89d696e940f68b963256a1ec9.png
15:34:54.333 [main] DEBUG net.thucydides.core.steps.StepInterceptor -- STEP DONE: clickManageUserDetailButton
15:34:54.333 [Darkroom Processing Line] DEBUG net.serenitybdd.core.photography.DarkroomProcessingLine -- Processing screenshot image in /var/screenshots/screenshot-7372856939670059467
  &amp#27;[32mAnd &amp#27;[0m&amp#27;[32mI click wrong user detail button&amp#27;[0m                          &amp#27;[90m# starter.stepdefinitions.UserDetailPage.GoToManageUserDetail.iClickWrongUserDetailButton()&amp#27;[0m
15:34:54.333 [Darkroom Processing Line] DEBUG net.serenitybdd.core.photography.DarkroomProcessingLine -- Saving screenshot to /home/hafidz/Documents/Belajar/Alterra_Qualiry_Engineer/QE_Muhammad_Hafidz/Capstone_Complete/Capstone_Web/target/site/serenity/3bda43cafd6c931123fa38e2a5e9484c5904d9d89d696e940f68b963256a1ec9.png
15:34:54.348 [main] DEBUG net.thucydides.core.steps.StepInterceptor -- STARTING STEP: GoToManageUserDetail.iShouldNotSeeTheHomepageUserDetail - verifyThatImOnHomePage
15:34:54.375 [main] DEBUG net.thucydides.core.steps.StepInterceptor -- STEP DONE: verifyThatImOnHomePage
  &amp#27;[32mThen &amp#27;[0m&amp#27;[32mI should not see the user detail&amp#27;[0m                         &amp#27;[90m# starter.stepdefinitions.UserDetailPage.GoToManageUserDetail.iShouldNotSeeTheHomepageUserDetail()&amp#27;[0m
15:34:54.379 [main] INFO  -- 
  _____   ___   ___   _____     ___     _     ___   ___   ___   ___  
 |_   _| | __| / __| |_   _|   | _ \   /_\   / __| / __| | __| |   \ 
   | |   | _|  \__ \   | |     |  _/  / _ \  \__ \ \__ \ | _|  | |) |
   |_|   |___| |___/   |_|     |_|   /_/ \_\ |___/ |___/ |___| |___/ 

Failed fo to user detail page with click right button
----------------------------------------------------------------------
]]></system-out>
    <system-err><![CDATA[Jun 26, 2024 3:34:49 PM org.openqa.selenium.devtools.CdpVersionFinder findNearestMatch
WARNING: Unable to find an exact match for CDP version 124, returning the closest version; found: 122; Please update to a Selenium version that supports CDP version 124
]]></system-err>
  </testcase>
</testsuite>